\BOOKMARK [1][-]{section.1}{\376\377\000I\000n\000t\000r\000o\000d\000u\000c\000t\000i\000o\000n}{}% 1
\BOOKMARK [2][-]{subsection.1.1}{\376\377\000B\000a\000c\000k\000g\000r\000o\000u\000n\000d}{section.1}% 2
\BOOKMARK [2][-]{subsection.1.2}{\376\377\000M\000o\000t\000i\000v\000a\000t\000i\000o\000n}{section.1}% 3
\BOOKMARK [2][-]{subsection.1.3}{\376\377\000S\000c\000o\000p\000e}{section.1}% 4
\BOOKMARK [2][-]{subsection.1.4}{\376\377\000P\000r\000o\000b\000l\000e\000m\000\040\000S\000t\000a\000t\000e\000m\000e\000n\000t}{section.1}% 5
\BOOKMARK [2][-]{subsection.1.5}{\376\377\000A\000p\000p\000l\000i\000c\000a\000t\000i\000o\000n\000\040\000A\000r\000e\000a\000s}{section.1}% 6
\BOOKMARK [3][-]{subsubsection.1.5.1}{\376\377\000E\000d\000u\000c\000a\000t\000i\000o\000n\000a\000l\000\040\000I\000n\000s\000t\000i\000t\000u\000t\000e\000s\000:}{subsection.1.5}% 7
\BOOKMARK [3][-]{subsubsection.1.5.2}{\376\377\000O\000n\000l\000i\000n\000e\000\040\000T\000u\000t\000o\000r\000s}{subsection.1.5}% 8
\BOOKMARK [3][-]{subsubsection.1.5.3}{\376\377\000S\000k\000e\000t\000c\000h\000\040\000A\000r\000t\000i\000s\000t\000s}{subsection.1.5}% 9
\BOOKMARK [1][-]{section.2}{\376\377\000E\000x\000i\000s\000t\000i\000n\000g\000\040\000W\000o\000r\000k}{}% 10
\BOOKMARK [2][-]{subsection.2.1}{\376\377\000D\000e\000t\000a\000i\000l\000s\000\040\000o\000f\000\040\000E\000x\000i\000s\000t\000i\000n\000g\000\040\000W\000o\000r\000k}{section.2}% 11
\BOOKMARK [2][-]{subsection.2.2}{\376\377\000C\000o\000m\000p\000a\000r\000i\000s\000o\000n\000\040\000o\000f\000\040\000E\000x\000i\000s\000t\000i\000n\000g\000\040\000W\000o\000r\000k}{section.2}% 12
\BOOKMARK [1][-]{section.3}{\376\377\000S\000o\000f\000t\000w\000a\000r\000e\000\040\000D\000e\000v\000e\000l\000o\000p\000m\000e\000n\000t\000\040\000L\000i\000f\000e\000\040\000C\000y\000c\000l\000e}{}% 13
\BOOKMARK [2][-]{subsection.3.1}{\376\377\000S\000D\000L\000C\000\040\000U\000s\000e\000d}{section.3}% 14
\BOOKMARK [2][-]{subsection.3.2}{\376\377\000J\000u\000s\000t\000i\000f\000i\000c\000a\000t\000i\000o\000n\000\040\000f\000o\000r\000\040\000S\000D\000L\000C}{section.3}% 15
\BOOKMARK [1][-]{section.4}{\376\377\000R\000e\000q\000u\000i\000r\000e\000m\000e\000n\000t\000\040\000A\000n\000a\000l\000y\000s\000i\000s}{}% 16
\BOOKMARK [2][-]{subsection.4.1}{\376\377\000F\000u\000n\000c\000t\000i\000o\000n\000a\000l\000\040\000R\000e\000q\000u\000i\000r\000e\000m\000e\000n\000t\000s}{section.4}% 17
\BOOKMARK [2][-]{subsection.4.2}{\376\377\000N\000o\000n\000-\000f\000u\000n\000c\000t\000i\000o\000n\000a\000l\000\040\000R\000e\000q\000u\000i\000r\000e\000m\000e\000n\000t\000s}{section.4}% 18
\BOOKMARK [3][-]{subsubsection.4.2.1}{\376\377\000P\000e\000r\000f\000o\000r\000m\000a\000n\000c\000e\000\040\000R\000e\000q\000u\000i\000r\000e\000m\000e\000n\000t\000s}{subsection.4.2}% 19
\BOOKMARK [3][-]{subsubsection.4.2.2}{\376\377\000S\000e\000c\000u\000r\000i\000t\000y\000\040\000R\000e\000q\000u\000i\000r\000e\000m\000e\000n\000t\000s}{subsection.4.2}% 20
\BOOKMARK [3][-]{subsubsection.4.2.3}{\376\377\000S\000o\000f\000t\000w\000a\000r\000e\000\040\000Q\000u\000a\000l\000i\000t\000y\000\040\000A\000t\000t\000r\000i\000b\000u\000t\000e\000s}{subsection.4.2}% 21
\BOOKMARK [2][-]{subsection.4.3}{\376\377\000U\000s\000e\000r\000\040\000I\000n\000t\000e\000r\000f\000a\000c\000e\000s\000\040\000\050\000W\000e\000b\000\040\000A\000p\000p\000\051}{section.4}% 22
\BOOKMARK [3][-]{subsubsection.4.3.1}{\376\377\000M\000a\000i\000n\000\040\000p\000a\000g\000e}{subsection.4.3}% 23
\BOOKMARK [3][-]{subsubsection.4.3.2}{\376\377\000R\000e\000g\000i\000s\000t\000r\000a\000t\000i\000o\000n\000\040\000p\000a\000g\000e}{subsection.4.3}% 24
\BOOKMARK [3][-]{subsubsection.4.3.3}{\376\377\000L\000o\000g\000i\000n\000\040\000p\000a\000g\000e}{subsection.4.3}% 25
\BOOKMARK [3][-]{subsubsection.4.3.4}{\376\377\000A\000l\000l\000\040\000C\000o\000u\000r\000s\000e\000s}{subsection.4.3}% 26
\BOOKMARK [3][-]{subsubsection.4.3.5}{\376\377\000A\000d\000d\000\040\000C\000o\000u\000r\000s\000e\000s\000\040\000p\000a\000g\000e}{subsection.4.3}% 27
\BOOKMARK [3][-]{subsubsection.4.3.6}{\376\377\000C\000o\000u\000r\000s\000e\000s\000\040\000D\000e\000t\000a\000i\000l\000s}{subsection.4.3}% 28
\BOOKMARK [3][-]{subsubsection.4.3.7}{\376\377\000T\000e\000a\000c\000h\000e\000r\000s\000\040\000R\000e\000g\000i\000s\000t\000r\000a\000t\000i\000o\000n\000\040\000R\000e\000q\000u\000e\000s\000t\000s}{subsection.4.3}% 29
\BOOKMARK [3][-]{subsubsection.4.3.8}{\376\377\000S\000t\000u\000d\000e\000n\000t\000s\000\040\000R\000e\000g\000i\000s\000t\000r\000a\000t\000i\000o\000n\000\040\000R\000e\000q\000u\000e\000s\000t\000s}{subsection.4.3}% 30
\BOOKMARK [3][-]{subsubsection.4.3.9}{\376\377\000E\000n\000r\000o\000l\000l\000m\000e\000n\000t\000\040\000R\000e\000q\000u\000e\000s\000t\000s}{subsection.4.3}% 31
\BOOKMARK [3][-]{subsubsection.4.3.10}{\376\377\000L\000e\000c\000t\000u\000r\000e\000\040\000D\000e\000t\000a\000i\000l\000s}{subsection.4.3}% 32
\BOOKMARK [3][-]{subsubsection.4.3.11}{\376\377\000N\000o\000t\000e\000s}{subsection.4.3}% 33
\BOOKMARK [3][-]{subsubsection.4.3.12}{\376\377\000U\000p\000l\000o\000a\000d\000\040\000N\000o\000t\000e\000s}{subsection.4.3}% 34
\BOOKMARK [3][-]{subsubsection.4.3.13}{\376\377\000C\000o\000u\000r\000s\000e\000\040\000A\000s\000s\000i\000g\000n\000m\000e\000n\000t}{subsection.4.3}% 35
\BOOKMARK [3][-]{subsubsection.4.3.14}{\376\377\000S\000u\000b\000m\000i\000t\000\040\000A\000s\000s\000i\000g\000n\000m\000e\000n\000t}{subsection.4.3}% 36
\BOOKMARK [3][-]{subsubsection.4.3.15}{\376\377\000S\000u\000b\000m\000i\000t\000t\000e\000d\000\040\000A\000s\000s\000i\000g\000n\000m\000e\000n\000t}{subsection.4.3}% 37
\BOOKMARK [3][-]{subsubsection.4.3.16}{\376\377\000U\000p\000l\000o\000a\000d\000\040\000A\000s\000s\000i\000g\000n\000m\000e\000n\000t}{subsection.4.3}% 38
\BOOKMARK [3][-]{subsubsection.4.3.17}{\376\377\000L\000e\000c\000t\000u\000r\000e\000\040\000P\000l\000a\000y\000e\000r}{subsection.4.3}% 39
\BOOKMARK [3][-]{subsubsection.4.3.18}{\376\377\000S\000t\000u\000d\000e\000n\000t\000\040\000D\000e\000t\000a\000i\000l\000s}{subsection.4.3}% 40
\BOOKMARK [3][-]{subsubsection.4.3.19}{\376\377\000T\000e\000a\000c\000h\000e\000r\000\040\000D\000e\000t\000a\000i\000l\000s}{subsection.4.3}% 41
\BOOKMARK [3][-]{subsubsection.4.3.20}{\376\377\000P\000e\000r\000m\000i\000s\000s\000i\000o\000n\000\040\000M\000a\000n\000a\000g\000e\000m\000e\000n\000t}{subsection.4.3}% 42
\BOOKMARK [3][-]{subsubsection.4.3.21}{\376\377\000A\000d\000d\000\040\000G\000r\000o\000u\000p\000s\000\040\000f\000o\000r\000\040\000P\000e\000r\000m\000i\000s\000s\000i\000o\000n\000\040\000M\000a\000n\000a\000g\000e\000m\000e\000n\000t}{subsection.4.3}% 43
\BOOKMARK [2][-]{subsection.4.4}{\376\377\000U\000s\000e\000r\000\040\000I\000n\000t\000e\000r\000f\000a\000c\000e\000s\000\040\000\050\000O\000f\000f\000l\000i\000n\000e\000\040\000P\000l\000a\000y\000e\000r\000\051}{section.4}% 44
\BOOKMARK [3][-]{subsubsection.4.4.1}{\376\377\000L\000e\000c\000t\000u\000r\000e\000\040\000P\000l\000a\000y\000e\000r}{subsection.4.4}% 45
\BOOKMARK [3][-]{subsubsection.4.4.2}{\376\377\000T\000o\000k\000e\000n\000\040\000b\000a\000s\000e\000d\000\040\000A\000u\000t\000h\000e\000n\000t\000i\000c\000a\000t\000i\000o\000n}{subsection.4.4}% 46
\BOOKMARK [3][-]{subsubsection.4.4.3}{\376\377\000R\000u\000l\000e\000s\000\040\000a\000n\000d\000\040\000A\000s\000s\000u\000m\000p\000t\000i\000o\000n}{subsection.4.4}% 47
\BOOKMARK [3][-]{subsubsection.4.4.4}{\376\377\000M\000o\000d\000u\000l\000e\000\040\000W\000o\000r\000k\000f\000l\000o\000w\000\040\000D\000e\000s\000c\000r\000i\000p\000t\000i\000o\000n}{subsection.4.4}% 48
\BOOKMARK [2][-]{subsection.4.5}{\376\377\000U\000s\000e\000\040\000C\000a\000s\000e\000\040\000D\000i\000a\000g\000r\000a\000m}{section.4}% 49
\BOOKMARK [2][-]{subsection.4.6}{\376\377\000U\000s\000e\000\040\000C\000a\000s\000e\000s\000\050\000W\000e\000b\000\040\000A\000p\000p\000\051}{section.4}% 50
\BOOKMARK [3][-]{subsubsection.4.6.1}{\376\377\000U\000s\000e\000\040\000C\000a\000s\000e\000\040\000U\000C\000-\0001\000:\000\040\000U\000s\000e\000r\000\040\000R\000e\000g\000i\000s\000t\000r\000a\000t\000i\000o\000n}{subsection.4.6}% 51
\BOOKMARK [3][-]{subsubsection.4.6.2}{\376\377\000U\000s\000e\000\040\000C\000a\000s\000e\000\040\000U\000C\000-\0002\000:\000\040\000U\000s\000e\000r\000\040\000L\000o\000g\000i\000n}{subsection.4.6}% 52
\BOOKMARK [3][-]{subsubsection.4.6.3}{\376\377\000U\000s\000e\000\040\000C\000a\000s\000e\000\040\000U\000C\000-\0003\000:\000\040\000F\000o\000r\000g\000e\000t\000\040\000P\000a\000s\000s\000w\000o\000r\000d}{subsection.4.6}% 53
\BOOKMARK [3][-]{subsubsection.4.6.4}{\376\377\000U\000s\000e\000\040\000C\000a\000s\000e\000\040\000U\000C\000-\0004\000:\000\040\000T\000e\000a\000c\000h\000e\000r\000'\000s\000\040\000R\000e\000q\000u\000e\000s\000t\000s\000\040\000A\000p\000p\000r\000o\000v\000a\000l}{subsection.4.6}% 54
\BOOKMARK [3][-]{subsubsection.4.6.5}{\376\377\000U\000s\000e\000\040\000C\000a\000s\000e\000\040\000U\000C\000-\0005\000:\000\040\000S\000t\000u\000d\000e\000n\000t\000'\000s\000\040\000R\000e\000q\000u\000e\000s\000t\000s\000\040\000A\000p\000p\000r\000o\000v\000a\000l}{subsection.4.6}% 55
\BOOKMARK [3][-]{subsubsection.4.6.6}{\376\377\000U\000s\000e\000\040\000C\000a\000s\000e\000\040\000U\000C\000-\0006\000:\000\040\000A\000d\000d\000\040\000N\000e\000w\000\040\000C\000o\000u\000r\000s\000e}{subsection.4.6}% 56
\BOOKMARK [3][-]{subsubsection.4.6.7}{\376\377\000U\000s\000e\000\040\000C\000a\000s\000e\000\040\000U\000C\000-\0007\000:\000\040\000E\000d\000i\000t\000\040\000C\000o\000u\000r\000s\000e}{subsection.4.6}% 57
\BOOKMARK [3][-]{subsubsection.4.6.8}{\376\377\000U\000s\000e\000\040\000C\000a\000s\000e\000\040\000U\000C\000-\0008\000:\000\040\000D\000e\000l\000e\000t\000e\000\040\000C\000o\000u\000r\000s\000e}{subsection.4.6}% 58
\BOOKMARK [3][-]{subsubsection.4.6.9}{\376\377\000U\000s\000e\000\040\000C\000a\000s\000e\000\040\000U\000C\000-\0009\000:\000\040\000V\000i\000e\000w\000\040\000C\000o\000u\000r\000s\000e\000s}{subsection.4.6}% 59
\BOOKMARK [3][-]{subsubsection.4.6.10}{\376\377\000U\000s\000e\000\040\000C\000a\000s\000e\000\040\000U\000C\000-\0001\0000\000:\000\040\000U\000p\000l\000o\000a\000d\000\040\000C\000o\000u\000r\000s\000e\000\040\000A\000s\000s\000i\000g\000n\000m\000e\000n\000t}{subsection.4.6}% 60
\BOOKMARK [3][-]{subsubsection.4.6.11}{\376\377\000U\000s\000e\000\040\000C\000a\000s\000e\000\040\000U\000C\000-\0001\0001\000:\000\040\000V\000i\000e\000w\000\040\000C\000o\000u\000r\000s\000e\000\040\000A\000s\000s\000i\000g\000n\000m\000e\000n\000t\000s}{subsection.4.6}% 61
\BOOKMARK [3][-]{subsubsection.4.6.12}{\376\377\000U\000s\000e\000\040\000C\000a\000s\000e\000\040\000U\000C\000-\0001\0002\000:\000\040\000D\000o\000w\000n\000l\000o\000a\000d\000\040\000C\000o\000u\000r\000s\000e\000\040\000A\000s\000s\000i\000g\000n\000m\000e\000n\000t}{subsection.4.6}% 62
\BOOKMARK [3][-]{subsubsection.4.6.13}{\376\377\000U\000s\000e\000\040\000C\000a\000s\000e\000\040\000U\000C\000-\0001\0003\000:\000\040\000D\000e\000l\000e\000t\000e\000\040\000C\000o\000u\000r\000s\000e\000\040\000A\000s\000s\000i\000g\000n\000m\000e\000n\000t}{subsection.4.6}% 63
\BOOKMARK [3][-]{subsubsection.4.6.14}{\376\377\000U\000s\000e\000\040\000C\000a\000s\000e\000\040\000U\000C\000-\0001\0004\000:\000\040\000A\000d\000d\000\040\000C\000o\000u\000r\000s\000e\000\040\000A\000n\000n\000o\000u\000n\000c\000e\000m\000e\000n\000t}{subsection.4.6}% 64
\BOOKMARK [3][-]{subsubsection.4.6.15}{\376\377\000U\000s\000e\000\040\000C\000a\000s\000e\000\040\000U\000C\000-\0001\0005\000\040\000:\000E\000d\000i\000t\000\040\000C\000o\000u\000r\000s\000e\000\040\000A\000n\000n\000o\000u\000n\000c\000e\000m\000e\000n\000t}{subsection.4.6}% 65
\BOOKMARK [3][-]{subsubsection.4.6.16}{\376\377\000U\000s\000e\000\040\000C\000a\000s\000e\000\040\000U\000C\000-\0001\0006\000:\000\040\000D\000e\000l\000e\000t\000e\000\040\000C\000o\000u\000r\000s\000e\000\040\000A\000n\000n\000o\000u\000n\000c\000e\000m\000e\000n\000t}{subsection.4.6}% 66
\BOOKMARK [3][-]{subsubsection.4.6.17}{\376\377\000U\000s\000e\000\040\000C\000a\000s\000e\000\040\000U\000C\000-\0001\0007\000:\000\040\000S\000t\000u\000d\000e\000n\000t\000\040\000A\000s\000s\000i\000g\000n\000m\000e\000n\000t\000\040\000S\000u\000b\000m\000i\000s\000s\000i\000o\000n}{subsection.4.6}% 67
\BOOKMARK [3][-]{subsubsection.4.6.18}{\376\377\000U\000s\000e\000\040\000C\000a\000s\000e\000\040\000U\000C\000-\0001\0008\000:\000\040\000U\000p\000l\000o\000a\000d\000\040\000C\000o\000u\000r\000s\000e\000\040\000N\000o\000t\000e\000s}{subsection.4.6}% 68
\BOOKMARK [3][-]{subsubsection.4.6.19}{\376\377\000U\000s\000e\000\040\000C\000a\000s\000e\000\040\000U\000C\000-\0001\0009\000:\000\040\000V\000i\000e\000w\000\040\000C\000o\000u\000r\000s\000e\000\040\000N\000o\000t\000e\000s}{subsection.4.6}% 69
\BOOKMARK [3][-]{subsubsection.4.6.20}{\376\377\000U\000s\000e\000\040\000C\000a\000s\000e\000\040\000U\000C\000-\0002\0000\000:\000\040\000D\000o\000w\000n\000l\000o\000a\000d\000\040\000C\000o\000u\000r\000s\000e\000\040\000n\000o\000t\000e\000s}{subsection.4.6}% 70
\BOOKMARK [3][-]{subsubsection.4.6.21}{\376\377\000U\000s\000e\000\040\000C\000a\000s\000e\000\040\000U\000C\000-\0002\0001\000:\000\040\000D\000e\000l\000e\000t\000e\000\040\000C\000o\000u\000r\000s\000e\000\040\000N\000o\000t\000e\000s}{subsection.4.6}% 71
\BOOKMARK [3][-]{subsubsection.4.6.22}{\376\377\000U\000s\000e\000\040\000C\000a\000s\000e\000\040\000U\000C\000-\0002\0002\000:\000\040\000P\000l\000a\000y\000\040\000C\000o\000u\000r\000s\000e\000\040\000L\000e\000c\000t\000u\000r\000e\000s}{subsection.4.6}% 72
\BOOKMARK [3][-]{subsubsection.4.6.23}{\376\377\000U\000s\000e\000\040\000C\000a\000s\000e\000\040\000U\000C\000-\0002\0003\000:\000\040\000D\000e\000l\000e\000t\000e\000\040\000C\000o\000u\000r\000s\000e\000\040\000N\000o\000t\000e\000s}{subsection.4.6}% 73
\BOOKMARK [3][-]{subsubsection.4.6.24}{\376\377\000U\000s\000e\000\040\000C\000a\000s\000e\000\040\000U\000C\000-\0002\0004\000:\000\040\000S\000t\000u\000d\000e\000n\000t\000'\000s\000\040\000C\000o\000u\000r\000s\000e\000\040\000E\000n\000r\000o\000l\000l\000m\000e\000n\000t}{subsection.4.6}% 74
\BOOKMARK [3][-]{subsubsection.4.6.25}{\376\377\000U\000s\000e\000\040\000C\000a\000s\000e\000\040\000U\000C\000-\0002\0005\000:\000\040\000C\000o\000u\000r\000s\000e\000\040\000E\000n\000r\000o\000l\000l\000m\000e\000n\000t\000\040\000R\000e\000q\000u\000e\000s\000t\000s\000\040\000H\000a\000n\000d\000l\000i\000n\000g}{subsection.4.6}% 75
\BOOKMARK [3][-]{subsubsection.4.6.26}{\376\377\000U\000s\000e\000\040\000C\000a\000s\000e\000\040\000U\000C\000-\0002\0006\000:\000\040\000A\000s\000s\000i\000g\000n\000\040\000R\000o\000l\000e\000'\000s\000\040\000P\000e\000r\000m\000i\000s\000s\000i\000o\000n\000s}{subsection.4.6}% 76
\BOOKMARK [3][-]{subsubsection.4.6.27}{\376\377\000U\000s\000e\000\040\000C\000a\000s\000e\000\040\000U\000C\000-\0002\0007\000:\000\040\000A\000d\000d\000\040\000N\000e\000w\000\040\000R\000o\000l\000e}{subsection.4.6}% 77
\BOOKMARK [3][-]{subsubsection.4.6.28}{\376\377\000U\000s\000e\000\040\000C\000a\000s\000e\000\040\000U\000C\000-\0002\0008\000:\000\040\000D\000e\000l\000e\000t\000e\000\040\000R\000o\000l\000e}{subsection.4.6}% 78
\BOOKMARK [3][-]{subsubsection.4.6.29}{\376\377\000U\000s\000e\000\040\000C\000a\000s\000e\000\040\000U\000C\000-\0002\0009\000:\000\040\000A\000d\000d\000\040\000N\000e\000w\000\040\000C\000l\000a\000s\000s}{subsection.4.6}% 79
\BOOKMARK [3][-]{subsubsection.4.6.30}{\376\377\000U\000s\000e\000\040\000C\000a\000s\000e\000\040\000U\000C\000-\0003\0000\000:\000\040\000E\000d\000i\000t\000\040\000C\000l\000a\000s\000s}{subsection.4.6}% 80
\BOOKMARK [3][-]{subsubsection.4.6.31}{\376\377\000U\000s\000e\000\040\000C\000a\000s\000e\000\040\000U\000C\000-\0003\0001\000:\000\040\000D\000e\000l\000e\000t\000e\000\040\000C\000l\000a\000s\000s}{subsection.4.6}% 81
\BOOKMARK [3][-]{subsubsection.4.6.32}{\376\377\000U\000s\000e\000\040\000C\000a\000s\000e\000\040\000U\000C\000-\0003\0002\000:\000\040\000V\000i\000e\000w\000\040\000C\000l\000a\000s\000s\000e\000s}{subsection.4.6}% 82
\BOOKMARK [3][-]{subsubsection.4.6.33}{\376\377\000U\000s\000e\000\040\000C\000a\000s\000e\000\040\000U\000C\000-\0003\0003\000:\000\040\000S\000t\000a\000r\000t\000\040\000L\000e\000c\000t\000u\000r\000e}{subsection.4.6}% 83
\BOOKMARK [3][-]{subsubsection.4.6.34}{\376\377\000U\000s\000e\000\040\000C\000a\000s\000e\000\040\000U\000C\000-\0003\0004\000:\000\040\000E\000n\000d\000\040\000L\000e\000c\000t\000u\000r\000e}{subsection.4.6}% 84
\BOOKMARK [3][-]{subsubsection.4.6.35}{\376\377\000U\000s\000e\000\040\000C\000a\000s\000e\000\040\000U\000C\000-\0003\0005\000:\000\040\000A\000s\000s\000i\000g\000n\000\040\000C\000o\000u\000r\000s\000e\000s}{subsection.4.6}% 85
\BOOKMARK [3][-]{subsubsection.4.6.36}{\376\377\000U\000s\000e\000\040\000C\000a\000s\000e\000\040\000U\000C\000-\0003\0006\000:\000\040\000V\000i\000e\000w\000\040\000S\000t\000u\000d\000e\000n\000t\000s\000\040\000A\000s\000s\000i\000g\000n\000m\000e\000n\000t\000s}{subsection.4.6}% 86
\BOOKMARK [3][-]{subsubsection.4.6.37}{\376\377\000U\000s\000e\000\040\000C\000a\000s\000e\000\040\000U\000C\000-\0003\0007\000:\000\040\000D\000o\000w\000n\000l\000o\000a\000d\000\040\000S\000t\000u\000d\000e\000n\000t\000'\000s\000\040\000A\000s\000s\000i\000g\000n\000m\000e\000n\000t\000s}{subsection.4.6}% 87
\BOOKMARK [2][-]{subsection.4.7}{\376\377\000U\000s\000e\000\040\000C\000a\000s\000e\000s\000\040\000\050\000O\000f\000f\000l\000i\000n\000e\000\040\000P\000l\000a\000y\000e\000r\000\051}{section.4}% 88
\BOOKMARK [3][-]{subsubsection.4.7.1}{\376\377\000U\000s\000e\000\040\000C\000a\000s\000e\000\040\000U\000C\0001\000:\000\040\000U\000s\000e\000r\000\040\000A\000u\000t\000h\000e\000n\000t\000i\000c\000a\000t\000i\000o\000n}{subsection.4.7}% 89
\BOOKMARK [3][-]{subsubsection.4.7.2}{\376\377\000U\000s\000e\000\040\000C\000a\000s\000e\000\040\000U\000C\0002\000:\000\040\000V\000i\000e\000w\000\040\000L\000e\000c\000t\000u\000r\000e\000\040\000P\000l\000a\000y\000l\000i\000s\000t\000\050\000O\000n\000l\000i\000n\000e\000\051}{subsection.4.7}% 90
\BOOKMARK [3][-]{subsubsection.4.7.3}{\376\377\000U\000s\000e\000\040\000C\000a\000s\000e\000\040\000U\000C\0003\000:\000\040\000V\000i\000e\000w\000\040\000L\000e\000c\000t\000u\000r\000e\000\040\000P\000l\000a\000y\000l\000i\000s\000t\000\050\000O\000f\000f\000l\000i\000n\000e\000\051}{subsection.4.7}% 91
\BOOKMARK [3][-]{subsubsection.4.7.4}{\376\377\000U\000s\000e\000\040\000C\000a\000s\000e\000\040\000U\000C\0004\000:\000\040\000P\000l\000a\000y\000\040\000L\000e\000c\000t\000u\000r\000e\000\050\000O\000n\000l\000i\000n\000e\000\051}{subsection.4.7}% 92
\BOOKMARK [3][-]{subsubsection.4.7.5}{\376\377\000U\000s\000e\000\040\000C\000a\000s\000e\000\040\000U\000C\0005\000:\000\040\000P\000l\000a\000y\000\040\000L\000e\000c\000t\000u\000r\000e\000\050\000O\000f\000f\000l\000i\000n\000e\000\051}{subsection.4.7}% 93
\BOOKMARK [3][-]{subsubsection.4.7.6}{\376\377\000U\000s\000e\000\040\000C\000a\000s\000e\000\040\000U\000C\0006\000:\000\040\000V\000i\000e\000w\000\040\000A\000b\000o\000u\000t\000\040\000p\000a\000g\000e}{subsection.4.7}% 94
\BOOKMARK [3][-]{subsubsection.4.7.7}{\376\377\000U\000s\000e\000\040\000C\000a\000s\000e\000\040\000U\000C\0007\000:\000\040\000V\000i\000e\000w\000\040\000C\000o\000n\000t\000a\000c\000t\000\040\000u\000s\000\040\000p\000a\000g\000e}{subsection.4.7}% 95
\BOOKMARK [2][-]{subsection.4.8}{\376\377\000T\000e\000s\000t\000\040\000C\000a\000s\000e\000s}{section.4}% 96
\BOOKMARK [3][-]{subsubsection.4.8.1}{\376\377\000T\000e\000s\000t\000\040\000C\000a\000s\000e\000\040\000T\000C\000-\0000\0001\000:\000\040\000U\000s\000e\000r\000/\000S\000t\000u\000d\000e\000n\000t\000\040\000R\000e\000g\000i\000s\000t\000r\000a\000t\000i\000o\000n\000-\000W\000e\000b\000\040\000A\000p\000p\000l\000i\000c\000a\000t\000i\000o\000n}{subsection.4.8}% 97
\BOOKMARK [3][-]{subsubsection.4.8.2}{\376\377\000T\000e\000s\000t\000\040\000C\000a\000s\000e\000\040\000T\000C\000-\0000\0002\000:\000\040\000U\000s\000e\000r\000\040\000A\000u\000t\000h\000e\000n\000t\000i\000c\000a\000t\000i\000o\000n\000-\000W\000e\000b\000\040\000A\000p\000p\000l\000i\000c\000a\000t\000i\000o\000n}{subsection.4.8}% 98
\BOOKMARK [3][-]{subsubsection.4.8.3}{\376\377\000T\000e\000s\000t\000\040\000C\000a\000s\000e\000\040\000T\000C\000-\0000\0003\000:\000\040\000V\000i\000e\000w\000\040\000C\000o\000u\000r\000s\000e\000\040\000d\000a\000s\000h\000b\000o\000a\000r\000d\000-\000W\000e\000b\000\040\000A\000p\000p\000l\000i\000c\000a\000t\000i\000o\000n}{subsection.4.8}% 99
\BOOKMARK [3][-]{subsubsection.4.8.4}{\376\377\000T\000e\000s\000t\000\040\000C\000a\000s\000e\000\040\000T\000C\000-\0000\0004\000:\000\040\000V\000i\000e\000w\000\040\000C\000o\000u\000r\000s\000e\000\040\000C\000o\000n\000t\000e\000n\000t\000-\000W\000e\000b\000\040\000A\000p\000p\000l\000i\000c\000a\000t\000i\000o\000n}{subsection.4.8}% 100
\BOOKMARK [3][-]{subsubsection.4.8.5}{\376\377\000T\000e\000s\000t\000\040\000C\000a\000s\000e\000\040\000T\000C\000-\0000\0005\000:\000\040\000V\000i\000e\000w\000\040\000C\000o\000u\000r\000s\000e\000\040\000L\000e\000c\000t\000u\000r\000e\000s\000-\000W\000e\000b\000\040\000A\000p\000p\000l\000i\000c\000a\000t\000i\000o\000n}{subsection.4.8}% 101
\BOOKMARK [3][-]{subsubsection.4.8.6}{\376\377\000T\000e\000s\000t\000\040\000C\000a\000s\000e\000\040\000T\000C\000-\0000\0006\000:\000\040\000V\000i\000e\000w\000\040\000L\000e\000c\000t\000u\000r\000e\000\040\000N\000o\000t\000e\000s\000-\000W\000e\000b\000\040\000A\000p\000p\000l\000i\000c\000a\000t\000i\000o\000n}{subsection.4.8}% 102
\BOOKMARK [3][-]{subsubsection.4.8.7}{\376\377\000T\000e\000s\000t\000\040\000C\000a\000s\000e\000\040\000T\000C\000-\0000\0007\000:\000\040\000V\000i\000e\000w\000\040\000L\000e\000c\000t\000u\000r\000e\000\040\000V\000i\000d\000e\000o\000-\000W\000e\000b\000\040\000A\000p\000p\000l\000i\000c\000a\000t\000i\000o\000n}{subsection.4.8}% 103
\BOOKMARK [3][-]{subsubsection.4.8.8}{\376\377\000T\000e\000s\000t\000\040\000C\000a\000s\000e\000\040\000T\000C\000-\0000\0008\000:\000\040\000V\000i\000e\000w\000\040\000A\000s\000s\000i\000g\000n\000m\000e\000n\000t\000s\000-\000W\000e\000b\000\040\000A\000p\000p\000l\000i\000c\000a\000t\000i\000o\000n}{subsection.4.8}% 104
\BOOKMARK [3][-]{subsubsection.4.8.9}{\376\377\000T\000e\000s\000t\000\040\000C\000a\000s\000e\000\040\000T\000C\000-\0000\0009\000:\000\040\000V\000i\000e\000w\000\040\000A\000n\000n\000o\000u\000n\000c\000e\000m\000e\000n\000t\000s\000-\000W\000e\000b\000\040\000A\000p\000p\000l\000i\000c\000a\000t\000i\000o\000n}{subsection.4.8}% 105
\BOOKMARK [3][-]{subsubsection.4.8.10}{\376\377\000T\000e\000s\000t\000\040\000C\000a\000s\000e\000\040\000T\000C\000-\0001\0000\000:\000\040\000A\000d\000d\000\040\000A\000s\000s\000i\000g\000n\000m\000e\000n\000t\000s\000\050\000T\000e\000a\000c\000h\000e\000r\000\051\000-\000W\000e\000b\000\040\000A\000p\000p\000l\000i\000c\000a\000t\000i\000o\000n}{subsection.4.8}% 106
\BOOKMARK [3][-]{subsubsection.4.8.11}{\376\377\000T\000e\000s\000t\000\040\000C\000a\000s\000e\000\040\000T\000C\000-\0001\0001\000:\000\040\000A\000d\000d\000\040\000A\000n\000n\000o\000u\000n\000c\000e\000m\000e\000n\000t\000\050\000T\000e\000a\000c\000h\000e\000r\000\051\000-\000W\000e\000b\000\040\000A\000p\000p\000l\000i\000c\000a\000t\000i\000o\000n}{subsection.4.8}% 107
\BOOKMARK [3][-]{subsubsection.4.8.12}{\376\377\000T\000e\000s\000t\000\040\000C\000a\000s\000e\000\040\000T\000C\000-\0001\0002\000:\000\040\000A\000d\000d\000\040\000I\000n\000s\000t\000i\000t\000u\000t\000e\000\050\000S\000u\000p\000e\000r\000\040\000A\000d\000m\000i\000n\000\051\000-\000W\000e\000b\000\040\000A\000p\000p\000l\000i\000c\000a\000t\000i\000o\000n}{subsection.4.8}% 108
\BOOKMARK [3][-]{subsubsection.4.8.13}{\376\377\000T\000e\000s\000t\000\040\000C\000a\000s\000e\000\040\000T\000C\000-\0001\0003\000:\000\040\000A\000d\000d\000\040\000A\000d\000m\000i\000n\000\050\000S\000u\000p\000e\000r\000\040\000A\000d\000m\000i\000n\000\051\000-\000W\000e\000b\000\040\000A\000p\000p\000l\000i\000c\000a\000t\000i\000o\000n}{subsection.4.8}% 109
\BOOKMARK [1][-]{section.5}{\376\377\000P\000l\000a\000n\000n\000i\000n\000g}{}% 110
\BOOKMARK [2][-]{subsection.5.1}{\376\377\000M\000i\000l\000e\000s\000t\000o\000n\000e\000s}{section.5}% 111
\BOOKMARK [2][-]{subsection.5.2}{\376\377\000W\000o\000r\000k\000\040\000B\000r\000e\000a\000k\000d\000o\000w\000n\000\040\000S\000t\000r\000u\000c\000t\000u\000r\000e\000\040\000\050\000W\000B\000S\000\051}{section.5}% 112
\BOOKMARK [2][-]{subsection.5.3}{\376\377\000N\000e\000t\000w\000o\000r\000k\000\040\000D\000e\000p\000e\000n\000d\000e\000n\000c\000y\000\040\000D\000i\000a\000g\000r\000a\000m}{section.5}% 113
\BOOKMARK [2][-]{subsection.5.4}{\376\377\000G\000a\000n\000t\000t\000\040\000C\000h\000a\000r\000t}{section.5}% 114
\BOOKMARK [1][-]{section.6}{\376\377\000D\000e\000s\000i\000g\000n}{}% 115
\BOOKMARK [2][-]{subsection.6.1}{\376\377\000D\000a\000t\000a\000\040\000F\000l\000o\000w\000\040\000D\000i\000a\000g\000r\000a\000m\000s\000\040\000\050\000W\000e\000b\000\040\000A\000p\000p\000\051}{section.6}% 116
\BOOKMARK [3][-]{subsubsection.6.1.1}{\376\377\000S\000t\000u\000d\000e\000n\000t}{subsection.6.1}% 117
\BOOKMARK [3][-]{subsubsection.6.1.2}{\376\377\000T\000e\000a\000c\000h\000e\000r}{subsection.6.1}% 118
\BOOKMARK [2][-]{subsection.6.2}{\376\377\000D\000a\000t\000a\000\040\000F\000l\000o\000w\000\040\000D\000i\000a\000g\000r\000a\000m\000s\000\040\000\050\000O\000f\000f\000i\000l\000i\000n\000e\000\040\000P\000l\000a\000y\000e\000r\000\051}{section.6}% 119
\BOOKMARK [3][-]{subsubsection.6.2.1}{\376\377\000U\000s\000e\000r\000\040\000G\000e\000n\000e\000r\000a\000l\000\040\000F\000l\000o\000w}{subsection.6.2}% 120
\BOOKMARK [3][-]{subsubsection.6.2.2}{\376\377\000G\000e\000n\000e\000r\000a\000l\000\040\000F\000l\000o\000w}{subsection.6.2}% 121
\BOOKMARK [2][-]{subsection.6.3}{\376\377\000A\000c\000t\000i\000v\000i\000t\000y\000\040\000D\000i\000a\000g\000r\000a\000m\000s}{section.6}% 122
\BOOKMARK [2][-]{subsection.6.4}{\376\377\000D\000a\000t\000a\000\040\000M\000o\000d\000e\000l\000i\000n\000g}{section.6}% 123
\BOOKMARK [3][-]{subsubsection.6.4.1}{\376\377\000E\000R\000\040\000D\000i\000a\000g\000r\000a\000m}{subsection.6.4}% 124
\BOOKMARK [3][-]{subsubsection.6.4.2}{\376\377\000D\000a\000t\000a\000b\000a\000s\000e\000\040\000D\000i\000a\000g\000r\000a\000m}{subsection.6.4}% 125
\BOOKMARK [2][-]{subsection.6.5}{\376\377\000C\000l\000a\000s\000s\000\040\000D\000i\000a\000g\000r\000a\000m}{section.6}% 126
