This is pdfTeX, Version 3.14159265-2.6-1.40.20 (MiKTeX 2.9.7050 64-bit) (preloaded format=pdflatex 2019.9.29)  20 NOV 2019 19:54
entering extended mode
**./SRS(V3).tex
(SRS(V3).tex
LaTeX2e <2018-12-01>
("C:\Program Files\MiKTeX 2.9\tex/latex/base\article.cls"
Document Class: article 2018/09/03 v1.4i Standard LaTeX document class
("C:\Program Files\MiKTeX 2.9\tex/latex/base\size12.clo"
File: size12.clo 2018/09/03 v1.4i Standard LaTeX file (size option)
)
\c@part=\count80
\c@section=\count81
\c@subsection=\count82
\c@subsubsection=\count83
\c@paragraph=\count84
\c@subparagraph=\count85
\c@figure=\count86
\c@table=\count87
\abovecaptionskip=\skip41
\belowcaptionskip=\skip42
\bibindent=\dimen102
)
("C:\Program Files\MiKTeX 2.9\tex/generic/babel\babel.sty"
Package: babel 2019/06/03 3.32 The Babel package

("C:\Program Files\MiKTeX 2.9\tex/generic/babel\switch.def"
File: switch.def 2019/06/03 3.32 Babel switching mechanism
)
*************************************
* Local config file bblopts.cfg used
*
("C:\Program Files\MiKTeX 2.9\tex/latex/arabi\bblopts.cfg"
File: bblopts.cfg 2005/09/08 v0.1 add Arabic and Farsi to "declared" options of
 babel
)
("C:\Program Files\MiKTeX 2.9\tex/latex/babel-english\english.ldf"
Language: english 2017/06/06 v3.3r English support from the babel system

("C:\Program Files\MiKTeX 2.9\tex/generic/babel\babel.def"
File: babel.def 2019/06/03 3.32 Babel common definitions
\babel@savecnt=\count88
\U@D=\dimen103

("C:\Program Files\MiKTeX 2.9\tex/generic/babel\txtbabel.def")
\bbl@dirlevel=\count89
)
\l@canadian = a dialect from \language\l@american 
\l@australian = a dialect from \language\l@british 
\l@newzealand = a dialect from \language\l@british 
))
("C:\Program Files\MiKTeX 2.9\tex/latex/base\inputenc.sty"
Package: inputenc 2018/08/11 v1.3c Input encoding file
\inpenc@prehook=\toks14
\inpenc@posthook=\toks15
)
("C:\Program Files\MiKTeX 2.9\tex/latex/psnfss\helvet.sty"
Package: helvet 2005/04/12 PSNFSS-v9.2a (WaS) 

("C:\Program Files\MiKTeX 2.9\tex/latex/graphics\keyval.sty"
Package: keyval 2014/10/28 v1.15 key=value parser (DPC)
\KV@toks@=\toks16
))
("C:\Program Files\MiKTeX 2.9\tex/latex/graphics\graphicx.sty"
Package: graphicx 2017/06/01 v1.1a Enhanced LaTeX Graphics (DPC,SPQR)

("C:\Program Files\MiKTeX 2.9\tex/latex/graphics\graphics.sty"
Package: graphics 2017/06/25 v1.2c Standard LaTeX Graphics (DPC,SPQR)

("C:\Program Files\MiKTeX 2.9\tex/latex/graphics\trig.sty"
Package: trig 2016/01/03 v1.10 sin cos tan (DPC)
)
("C:\Program Files\MiKTeX 2.9\tex/latex/graphics-cfg\graphics.cfg"
File: graphics.cfg 2016/06/04 v1.11 sample graphics configuration
)
Package graphics Info: Driver file: pdftex.def on input line 99.

("C:\Program Files\MiKTeX 2.9\tex/latex/graphics-def\pdftex.def"
File: pdftex.def 2018/01/08 v1.0l Graphics/color driver for pdftex
))
\Gin@req@height=\dimen104
\Gin@req@width=\dimen105
)
("C:\Program Files\MiKTeX 2.9\tex/latex/tools\longtable.sty"
Package: longtable 2014/10/28 v4.11 Multi-page Table package (DPC)+ FMi change
\LTleft=\skip43
\LTright=\skip44
\LTpre=\skip45
\LTpost=\skip46
\LTchunksize=\count90
\LTcapwidth=\dimen106
\LT@head=\box27
\LT@firsthead=\box28
\LT@foot=\box29
\LT@lastfoot=\box30
\LT@cols=\count91
\LT@rows=\count92
\c@LT@tables=\count93
\c@LT@chunks=\count94
\LT@p@ftn=\toks17
)
("C:\Program Files\MiKTeX 2.9\tex/latex/multirow\multirow.sty"
Package: multirow 2019/05/31 v2.5 Span multiple rows of a table
\multirow@colwidth=\skip47
\multirow@cntb=\count95
\multirow@dima=\skip48
\bigstrutjot=\dimen107
)
("C:\Program Files\MiKTeX 2.9\tex/latex/hyperref\hyperref.sty"
Package: hyperref 2018/11/30 v6.88e Hypertext links for LaTeX

("C:\Program Files\MiKTeX 2.9\tex/generic/oberdiek\hobsub-hyperref.sty"
Package: hobsub-hyperref 2016/05/16 v1.14 Bundle oberdiek, subset hyperref (HO)


("C:\Program Files\MiKTeX 2.9\tex/generic/oberdiek\hobsub-generic.sty"
Package: hobsub-generic 2016/05/16 v1.14 Bundle oberdiek, subset generic (HO)
Package: hobsub 2016/05/16 v1.14 Construct package bundles (HO)
Package: infwarerr 2016/05/16 v1.4 Providing info/warning/error messages (HO)
Package: ltxcmds 2016/05/16 v1.23 LaTeX kernel commands for general use (HO)
Package: ifluatex 2016/05/16 v1.4 Provides the ifluatex switch (HO)
Package ifluatex Info: LuaTeX not detected.
Package: ifvtex 2016/05/16 v1.6 Detect VTeX and its facilities (HO)
Package ifvtex Info: VTeX not detected.
Package: intcalc 2016/05/16 v1.2 Expandable calculations with integers (HO)
Package: ifpdf 2018/09/07 v3.3 Provides the ifpdf switch
Package: etexcmds 2016/05/16 v1.6 Avoid name clashes with e-TeX commands (HO)
Package: kvsetkeys 2016/05/16 v1.17 Key value parser (HO)
Package: kvdefinekeys 2016/05/16 v1.4 Define keys (HO)
Package: pdftexcmds 2018/09/10 v0.29 Utility functions of pdfTeX for LuaTeX (HO
)
Package pdftexcmds Info: LuaTeX not detected.
Package pdftexcmds Info: \pdf@primitive is available.
Package pdftexcmds Info: \pdf@ifprimitive is available.
Package pdftexcmds Info: \pdfdraftmode found.
Package: pdfescape 2016/05/16 v1.14 Implements pdfTeX's escape features (HO)
Package: bigintcalc 2016/05/16 v1.4 Expandable calculations on big integers (HO
)
Package: bitset 2016/05/16 v1.2 Handle bit-vector datatype (HO)
Package: uniquecounter 2016/05/16 v1.3 Provide unlimited unique counter (HO)
)
Package hobsub Info: Skipping package `hobsub' (already loaded).
Package: letltxmacro 2016/05/16 v1.5 Let assignment for LaTeX macros (HO)
Package: hopatch 2016/05/16 v1.3 Wrapper for package hooks (HO)
Package: xcolor-patch 2016/05/16 xcolor patch
Package: atveryend 2016/05/16 v1.9 Hooks at the very end of document (HO)
Package atveryend Info: \enddocument detected (standard20110627).
Package: atbegshi 2016/06/09 v1.18 At begin shipout hook (HO)
Package: refcount 2016/05/16 v3.5 Data extraction from label references (HO)
Package: hycolor 2016/05/16 v1.8 Color options for hyperref/bookmark (HO)
)
("C:\Program Files\MiKTeX 2.9\tex/generic/ifxetex\ifxetex.sty"
Package: ifxetex 2010/09/12 v0.6 Provides ifxetex conditional
)
("C:\Program Files\MiKTeX 2.9\tex/latex/oberdiek\auxhook.sty"
Package: auxhook 2016/05/16 v1.4 Hooks for auxiliary files (HO)
)
("C:\Program Files\MiKTeX 2.9\tex/latex/oberdiek\kvoptions.sty"
Package: kvoptions 2016/05/16 v3.12 Key value format for package options (HO)
)
\@linkdim=\dimen108
\Hy@linkcounter=\count96
\Hy@pagecounter=\count97

("C:\Program Files\MiKTeX 2.9\tex/latex/hyperref\pd1enc.def"
File: pd1enc.def 2018/11/30 v6.88e Hyperref: PDFDocEncoding definition (HO)
Now handling font encoding PD1 ...
... no UTF-8 mapping file for font encoding PD1
)
\Hy@SavedSpaceFactor=\count98

("C:\Program Files\MiKTeX 2.9\tex/latex/00miktex\hyperref.cfg"
File: hyperref.cfg 2002/06/06 v1.2 hyperref configuration of TeXLive
)
Package hyperref Info: Option `unicode' set `true' on input line 4393.

("C:\Program Files\MiKTeX 2.9\tex/latex/hyperref\puenc.def"
File: puenc.def 2018/11/30 v6.88e Hyperref: PDF Unicode definition (HO)
Now handling font encoding PU ...
... no UTF-8 mapping file for font encoding PU
)
Package hyperref Info: Hyper figures OFF on input line 4519.
Package hyperref Info: Link nesting OFF on input line 4524.
Package hyperref Info: Hyper index ON on input line 4527.
Package hyperref Info: Plain pages OFF on input line 4534.
Package hyperref Info: Backreferencing OFF on input line 4539.
Package hyperref Info: Implicit mode ON; LaTeX internals redefined.
Package hyperref Info: Bookmarks ON on input line 4772.
\c@Hy@tempcnt=\count99

("C:\Program Files\MiKTeX 2.9\tex/latex/url\url.sty"
\Urlmuskip=\muskip10
Package: url 2013/09/16  ver 3.4  Verb mode for urls, etc.
)
LaTeX Info: Redefining \url on input line 5125.
\XeTeXLinkMargin=\dimen109
\Fld@menulength=\count100
\Field@Width=\dimen110
\Fld@charsize=\dimen111
Package hyperref Info: Hyper figures OFF on input line 6380.
Package hyperref Info: Link nesting OFF on input line 6385.
Package hyperref Info: Hyper index ON on input line 6388.
Package hyperref Info: backreferencing OFF on input line 6395.
Package hyperref Info: Link coloring OFF on input line 6400.
Package hyperref Info: Link coloring with OCG OFF on input line 6405.
Package hyperref Info: PDF/A mode OFF on input line 6410.
LaTeX Info: Redefining \ref on input line 6450.
LaTeX Info: Redefining \pageref on input line 6454.
\Hy@abspage=\count101
\c@Item=\count102
\c@Hfootnote=\count103
)
Package hyperref Info: Driver (autodetected): hpdftex.

("C:\Program Files\MiKTeX 2.9\tex/latex/hyperref\hpdftex.def"
File: hpdftex.def 2018/11/30 v6.88e Hyperref driver for pdfTeX
\Fld@listcount=\count104
\c@bookmark@seq@number=\count105

("C:\Program Files\MiKTeX 2.9\tex/latex/oberdiek\rerunfilecheck.sty"
Package: rerunfilecheck 2016/05/16 v1.8 Rerun checks for auxiliary files (HO)
Package uniquecounter Info: New unique counter `rerunfilecheck' on input line 2
82.
)
\Hy@SectionHShift=\skip49
)
("C:\Program Files\MiKTeX 2.9\tex/latex/tools\array.sty"
Package: array 2018/12/30 v2.4k Tabular extension package (FMi)
\col@sep=\dimen112
\ar@mcellbox=\box31
\extrarowheight=\dimen113
\NC@list=\toks18
\extratabsurround=\skip50
\backup@length=\skip51
\ar@cellbox=\box32
)
("C:\Program Files\MiKTeX 2.9\tex/latex/float\float.sty"
Package: float 2001/11/08 v1.3d Float enhancements (AL)
\c@float@type=\count106
\float@exts=\toks19
\float@box=\box33
\@float@everytoks=\toks20
\@floatcapt=\box34
)
("C:\Program Files\MiKTeX 2.9\tex/latex/base\fontenc.sty"
Package: fontenc 2018/08/11 v2.0j Standard LaTeX package

("C:\Program Files\MiKTeX 2.9\tex/latex/base\t1enc.def"
File: t1enc.def 2018/08/11 v2.0j Standard LaTeX file
LaTeX Font Info:    Redeclaring font encoding T1 on input line 48.
)) (SRS(V3).aux)
\openout1 = `SRS(V3).aux'.

LaTeX Font Info:    Checking defaults for OML/cmm/m/it on input line 34.
LaTeX Font Info:    ... okay on input line 34.
LaTeX Font Info:    Checking defaults for T1/cmr/m/n on input line 34.
LaTeX Font Info:    ... okay on input line 34.
LaTeX Font Info:    Checking defaults for OT1/cmr/m/n on input line 34.
LaTeX Font Info:    ... okay on input line 34.
LaTeX Font Info:    Checking defaults for OMS/cmsy/m/n on input line 34.
LaTeX Font Info:    ... okay on input line 34.
LaTeX Font Info:    Checking defaults for OMX/cmex/m/n on input line 34.
LaTeX Font Info:    ... okay on input line 34.
LaTeX Font Info:    Checking defaults for U/cmr/m/n on input line 34.
LaTeX Font Info:    ... okay on input line 34.
LaTeX Font Info:    Checking defaults for PD1/pdf/m/n on input line 34.
LaTeX Font Info:    ... okay on input line 34.
LaTeX Font Info:    Checking defaults for PU/pdf/m/n on input line 34.
LaTeX Font Info:    ... okay on input line 34.

("C:\Program Files\MiKTeX 2.9\tex/context/base/mkii\supp-pdf.mkii"
[Loading MPS to PDF converter (version 2006.09.02).]
\scratchcounter=\count107
\scratchdimen=\dimen114
\scratchbox=\box35
\nofMPsegments=\count108
\nofMParguments=\count109
\everyMPshowfont=\toks21
\MPscratchCnt=\count110
\MPscratchDim=\dimen115
\MPnumerator=\count111
\makeMPintoPDFobject=\count112
\everyMPtoPDFconversion=\toks22
) ("C:\Program Files\MiKTeX 2.9\tex/latex/oberdiek\epstopdf-base.sty"
Package: epstopdf-base 2016/05/15 v2.6 Base part for package epstopdf

("C:\Program Files\MiKTeX 2.9\tex/latex/oberdiek\grfext.sty"
Package: grfext 2016/05/16 v1.2 Manage graphics extensions (HO)
)
Package epstopdf-base Info: Redefining graphics rule for `.eps' on input line 4
38.
Package grfext Info: Graphics extension search list:
(grfext)             [.pdf,.png,.jpg,.mps,.jpeg,.jbig2,.jb2,.PDF,.PNG,.JPG,.JPE
G,.JBIG2,.JB2,.eps]
(grfext)             \AppendGraphicsExtensions on input line 456.
)
\AtBeginShipoutBox=\box36
Package hyperref Info: Link coloring OFF on input line 34.

("C:\Program Files\MiKTeX 2.9\tex/latex/hyperref\nameref.sty"
Package: nameref 2016/05/21 v2.44 Cross-referencing by name of section

("C:\Program Files\MiKTeX 2.9\tex/generic/oberdiek\gettitlestring.sty"
Package: gettitlestring 2016/05/16 v1.5 Cleanup title references (HO)
)
\c@section@level=\count113
)
LaTeX Info: Redefining \ref on input line 34.
LaTeX Info: Redefining \pageref on input line 34.
LaTeX Info: Redefining \nameref on input line 34.

(SRS(V3).out) (SRS(V3).out)
\@outlinefile=\write3
\openout3 = `SRS(V3).out'.

LaTeX Font Info:    External font `cmex10' loaded for size
(Font)              <12> on input line 103.
LaTeX Font Info:    External font `cmex10' loaded for size
(Font)              <8> on input line 103.
LaTeX Font Info:    External font `cmex10' loaded for size
(Font)              <6> on input line 103.
LaTeX Font Info:    Try loading font information for OMS+cmr on input line 103.


("C:\Program Files\MiKTeX 2.9\tex/latex/base\omscmr.fd"
File: omscmr.fd 2014/09/29 v2.5h Standard LaTeX font definitions
)
LaTeX Font Info:    Font shape `OMS/cmr/m/it' in size <8> not available
(Font)              Font shape `OMS/cmsy/m/n' tried instead on input line 103.
LaTeX Font Info:    Font shape `OMS/cmr/m/n' in size <8> not available
(Font)              Font shape `OMS/cmsy/m/n' tried instead on input line 103.
 [1

{C:/Users/haris/AppData/Local/MiKTeX/2.9/pdftex/config/pdftex.map}] (SRS(V3).to
cpdfTeX warning (ext4): destination with the same identifier (name{page.1}) has
 been already used, duplicate ignored
<to be read again> 
                   \relax 
l.28 ...Add Courses page}{21}{subsubsection.4.3.5}
                                                  % [1] [2] [3] [4])
\tf@toc=\write4
\openout4 = `SRS(V3).toc'.


(SRS(V3).lof [5] [6])
\tf@lof=\write5
\openout5 = `SRS(V3).lof'.

 (SRS(V3).lot [7])
\tf@lot=\write6
\openout6 = `SRS(V3).lot'.

 [8] [9] [10]
LaTeX Font Info:    Font shape `OMS/cmr/m/n' in size <12> not available
(Font)              Font shape `OMS/cmsy/m/n' tried instead on input line 140.

Underfull \hbox (badness 10000) in paragraph at lines 154--155

 []

[11]
<./images/ExistingSystemsTable.png, id=835, 451.6875pt x 138.5175pt>
File: ./images/ExistingSystemsTable.png Graphic file (type png)
<use ./images/ExistingSystemsTable.png>
Package pdftex.def Info: ./images/ExistingSystemsTable.png  used on input line 
167.
(pdftex.def)             Requested size: 398.36153pt x 142.26456pt.

Overfull \hbox (8.36153pt too wide) in paragraph at lines 167--168
 [][] 
 []

[12pdfTeX warning (ext4): destination with the same identifier (name{figure.1})
 has been already used, duplicate ignored

\AtBegShi@Output ...ipout \box \AtBeginShipoutBox 
                                                  \fi \fi 
l.323 \item D
             esign <./images/ExistingSystemsTable.png>]
Underfull \hbox (badness 10000) in paragraph at lines 329--331

 []

[13] [14] [15]
<./images/MainPage(1).png, id=855, 493.0922pt x 431.36156pt>
File: ./images/MainPage(1).png Graphic file (type png)
<use ./images/MainPage(1).png>
Package pdftex.def Info: ./images/MainPage(1).png  used on input line 395.
(pdftex.def)             Requested size: 284.54153pt x 284.53496pt.
 [16pdfTeX warning (ext4): destination with the same identifier (name{figure.2}
) has been already used, duplicate ignored

\AtBegShi@Output ...ipout \box \AtBeginShipoutBox 
                                                  \fi \fi 
l.398 \newpage
               <./images/MainPage(1).png>]
<./images/MainPage(2).png, id=861, 493.845pt x 443.40656pt>
File: ./images/MainPage(2).png Graphic file (type png)
<use ./images/MainPage(2).png>
Package pdftex.def Info: ./images/MainPage(2).png  used on input line 401.
(pdftex.def)             Requested size: 284.52382pt x 284.54376pt.

Overfull \hbox (58.33853pt too wide) in alignment at lines 405--449
 [] [] [] [] 
 []


Underfull \vbox (badness 10000) detected at line 449
 []

<./images/RegistrationPage.png, id=862, 488.57532pt x 441.90094pt>
File: ./images/RegistrationPage.png Graphic file (type png)
<use ./images/RegistrationPage.png>
Package pdftex.def Info: ./images/RegistrationPage.png  used on input line 472.

(pdftex.def)             Requested size: 284.52942pt x 284.54181pt.
[17pdfTeX warning (ext4): destination with the same identifier (name{figure.3})
 has been already used, duplicate ignored

\AtBegShi@Output ...ipout \box \AtBeginShipoutBox 
                                                  \fi \fi 
l.474 \end{figure}
                   <./images/MainPage(2).png>]
Overfull \hbox (3.52419pt too wide) in paragraph at lines 478--478
[]|\T1/cmr/bx/n/12 Validation|  
 []


Underfull \vbox (badness 10000) detected at line 563
 []

[18pdfTeX warning (ext4): destination with the same identifier (name{figure.4})
 has been already used, duplicate ignored

\AtBegShi@Output ...ipout \box \AtBeginShipoutBox 
                                                  \fi \fi 
l.563 \end{longtable}
                      <./images/RegistrationPage.png>]
<./images/Login.png, id=874, 494.59781pt x 427.5975pt>
File: ./images/Login.png Graphic file (type png)
<use ./images/Login.png>
Package pdftex.def Info: ./images/Login.png  used on input line 568.
(pdftex.def)             Requested size: 256.07538pt x 256.07112pt.
 [19pdfTeX warning (ext4): destination with the same identifier (name{figure.5}
) has been already used, duplicate ignored

\AtBegShi@Output ...ipout \box \AtBeginShipoutBox 
                                                  \fi \fi 
l.572 \newpage
               <./images/Login.png>]
Overfull \hbox (3.52419pt too wide) in paragraph at lines 575--575
[]|\T1/cmr/bx/n/12 Validation|  
 []


Underfull \vbox (badness 10000) detected at line 605
 []

<./images/AllCoursespage(Teacher).png, id=880, 492.33937pt x 429.85594pt>
File: ./images/AllCoursespage(Teacher).png Graphic file (type png)
<use ./images/AllCoursespage(Teacher).png>
Package pdftex.def Info: ./images/AllCoursespage(Teacher).png  used on input li
ne 621.
(pdftex.def)             Requested size: 227.62074pt x 213.39917pt.

Overfull \hbox (3.52419pt too wide) in paragraph at lines 626--626
[]|\T1/cmr/bx/n/12 Validation|  
 []


Underfull \vbox (badness 10000) detected at line 669
 []

[20pdfTeX warning (ext4): destination with the same identifier (name{figure.6})
 has been already used, duplicate ignored

\AtBegShi@Output ...ipout \box \AtBeginShipoutBox 
                                                  \fi \fi 
l.669 \end{longtable}
                      <./images/AllCoursespage(Teacher).png>]
<./images/AddNewCourse.png, id=886, 489.32813pt x 365.86688pt>
File: ./images/AddNewCourse.png Graphic file (type png)
<use ./images/AddNewCourse.png>
Package pdftex.def Info: ./images/AddNewCourse.png  used on input line 676.
(pdftex.def)             Requested size: 284.53476pt x 227.62227pt.

Overfull \hbox (3.52419pt too wide) in paragraph at lines 682--682
[]|\T1/cmr/bx/n/12 Validation|  
 []


Underfull \vbox (badness 10000) detected at line 721
 []

[21pdfTeX warning (ext4): destination with the same identifier (name{figure.7})
 has been already used, duplicate ignored

\AtBegShi@Output ...ipout \box \AtBeginShipoutBox 
                                                  \fi \fi 
l.721 \end{longtable}
                      <./images/AddNewCourse.png>]
<./images/CourseDetails.png, id=892, 380.92313pt x 404.26031pt>
File: ./images/CourseDetails.png Graphic file (type png)
<use ./images/CourseDetails.png>
Package pdftex.def Info: ./images/CourseDetails.png  used on input line 728.
(pdftex.def)             Requested size: 341.44427pt x 227.6241pt.
 [22pdfTeX warning (ext4): destination with the same identifier (name{figure.8}
) has been already used, duplicate ignored

\AtBegShi@Output ...ipout \box \AtBeginShipoutBox 
                                                  \fi \fi 
l.732 \newpage
               <./images/CourseDetails.png>]
Overfull \hbox (3.52419pt too wide) in paragraph at lines 736--736
[]|\T1/cmr/bx/n/12 Validation|  
 []


Underfull \vbox (badness 10000) detected at line 793
 []

[23]
<./images/TeachersRegistrationRequests.png, id=902, 493.845pt x 369.63094pt>
File: ./images/TeachersRegistrationRequests.png Graphic file (type png)
<use ./images/TeachersRegistrationRequests.png>
Package pdftex.def Info: ./images/TeachersRegistrationRequests.png  used on inp
ut line 800.
(pdftex.def)             Requested size: 284.52382pt x 284.52644pt.

Overfull \hbox (3.52419pt too wide) in paragraph at lines 806--806
[]|\T1/cmr/bx/n/12 Validation|  
 []


Underfull \vbox (badness 10000) detected at line 827
 []

[24pdfTeX warning (ext4): destination with the same identifier (name{figure.9})
 has been already used, duplicate ignored

\AtBegShi@Output ...ipout \box \AtBeginShipoutBox 
                                                  \fi \fi 
l.827 \end{longtable}
                      <./images/TeachersRegistrationRequests.png>]
<./images/StudentsRegistrationRequests.png, id=909, 494.59781pt x 369.63094pt>
File: ./images/StudentsRegistrationRequests.png Graphic file (type png)
<use ./images/StudentsRegistrationRequests.png>
Package pdftex.def Info: ./images/StudentsRegistrationRequests.png  used on inp
ut line 834.
(pdftex.def)             Requested size: 256.07538pt x 256.07774pt.
 [25pdfTeX warning (ext4): destination with the same identifier (name{figure.10
}) has been already used, duplicate ignored

\AtBegShi@Output ...ipout \box \AtBeginShipoutBox 
                                                  \fi \fi 
l.838 \newpage
               <./images/StudentsRegistrationRequests.png>]
Overfull \hbox (3.1449pt too wide) in paragraph at lines 841--841
[]|\T1/cmr/bx/n/12 Mandatory|  
 []


Overfull \hbox (3.52419pt too wide) in paragraph at lines 841--841
[]|\T1/cmr/bx/n/12 Validation|  
 []


Overfull \hbox (33.74983pt too wide) in alignment at lines 839--862
 [] [] [] [] [] 
 []


Underfull \vbox (badness 10000) detected at line 862
 []

<./images/EnrollmentRequests.png, id=915, 490.83376pt x 368.87813pt>
File: ./images/EnrollmentRequests.png Graphic file (type png)
<use ./images/EnrollmentRequests.png>
Package pdftex.def Info: ./images/EnrollmentRequests.png  used on input line 86
8.
(pdftex.def)             Requested size: 256.08133pt x 256.07404pt.
[26pdfTeX warning (ext4): destination with the same identifier (name{figure.11}
) has been already used, duplicate ignored

\AtBegShi@Output ...ipout \box \AtBeginShipoutBox 
                                                  \fi \fi 
l.872 \newpage
               <./images/EnrollmentRequests.png>]
Overfull \hbox (3.1449pt too wide) in paragraph at lines 875--875
[]|\T1/cmr/bx/n/12 Mandatory|  
 []


Overfull \hbox (3.52419pt too wide) in paragraph at lines 875--875
[]|\T1/cmr/bx/n/12 Validation|  
 []


Overfull \hbox (33.74983pt too wide) in alignment at lines 873--896
 [] [] [] [] [] 
 []


Underfull \vbox (badness 10000) detected at line 896
 []

<./images/LectureDetails(Teacher).png, id=921, 496.10344pt x 408.77719pt>
File: ./images/LectureDetails(Teacher).png Graphic file (type png)
<use ./images/LectureDetails(Teacher).png>
Package pdftex.def Info: ./images/LectureDetails(Teacher).png  used on input li
ne 903.
(pdftex.def)             Requested size: 256.07521pt x 256.09013pt.
[27pdfTeX warning (ext4): destination with the same identifier (name{figure.12}
) has been already used, duplicate ignored

\AtBegShi@Output ...ipout \box \AtBeginShipoutBox 
                                                  \fi \fi 
l.907 \newpage
               <./images/LectureDetails(Teacher).png>]
Overfull \hbox (3.1449pt too wide) in paragraph at lines 911--911
[]|\T1/cmr/bx/n/12 Mandatory|  
 []


Overfull \hbox (3.52419pt too wide) in paragraph at lines 911--911
[]|\T1/cmr/bx/n/12 Validation|  
 []


Overfull \hbox (33.74983pt too wide) in alignment at lines 909--950
 [] [] [] [] [] 
 []


Underfull \vbox (badness 10000) detected at line 950
 []

<./images/NotesPage(Teacher).png, id=927, 491.58656pt x 444.91219pt>
File: ./images/NotesPage(Teacher).png Graphic file (type png)
<use ./images/NotesPage(Teacher).png>
Package pdftex.def Info: ./images/NotesPage(Teacher).png  used on input line 97
5.
(pdftex.def)             Requested size: 256.08405pt x 256.0737pt.
[28pdfTeX warning (ext4): destination with the same identifier (name{figure.13}
) has been already used, duplicate ignored

\AtBegShi@Output ...ipout \box \AtBeginShipoutBox 
                                                  \fi \fi 
l.979 \newpage
               <./images/NotesPage(Teacher).png>]
Overfull \hbox (3.1449pt too wide) in paragraph at lines 982--982
[]|\T1/cmr/bx/n/12 Mandatory|  
 []


Overfull \hbox (3.52419pt too wide) in paragraph at lines 982--982
[]|\T1/cmr/bx/n/12 Validation|  
 []


Overfull \hbox (33.74983pt too wide) in alignment at lines 980--1012
 [] [] [] [] [] 
 []


Underfull \vbox (badness 10000) detected at line 1012
 []

<./images/UploadNotesPage.png, id=933, 493.0922pt x 365.86688pt>
File: ./images/UploadNotesPage.png Graphic file (type png)
<use ./images/UploadNotesPage.png>
Package pdftex.def Info: ./images/UploadNotesPage.png  used on input line 1018.

(pdftex.def)             Requested size: 256.08588pt x 256.08832pt.
[29pdfTeX warning (ext4): destination with the same identifier (name{figure.14}
) has been already used, duplicate ignored

\AtBegShi@Output ...ipout \box \AtBeginShipoutBox 
                                                  \fi \fi 
l.1022 \newpage
                <./images/UploadNotesPage.png>]
Overfull \hbox (3.1449pt too wide) in paragraph at lines 1025--1025
[]|\T1/cmr/bx/n/12 Mandatory|  
 []


Overfull \hbox (3.52419pt too wide) in paragraph at lines 1025--1025
[]|\T1/cmr/bx/n/12 Validation|  
 []


Overfull \hbox (33.74983pt too wide) in alignment at lines 1023--1055
 [] [] [] [] [] 
 []


Underfull \vbox (badness 10000) detected at line 1055
 []

<./images/CourseAssignmentPage(Teacher).png, id=939, 490.08093pt x 278.54062pt>

File: ./images/CourseAssignmentPage(Teacher).png Graphic file (type png)
<use ./images/CourseAssignmentPage(Teacher).png>
Package pdftex.def Info: ./images/CourseAssignmentPage(Teacher).png  used on in
put line 1098.
(pdftex.def)             Requested size: 256.07742pt x 256.08195pt.

Overfull \hbox (3.1449pt too wide) in paragraph at lines 1103--1103
[]|\T1/cmr/bx/n/12 Mandatory|  
 []


Overfull \hbox (3.52419pt too wide) in paragraph at lines 1103--1103
[]|\T1/cmr/bx/n/12 Validation|  
 []


Overfull \hbox (33.74983pt too wide) in alignment at lines 1101--1151
 [] [] [] [] [] 
 []


Underfull \vbox (badness 10000) detected at line 1151
 []

[30pdfTeX warning (ext4): destination with the same identifier (name{figure.15}
) has been already used, duplicate ignored

\AtBegShi@Output ...ipout \box \AtBeginShipoutBox 
                                                  \fi \fi 
l.1151 \end{longtable}
                       <./images/CourseAssignmentPage(Teacher).png>]
<./images/SubmitAssignment.png, id=946, 494.59781pt x 370.38374pt>
File: ./images/SubmitAssignment.png Graphic file (type png)
<use ./images/SubmitAssignment.png>
Package pdftex.def Info: ./images/SubmitAssignment.png  used on input line 1158
.
(pdftex.def)             Requested size: 256.07538pt x 199.17345pt.
 [31pdfTeX warning (ext4): destination with the same identifier (name{figure.16
}) has been already used, duplicate ignored

\AtBegShi@Output ...ipout \box \AtBeginShipoutBox 
                                                  \fi \fi 
l.1162 \newpage
                <./images/SubmitAssignment.png>]
Overfull \hbox (3.1449pt too wide) in paragraph at lines 1165--1165
[]|\T1/cmr/bx/n/12 Mandatory|  
 []


Overfull \hbox (3.52419pt too wide) in paragraph at lines 1165--1165
[]|\T1/cmr/bx/n/12 Validation|  
 []


Overfull \hbox (33.74983pt too wide) in alignment at lines 1163--1196
 [] [] [] [] [] 
 []


Underfull \vbox (badness 10000) detected at line 1196
 []

<./images/SubmittedAssignments.png, id=952, 494.59781pt x 366.61969pt>
File: ./images/SubmittedAssignments.png Graphic file (type png)
<use ./images/SubmittedAssignments.png>
Package pdftex.def Info: ./images/SubmittedAssignments.png  used on input line 
1202.
(pdftex.def)             Requested size: 256.07538pt x 256.08939pt.
[32pdfTeX warning (ext4): destination with the same identifier (name{figure.17}
) has been already used, duplicate ignored

\AtBegShi@Output ...ipout \box \AtBeginShipoutBox 
                                                  \fi \fi 
l.1206 \newpage
                <./images/SubmittedAssignments.png>]
Overfull \hbox (3.1449pt too wide) in paragraph at lines 1209--1209
[]|\T1/cmr/bx/n/12 Mandatory|  
 []


Overfull \hbox (3.52419pt too wide) in paragraph at lines 1209--1209
[]|\T1/cmr/bx/n/12 Validation|  
 []


Overfull \hbox (33.74983pt too wide) in alignment at lines 1207--1231
 [] [] [] [] [] 
 []


Underfull \vbox (badness 10000) detected at line 1231
 []

<./images/UploadAssignmentsPage.png, id=958, 493.845pt x 369.63094pt>
File: ./images/UploadAssignmentsPage.png Graphic file (type png)
<use ./images/UploadAssignmentsPage.png>
Package pdftex.def Info: ./images/UploadAssignmentsPage.png  used on input line
 1237.
(pdftex.def)             Requested size: 284.52382pt x 284.52644pt.
[33pdfTeX warning (ext4): destination with the same identifier (name{figure.18}
) has been already used, duplicate ignored

\AtBegShi@Output ...ipout \box \AtBeginShipoutBox 
                                                  \fi \fi 
l.1241 \newpage
                <./images/UploadAssignmentsPage.png>]
Overfull \hbox (3.1449pt too wide) in paragraph at lines 1244--1244
[]|\T1/cmr/bx/n/12 Mandatory|  
 []


Overfull \hbox (3.52419pt too wide) in paragraph at lines 1244--1244
[]|\T1/cmr/bx/n/12 Validation|  
 []


Overfull \hbox (33.74983pt too wide) in alignment at lines 1242--1283
 [] [] [] [] [] 
 []


Underfull \vbox (badness 10000) detected at line 1283
 []

<./images/LecturePlayer.png, id=964, 495.35063pt x 406.51875pt>
File: ./images/LecturePlayer.png Graphic file (type png)
<use ./images/LecturePlayer.png>
Package pdftex.def Info: ./images/LecturePlayer.png  used on input line 1370.
(pdftex.def)             Requested size: 284.52962pt x 284.53636pt.
[34pdfTeX warning (ext4): destination with the same identifier (name{figure.19}
) has been already used, duplicate ignored

\AtBegShi@Output ...ipout \box \AtBeginShipoutBox 
                                                  \fi \fi 
l.1373 \newpage
                <./images/LecturePlayer.png>]
Underfull \hbox (badness 4072) in paragraph at lines 1380--1380
[]|\T1/cmr/m/n/12 I shall be able to
 []


Underfull \hbox (badness 4072) in paragraph at lines 1381--1381
[]|\T1/cmr/m/n/12 I shall be able to
 []


Underfull \hbox (badness 4072) in paragraph at lines 1382--1385
[]|\T1/cmr/m/n/12 I shall be able to
 []


Overfull \hbox (58.33853pt too wide) in alignment at lines 1374--1387
 [] [] [] [] 
 []


Underfull \vbox (badness 10000) detected at line 1387
 []

<./images/StudentDetails(Admin).png, id=970, 489.32813pt x 375.65344pt>
File: ./images/StudentDetails(Admin).png Graphic file (type png)
<use ./images/StudentDetails(Admin).png>
Package pdftex.def Info: ./images/StudentDetails(Admin).png  used on input line
 1415.
(pdftex.def)             Requested size: 256.07979pt x 256.08867pt.

Overfull \hbox (3.1449pt too wide) in paragraph at lines 1421--1421
[]|\T1/cmr/bx/n/12 Mandatory|  
 []


Overfull \hbox (3.52419pt too wide) in paragraph at lines 1421--1421
[]|\T1/cmr/bx/n/12 Validation|  
 []


Overfull \hbox (33.74983pt too wide) in alignment at lines 1419--1442
 [] [] [] [] [] 
 []


Underfull \vbox (badness 10000) detected at line 1442
 []


Overfull \vbox (10.98965pt too high) has occurred while \output is active []


[35pdfTeX warning (ext4): destination with the same identifier (name{figure.20}
) has been already used, duplicate ignored

\AtBegShi@Output ...ipout \box \AtBeginShipoutBox 
                                                  \fi \fi 
l.1442 \end{longtable}
                       <./images/StudentDetails(Admin).png>]
<./images/TeacherDetails(Admin).png, id=976, 641.39626pt x 442.65375pt>
File: ./images/TeacherDetails(Admin).png Graphic file (type png)
<use ./images/TeacherDetails(Admin).png>
Package pdftex.def Info: ./images/TeacherDetails(Admin).png  used on input line
 1449.
(pdftex.def)             Requested size: 284.53471pt x 312.99626pt.

Overfull \hbox (3.1449pt too wide) in paragraph at lines 1454--1454
[]|\T1/cmr/bx/n/12 Mandatory|  
 []


Overfull \hbox (3.52419pt too wide) in paragraph at lines 1454--1454
[]|\T1/cmr/bx/n/12 Validation|  
 []


Overfull \hbox (33.74983pt too wide) in alignment at lines 1452--1484
 [] [] [] [] [] 
 []


Underfull \vbox (badness 10000) detected at line 1484
 []

[36pdfTeX warning (ext4): destination with the same identifier (name{figure.21}
) has been already used, duplicate ignored

\AtBegShi@Output ...ipout \box \AtBeginShipoutBox 
                                                  \fi \fi 
l.1486 \newpage
                <./images/TeacherDetails(Admin).png>]
<./images/PermissionManagement(Admin).png, id=983, 491.58656pt x 441.14813pt>
File: ./images/PermissionManagement(Admin).png Graphic file (type png)
<use ./images/PermissionManagement(Admin).png>
Package pdftex.def Info: ./images/PermissionManagement(Admin).png  used on inpu
t line 1500.
(pdftex.def)             Requested size: 341.44539pt x 341.44873pt.

Overfull \hbox (3.1449pt too wide) in paragraph at lines 1505--1505
[]|\T1/cmr/bx/n/12 Mandatory|  
 []


Overfull \hbox (3.52419pt too wide) in paragraph at lines 1505--1505
[]|\T1/cmr/bx/n/12 Validation|  
 []


Overfull \hbox (33.74983pt too wide) in alignment at lines 1503--1535
 [] [] [] [] [] 
 []


Underfull \vbox (badness 10000) detected at line 1535
 []


Overfull \vbox (0.34499pt too high) has occurred while \output is active []


[37pdfTeX warning (ext4): destination with the same identifier (name{figure.22}
) has been already used, duplicate ignored

\AtBegShi@Output ...ipout \box \AtBeginShipoutBox 
                                                  \fi \fi 
l.1535 \end{longtable}
                       <./images/PermissionManagement(Admin).png>]
<./images/AddGroups(Admin).png, id=989, 494.59781pt x 370.38374pt>
File: ./images/AddGroups(Admin).png Graphic file (type png)
<use ./images/AddGroups(Admin).png>
Package pdftex.def Info: ./images/AddGroups(Admin).png  used on input line 1542
.
(pdftex.def)             Requested size: 341.43134pt x 369.89113pt.

Overfull \hbox (3.1449pt too wide) in paragraph at lines 1547--1547
[]|\T1/cmr/bx/n/12 Mandatory|  
 []


Overfull \hbox (3.52419pt too wide) in paragraph at lines 1547--1547
[]|\T1/cmr/bx/n/12 Validation|  
 []


Overfull \hbox (33.74983pt too wide) in alignment at lines 1545--1568
 [] [] [] [] [] 
 []


Underfull \vbox (badness 10000) detected at line 1568
 []

[38pdfTeX warning (ext4): destination with the same identifier (name{figure.23}
) has been already used, duplicate ignored

\AtBegShi@Output ...ipout \box \AtBeginShipoutBox 
                                                  \fi \fi 
l.1570 \newpage
                <./images/AddGroups(Admin).png>]
<./images/labeled_player.png, id=995, 325.9377pt x 211.0284pt>
File: ./images/labeled_player.png Graphic file (type png)
<use ./images/labeled_player.png>
Package pdftex.def Info: ./images/labeled_player.png  used on input line 1611.
(pdftex.def)             Requested size: 341.46384pt x 227.63356pt.
 [39pdfTeX warning (ext4): destination with the same identifier (name{figure.24
}) has been already used, duplicate ignored

\AtBegShi@Output ...ipout \box \AtBeginShipoutBox 
                                                  \fi \fi 
l.1615 \newpage
                <./images/labeled_player.png (PNG copy)>]
Overfull \hbox (2.48277pt too wide) in paragraph at lines 1620--1620
[]|\T1/cmr/m/n/12 Component
 []

<./images/Player_Screen.png, id=1002, 466.74374pt x 152.82094pt>
File: ./images/Player_Screen.png Graphic file (type png)
<use ./images/Player_Screen.png>
Package pdftex.def Info: ./images/Player_Screen.png  used on input line 1624.
(pdftex.def)             Requested size: 116.99901pt x 56.90428pt.

Overfull \hbox (3.19017pt too wide) in paragraph at lines 1623--1626
[]|$[]$| 
 []

<./images/Start_Over_Button.png, id=1003, 120.45pt x 43.66313pt>
File: ./images/Start_Over_Button.png Graphic file (type png)
<use ./images/Start_Over_Button.png>
Package pdftex.def Info: ./images/Start_Over_Button.png  used on input line 163
0.
(pdftex.def)             Requested size: 117.00543pt x 56.90862pt.

Overfull \hbox (3.19017pt too wide) in paragraph at lines 1629--1632
[]|$[]$| 
 []

<./images/Play_Now_Button.png, id=1004, 115.93312pt x 55.70813pt>
File: ./images/Play_Now_Button.png Graphic file (type png)
<use ./images/Play_Now_Button.png>
Package pdftex.def Info: ./images/Play_Now_Button.png  used on input line 1635.

(pdftex.def)             Requested size: 117.00307pt x 56.90567pt.

Overfull \hbox (3.19017pt too wide) in paragraph at lines 1634--1637
[]|$[]$| 
 []

<./images/Pause_Button.png, id=1005, 99.37125pt x 48.18pt>
File: ./images/Pause_Button.png Graphic file (type png)
<use ./images/Pause_Button.png>
Package pdftex.def Info: ./images/Pause_Button.png  used on input line 1640.
(pdftex.def)             Requested size: 117.00534pt x 56.90553pt.

Overfull \hbox (3.19017pt too wide) in paragraph at lines 1639--1642
[]|$[]$| 
 []

<./images/Elapsed_Time_Label.png, id=1006, 63.23625pt x 31.61812pt>
File: ./images/Elapsed_Time_Label.png Graphic file (type png)
<use ./images/Elapsed_Time_Label.png>
Package pdftex.def Info: ./images/Elapsed_Time_Label.png  used on input line 16
45.
(pdftex.def)             Requested size: 117.00354pt x 56.90675pt.

Overfull \hbox (3.19017pt too wide) in paragraph at lines 1644--1647
[]|$[]$| 
 []

<./images/Total_Time_Label.png, id=1007, 54.2025pt x 35.38219pt>
File: ./images/Total_Time_Label.png Graphic file (type png)
<use ./images/Total_Time_Label.png>
Package pdftex.def Info: ./images/Total_Time_Label.png  used on input line 1650
.
(pdftex.def)             Requested size: 117.01608pt x 56.91013pt.

Overfull \hbox (3.19017pt too wide) in paragraph at lines 1649--1652
[]|$[]$| 
 []

<./images/Go_Back_Button.png, id=1008, 42.1575pt x 28.60687pt>
File: ./images/Go_Back_Button.png Graphic file (type png)
<use ./images/Go_Back_Button.png>
Package pdftex.def Info: ./images/Go_Back_Button.png  used on input line 1655.
(pdftex.def)             Requested size: 117.00383pt x 56.90804pt.

Overfull \hbox (3.19017pt too wide) in paragraph at lines 1654--1657
[]|$[]$| 
 []

<./images/Exit_Button.png, id=1009, 38.39343pt x 27.10126pt>
File: ./images/Exit_Button.png Graphic file (type png)
<use ./images/Exit_Button.png>
Package pdftex.def Info: ./images/Exit_Button.png  used on input line 1660.
(pdftex.def)             Requested size: 117.00894pt x 56.91264pt.

Overfull \hbox (3.19017pt too wide) in paragraph at lines 1659--1662
[]|$[]$| 
 []

<./images/NameOfLectureLabel.png, id=1010, 110.66344pt x 36.88782pt>
File: ./images/NameOfLectureLabel.png Graphic file (type png)
<use ./images/NameOfLectureLabel.png>
Package pdftex.def Info: ./images/NameOfLectureLabel.png  used on input line 16
65.
(pdftex.def)             Requested size: 117.00716pt x 56.90701pt.

Overfull \hbox (3.19017pt too wide) in paragraph at lines 1664--1667
[]|$[]$| 
 []


Overfull \hbox (17.48578pt too wide) in alignment at lines 1618--1669
 [] [] [] 
 []


Underfull \vbox (badness 10000) detected at line 1669
 []

[40 <./images/Player_Screen.png> <./images/Start_Over_Button.png (PNG copy)> <.
/images/Play_Now_Button.png (PNG copy)> <./images/Pause_Button.png (PNG copy)> 
<./images/Elapsed_Time_Label.png (PNG copy)>] [41 <./images/Total_Time_Label.pn
g (PNG copy)> <./images/Go_Back_Button.png (PNG copy)> <./images/Exit_Button.pn
g (PNG copy)> <./images/NameOfLectureLabel.png (PNG copy)>]
<./images/labeled_authentication.png, id=1022, 364.2408pt x 287.1528pt>
File: ./images/labeled_authentication.png Graphic file (type png)
<use ./images/labeled_authentication.png>
Package pdftex.def Info: ./images/labeled_authentication.png  used on input lin
e 1680.
(pdftex.def)             Requested size: 426.81586pt x 369.92036pt.

Overfull \hbox (36.81586pt too wide) in paragraph at lines 1680--1681
[][]
 []

[42pdfTeX warning (ext4): destination with the same identifier (name{figure.25}
) has been already used, duplicate ignored

\AtBegShi@Output ...ipout \box \AtBeginShipoutBox 
                                                  \fi \fi 
l.1683 \newpage
                <./images/labeled_authentication.png (PNG copy)>]
Overfull \hbox (2.48277pt too wide) in paragraph at lines 1687--1687
[]|\T1/cmr/m/n/12 Component
 []

<./images/usernameinput.png, id=1029, 198.7425pt x 51.94406pt>
File: ./images/usernameinput.png Graphic file (type png)
<use ./images/usernameinput.png>
Package pdftex.def Info: ./images/usernameinput.png  used on input line 1691.
(pdftex.def)             Requested size: 117.00534pt x 56.90797pt.

Overfull \hbox (3.19017pt too wide) in paragraph at lines 1690--1693
[]|$[]$| 
 []

<./images/passwordinput.png, id=1030, 201.75375pt x 41.4047pt>
File: ./images/passwordinput.png Graphic file (type png)
<use ./images/passwordinput.png>
Package pdftex.def Info: ./images/passwordinput.png  used on input line 1697.
(pdftex.def)             Requested size: 117.00186pt x 56.90854pt.

Overfull \hbox (3.19017pt too wide) in paragraph at lines 1696--1699
[]|$[]$| 
 []

<./images/loginbutton.png, id=1031, 102.3825pt x 60.97781pt>
File: ./images/loginbutton.png Graphic file (type png)
<use ./images/loginbutton.png>
Package pdftex.def Info: ./images/loginbutton.png  used on input line 1702.
(pdftex.def)             Requested size: 117.00938pt x 56.906pt.

Overfull \hbox (3.19017pt too wide) in paragraph at lines 1701--1704
[]|$[]$| 
 []


Overfull \hbox (74.3913pt too wide) in alignment at lines 1685--1705
 [] [] [] 
 []


Underfull \vbox (badness 10000) detected at line 1705
 []

[43 <./images/usernameinput.png (PNG copy)> <./images/passwordinput.png (PNG co
py)> <./images/loginbutton.png (PNG copy)>]
<./images/userworkflow.png, id=1038, 331.99031pt x 310.15875pt>
File: ./images/userworkflow.png Graphic file (type png)
<use ./images/userworkflow.png>
Package pdftex.def Info: ./images/userworkflow.png  used on input line 1726.
(pdftex.def)             Requested size: 331.98949pt x 310.15799pt.
 [44pdfTeX warning (ext4): destination with the same identifier (name{figure.26
}) has been already used, duplicate ignored

\AtBegShi@Output ...ipout \box \AtBeginShipoutBox 
                                                  \fi \fi 
l.1731 \newpage
                <./images/userworkflow.png>]
Underfull \hbox (badness 10000) in paragraph at lines 1732--1733

 []

<./images/applicationworkflow.png, id=1045, 254.45062pt x 348.55219pt>
File: ./images/applicationworkflow.png Graphic file (type png)
<use ./images/applicationworkflow.png>
Package pdftex.def Info: ./images/applicationworkflow.png  used on input line 1
741.
(pdftex.def)             Requested size: 227.63287pt x 284.5435pt.
[45pdfTeX warning (ext4): destination with the same identifier (name{figure.27}
) has been already used, duplicate ignored

\AtBegShi@Output ...ipout \box \AtBeginShipoutBox 
                                                  \fi \fi 
l.1746 \newpage
                <./images/applicationworkflow.png>]
<./images/DBMUseCaseWebAppPart1.png, id=1053, 618.31pt x 1068.99374pt>
File: ./images/DBMUseCaseWebAppPart1.png Graphic file (type png)
<use ./images/DBMUseCaseWebAppPart1.png>
Package pdftex.def Info: ./images/DBMUseCaseWebAppPart1.png  used on input line
 1752.
(pdftex.def)             Requested size: 284.53926pt x 369.87979pt.
 [46pdfTeX warning (ext4): destination with the same identifier (name{figure.28
}) has been already used, duplicate ignored

\AtBegShi@Output ...ipout \box \AtBeginShipoutBox 
                                                  \fi \fi 
l.1757 \newpage
                <./images/DBMUseCaseWebAppPart1.png>]
<./images/DBMUseCaseWebAppPart2.png, id=1059, 687.56876pt x 735.74875pt>
File: ./images/DBMUseCaseWebAppPart2.png Graphic file (type png)
<use ./images/DBMUseCaseWebAppPart2.png>
Package pdftex.def Info: ./images/DBMUseCaseWebAppPart2.png  used on input line
 1762.
(pdftex.def)             Requested size: 284.52788pt x 369.89426pt.
 [47pdfTeX warning (ext4): destination with the same identifier (name{figure.29
}) has been already used, duplicate ignored

\AtBegShi@Output ...ipout \box \AtBeginShipoutBox 
                                                  \fi \fi 
l.1768 \newpage
                <./images/DBMUseCaseWebAppPart2.png>]
<./images/PlayerApplication.png, id=1065, 301.125pt x 213.29688pt>
File: ./images/PlayerApplication.png Graphic file (type png)
<use ./images/PlayerApplication.png>
Package pdftex.def Info: ./images/PlayerApplication.png  used on input line 177
1.
(pdftex.def)             Requested size: 284.55542pt x 369.90979pt.
 [48pdfTeX warning (ext4): destination with the same identifier (name{figure.30
}) has been already used, duplicate ignored

\AtBegShi@Output ...ipout \box \AtBeginShipoutBox 
                                                  \fi \fi 
l.1777 \newpage
                <./images/PlayerApplication.png>]
<./images/ControllerApplication.png, id=1072, 305.64188pt x 212.795pt>
File: ./images/ControllerApplication.png Graphic file (type png)
<use ./images/ControllerApplication.png>
Package pdftex.def Info: ./images/ControllerApplication.png  used on input line
 1781.
(pdftex.def)             Requested size: 284.54247pt x 369.90636pt.
 [49pdfTeX warning (ext4): destination with the same identifier (name{figure.31
}) has been already used, duplicate ignored

\AtBegShi@Output ...ipout \box \AtBeginShipoutBox 
                                                  \fi \fi 
l.1786 \newpage
                <./images/ControllerApplication.png>] [50] [51] [52] [53]
[54] [55] [56] [57] [58] [59] [60] [61] [62]
Underfull \hbox (badness 10000) in paragraph at lines 2225--2227

 []

[63] [64] [65] [66] [67] [68] [69] [70] [71] [72] [73] [74] [75] [76] [77]
[78]
Underfull \hbox (badness 10000) in paragraph at lines 2728--2732

 []

[79] [80] [81]
Underfull \hbox (badness 10000) in paragraph at lines 2816--2818

 []

[82] [83] [84] [85] [86] [87]
Underfull \hbox (badness 10000) in paragraph at lines 3000--3004

 []

[88] [89] [90]
Underfull \hbox (badness 10000) in paragraph at lines 3085--3087

 []

[91] [92] [93] [94] [95] [96] [97] [98] [99] [100] [101]
Underfull \hbox (badness 10000) in paragraph at lines 3416--3418

 []

[102] [103] [104] [105] [106] [107] [108] [109] [110] [111] [112] [113]
[114] [115] [116] [117] [118] [119] [120] [121] [122] [123] [124] [125]
[126] [127] [128]
Underfull \hbox (badness 10000) in paragraph at lines 4257--4259

 []

[129] [130] [131] [132] [133] [134] [135] [136]
Overfull \hbox (6.07684pt too wide) in paragraph at lines 4502--4503
[]\T1/cmr/m/n/12 Make sure the in-ter-net con-nec-tiv-ity and to-ken is present
 in lo-cal database
 []

[137]
Underfull \hbox (badness 10000) in paragraph at lines 4537--4541

 []

[138] [139] [140] [141]
Overfull \hbox (1.0562pt too wide) in paragraph at lines 4661--4662
[]|\T1/cmr/bx/n/12 Result|  
 []


Overfull \hbox (81.3121pt too wide) in alignment at lines 4654--4696
 [] [] [] [] [] [] [] 
 []


Underfull \vbox (badness 10000) detected at line 4696
 []

[142]
Overfull \hbox (1.0562pt too wide) in paragraph at lines 4710--4711
[]|\T1/cmr/bx/n/12 Result|  
 []


Overfull \hbox (81.3121pt too wide) in alignment at lines 4703--4745
 [] [] [] [] [] [] [] 
 []


Underfull \vbox (badness 10000) detected at line 4745
 []

[143]
Overfull \hbox (1.0562pt too wide) in paragraph at lines 4761--4762
[]|\T1/cmr/bx/n/12 Result|  
 []


Overfull \hbox (81.3121pt too wide) in alignment at lines 4754--4792
 [] [] [] [] [] [] [] 
 []


Underfull \vbox (badness 10000) detected at line 4792
 []

[144]
Overfull \hbox (1.0562pt too wide) in paragraph at lines 4808--4809
[]|\T1/cmr/bx/n/12 Result|  
 []


Overfull \hbox (81.3121pt too wide) in alignment at lines 4801--4849
 [] [] [] [] [] [] [] 
 []


Underfull \vbox (badness 10000) detected at line 4849
 []

[145]
Overfull \hbox (1.0562pt too wide) in paragraph at lines 4865--4866
[]|\T1/cmr/bx/n/12 Result|  
 []


Overfull \hbox (81.3121pt too wide) in alignment at lines 4858--4906
 [] [] [] [] [] [] [] 
 []


Underfull \vbox (badness 10000) detected at line 4906
 []


Overfull \hbox (1.0562pt too wide) in paragraph at lines 4920--4921
[]|\T1/cmr/bx/n/12 Result|  
 []


Overfull \hbox (81.3121pt too wide) in alignment at lines 4913--4970
 [] [] [] [] [] [] [] 
 []


Underfull \vbox (badness 10000) detected at line 4970
 []

[146] [147]
Overfull \hbox (1.0562pt too wide) in paragraph at lines 4985--4986
[]|\T1/cmr/bx/n/12 Result|  
 []


Overfull \hbox (81.3121pt too wide) in alignment at lines 4978--5035
 [] [] [] [] [] [] [] 
 []


Underfull \vbox (badness 10000) detected at line 5035
 []

[148]
Overfull \hbox (1.0562pt too wide) in paragraph at lines 5049--5050
[]|\T1/cmr/bx/n/12 Result|  
 []


Overfull \hbox (81.3121pt too wide) in alignment at lines 5042--5099
 [] [] [] [] [] [] [] 
 []


Underfull \vbox (badness 10000) detected at line 5099
 []

[149]
Overfull \hbox (1.0562pt too wide) in paragraph at lines 5114--5115
[]|\T1/cmr/bx/n/12 Result|  
 []


Overfull \hbox (81.3121pt too wide) in alignment at lines 5107--5164
 [] [] [] [] [] [] [] 
 []


Underfull \vbox (badness 10000) detected at line 5164
 []

[150] [151]
Overfull \hbox (1.0562pt too wide) in paragraph at lines 5180--5181
[]|\T1/cmr/bx/n/12 Result|  
 []


Overfull \hbox (81.3121pt too wide) in alignment at lines 5173--5247
 [] [] [] [] [] [] [] 
 []


Underfull \vbox (badness 10000) detected at line 5247
 []

[152]
Overfull \hbox (1.0562pt too wide) in paragraph at lines 5262--5263
[]|\T1/cmr/bx/n/12 Result|  
 []


Overfull \hbox (81.3121pt too wide) in alignment at lines 5255--5329
 [] [] [] [] [] [] [] 
 []


Underfull \vbox (badness 10000) detected at line 5329
 []

[153] [154]
Overfull \hbox (1.0562pt too wide) in paragraph at lines 5344--5345
[]|\T1/cmr/bx/n/12 Result|  
 []


Overfull \hbox (81.3121pt too wide) in alignment at lines 5337--5393
 [] [] [] [] [] [] [] 
 []


Underfull \vbox (badness 10000) detected at line 5393
 []

[155]
Overfull \hbox (1.0562pt too wide) in paragraph at lines 5409--5410
[]|\T1/cmr/bx/n/12 Result|  
 []


Overfull \hbox (81.3121pt too wide) in alignment at lines 5402--5458
 [] [] [] [] [] [] [] 
 []


Underfull \vbox (badness 10000) detected at line 5458
 []

[156] [157]
Underfull \vbox (badness 10000) detected at line 5507
 []

<./images/wbs.jpg, id=2632, 468.7695pt x 210.24pt>
File: ./images/wbs.jpg Graphic file (type jpg)
<use ./images/wbs.jpg>
Package pdftex.def Info: ./images/wbs.jpg  used on input line 5513.
(pdftex.def)             Requested size: 312.9867pt x 256.09784pt.
<./images/NetworkDependencyDiagram.png, id=2633, 986.9372pt x 339.51843pt>
File: ./images/NetworkDependencyDiagram.png Graphic file (type png)
<use ./images/NetworkDependencyDiagram.png>
Package pdftex.def Info: ./images/NetworkDependencyDiagram.png  used on input l
ine 5521.
(pdftex.def)             Requested size: 369.88971pt x 369.90196pt.
[158pdfTeX warning (ext4): destination with the same identifier (name{figure.32
}) has been already used, duplicate ignored

\AtBegShi@Output ...ipout \box \AtBeginShipoutBox 
                                                  \fi \fi 
l.5523 \end{figure}
                    <./images/wbs.jpg>] [159pdfTeX warning (ext4): destination 
with the same identifier (name{figure.33}) has been already used, duplicate ign
ored

\AtBegShi@Output ...ipout \box \AtBeginShipoutBox 
                                                  \fi \fi 
l.5525 \newpage
                <./images/NetworkDependencyDiagram.png>]
<./images/GanttChart1.png, id=2643, 472.01344pt x 386.94562pt>
File: ./images/GanttChart1.png Graphic file (type png)
<use ./images/GanttChart1.png>
Package pdftex.def Info: ./images/GanttChart1.png  used on input line 5529.
(pdftex.def)             Requested size: 312.9847pt x 369.88712pt.
 [160pdfTeX warning (ext4): destination with the same identifier (name{figure.3
4}) has been already used, duplicate ignored

\AtBegShi@Output ...ipout \box \AtBeginShipoutBox 
                                                  \fi \fi 
l.5533 \newpage
                <./images/GanttChart1.png>]
<./images/GanttChart2.png, id=2648, 472.76625pt x 383.18156pt>
File: ./images/GanttChart2.png Graphic file (type png)
<use ./images/GanttChart2.png>
Package pdftex.def Info: ./images/GanttChart2.png  used on input line 5536.
(pdftex.def)             Requested size: 312.98613pt x 170.71696pt.
<./images/GanttChart3.png, id=2649, 470.50781pt x 370.38374pt>
File: ./images/GanttChart3.png Graphic file (type png)
<use ./images/GanttChart3.png>
Package pdftex.def Info: ./images/GanttChart3.png  used on input line 5543.
(pdftex.def)             Requested size: 312.98427pt x 170.71768pt.
 [161pdfTeX warning (ext4): destination with the same identifier (name{figure.3
5}) has been already used, duplicate ignored

\AtBegShi@Output ...ipout \box \AtBeginShipoutBox 
                                                  \fi \fi 
l.5547 \newpage
               pdfTeX warning (ext4): destination with the same identifier (nam
e{figure.36}) has been already used, duplicate ignored

\AtBegShi@Output ...ipout \box \AtBeginShipoutBox 
                                                  \fi \fi 
l.5547 \newpage
                <./images/GanttChart2.png> <./images/GanttChart3.png>]
<./images/StudentFlowDiagram.png, id=2654, 470.50781pt x 384.6872pt>
File: ./images/StudentFlowDiagram.png Graphic file (type png)
<use ./images/StudentFlowDiagram.png>
Package pdftex.def Info: ./images/StudentFlowDiagram.png  used on input line 55
54.
(pdftex.def)             Requested size: 284.52528pt x 284.54666pt.
 [162pdfTeX warning (ext4): destination with the same identifier (name{figure.3
7}) has been already used, duplicate ignored

\AtBegShi@Output ...ipout \box \AtBeginShipoutBox 
                                                  \fi \fi 
l.5558 \newpage
                <./images/StudentFlowDiagram.png>]
<./images/TeacherFlowDiagram.png, id=2660, 627.84563pt x 476.53032pt>
File: ./images/TeacherFlowDiagram.png Graphic file (type png)
<use ./images/TeacherFlowDiagram.png>
Package pdftex.def Info: ./images/TeacherFlowDiagram.png  used on input line 55
62.
(pdftex.def)             Requested size: 312.9736pt x 341.45099pt.
 [163pdfTeX warning (ext4): destination with the same identifier (name{figure.3
8}) has been already used, duplicate ignored

\AtBegShi@Output ...ipout \box \AtBeginShipoutBox 
                                                  \fi \fi 
l.5574 \item U
              ser can download and play lectures. <./images/TeacherFlowDiagram.
png>]
File: ./images/userworkflow.png Graphic file (type png)
<use ./images/userworkflow.png>
Package pdftex.def Info: ./images/userworkflow.png  used on input line 5579.
(pdftex.def)             Requested size: 341.45232pt x 341.43123pt.
 [164pdfTeX warning (ext4): destination with the same identifier (name{figure.3
9}) has been already used, duplicate ignored

\AtBegShi@Output ...ipout \box \AtBeginShipoutBox 
                                                  \fi \fi 
l.5584 \newpage
               ]
File: ./images/applicationworkflow.png Graphic file (type png)
<use ./images/applicationworkflow.png>
Package pdftex.def Info: ./images/applicationworkflow.png  used on input line 5
594.
(pdftex.def)             Requested size: 227.63287pt x 256.08437pt.
 [165pdfTeX warning (ext4): destination with the same identifier (name{figure.4
0}) has been already used, duplicate ignored

\AtBegShi@Output ...ipout \box \AtBeginShipoutBox 
                                                  \fi \fi 
l.5599 \newpage
               ]
<./images/ActivityDiagram.png, id=2673, 406.51875pt x 289.08pt>
File: ./images/ActivityDiagram.png Graphic file (type png)
<use ./images/ActivityDiagram.png>
Package pdftex.def Info: ./images/ActivityDiagram.png  used on input line 5604.

(pdftex.def)             Requested size: 369.90161pt x 341.45108pt.
 [166pdfTeX warning (ext4): destination with the same identifier (name{figure.4
1}) has been already used, duplicate ignored

\AtBegShi@Output ...ipout \box \AtBeginShipoutBox 
                                                  \fi \fi 
l.5609 \newpage
                <./images/ActivityDiagram.png>]
<./images/EntityDiagram.png, id=2678, 1400.23125pt x 763.35187pt>
File: ./images/EntityDiagram.png Graphic file (type png)
<use ./images/EntityDiagram.png>
Package pdftex.def Info: ./images/EntityDiagram.png  used on input line 5614.
(pdftex.def)             Requested size: 341.42517pt x 341.43185pt.
 [167pdfTeX warning (ext4): destination with the same identifier (name{figure.4
2}) has been already used, duplicate ignored

\AtBegShi@Output ...ipout \box \AtBeginShipoutBox 
                                                  \fi \fi 
l.5619 \newpage
                <./images/EntityDiagram.png>]
<./images/DatabaseDiagramv3.png, id=2683, 696.35156pt x 378.66469pt>
File: ./images/DatabaseDiagramv3.png Graphic file (type png)
<use ./images/DatabaseDiagramv3.png>
Package pdftex.def Info: ./images/DatabaseDiagramv3.png  used on input line 562
3.
(pdftex.def)             Requested size: 369.88272pt x 341.43642pt.
 [168pdfTeX warning (ext4): destination with the same identifier (name{figure.4
3}) has been already used, duplicate ignored

\AtBegShi@Output ...ipout \box \AtBeginShipoutBox 
                                                  \fi \fi 
l.5628 \newpage
                <./images/DatabaseDiagramv3.png>]
<./images/DBMClassDiagram.png, id=2689, 785.93625pt x 707.64375pt>
File: ./images/DBMClassDiagram.png Graphic file (type png)
<use ./images/DBMClassDiagram.png>
Package pdftex.def Info: ./images/DBMClassDiagram.png  used on input line 5633.

(pdftex.def)             Requested size: 369.89377pt x 341.43597pt.
Package atveryend Info: Empty hook `BeforeClearDocument' on input line 5741.
 [169pdfTeX warning (ext4): destination with the same identifier (name{figure.4
4}) has been already used, duplicate ignored

\AtBegShi@Output ...ipout \box \AtBeginShipoutBox 
                                                  \fi \fi 
l.5741 \end{document}
                      <./images/DBMClassDiagram.png>]
Package atveryend Info: Empty hook `AfterLastShipout' on input line 5741.
 (SRS(V3).aux)
Package atveryend Info: Executing hook `AtVeryEndDocument' on input line 5741.
Package atveryend Info: Executing hook `AtEndAfterFileList' on input line 5741.

Package rerunfilecheck Info: File `SRS(V3).out' has not changed.
(rerunfilecheck)             Checksum: B9BC81B8EF7BB1E2D6D8E4F0768DAAE2;26938.
Package atveryend Info: Empty hook `AtVeryVeryEnd' on input line 5741.
 ) 
Here is how much of TeX's memory you used:
 11093 strings out of 492895
 152305 string characters out of 3133479
 237929 words of memory out of 3000000
 13397 multiletter control sequences out of 15000+200000
 14490 words of font info for 34 fonts, out of 3000000 for 9000
 1141 hyphenation exceptions out of 8191
 28i,11n,31p,1733b,485s stack positions out of 5000i,500n,10000p,200000b,50000s
 <C:\Users\haris\AppData\Local\MiKTeX\2.9\fonts/pk/ljfour/jknappen/ec/dpi600\
ecbx1440.pk> <C:\Users\haris\AppData\Local\MiKTeX\2.9\fonts/pk/ljfour/jknappen/
ec/dpi600\ecrm1200.pk> <C:\Users\haris\AppData\Local\MiKTeX\2.9\fonts/pk/ljfour
/jknappen/ec/dpi600\ecbx1200.pk> <C:\Users\haris\AppData\Local\MiKTeX\2.9\fonts
/pk/ljfour/jknappen/ec/dpi600\ecbx1728.pk> <C:\Users\haris\AppData\Local\MiKTeX
\2.9\fonts/pk/ljfour/jknappen/ec/dpi600\ecrm0800.pk> <C:\Users\haris\AppData\Lo
cal\MiKTeX\2.9\fonts/pk/ljfour/jknappen/ec/dpi600\ecti1200.pk> <C:\Users\haris\
AppData\Local\MiKTeX\2.9\fonts/pk/ljfour/jknappen/ec/dpi600\eccc1200.pk> <C:\Us
ers\haris\AppData\Local\MiKTeX\2.9\fonts/pk/ljfour/jknappen/ec/dpi600\eccc2074.
pk><C:/Program Files/MiKTeX 2.9/fonts/type1/public/amsfonts/cm/cmsy10.pfb><C:/P
rogram Files/MiKTeX 2.9/fonts/type1/public/amsfonts/cm/cmsy8.pfb>
Output written on SRS(V3).pdf (170 pages, 1732336 bytes).
PDF statistics:
 3367 PDF objects out of 3580 (max. 8388607)
 1479 named destinations out of 1728 (max. 500000)
 1279 words of extra memory for PDF output out of 10000 (max. 10000000)

