-158573128
13641794
-76335085
-202629641
94618772
-190110069
-90851802
1195144472
-111307689
164525824
197888333
87160361
-180284682
-42678331
-179836155
-58279656
-2558065
-23212269
-38992064
-115082722
-117099796
-54132373
-47762439
-172681416
-195383449
-216180063
44759930
-183950288
-5671609
-174298911
168762655
-183370844
197760126
-188922131
212111349
213216073
10431059
-206024919
-152383026
740603865
-31930007
-45867197
-197491841
147990222
34097588
-1219998986
-160911039
-67211186
-101770806
92736321
2125969715
-48104318
131244005
107758348
184560830
31442573
-116439737
-61995734
-104476468
7926630
-157119821
114633860
2046463801
88223947
76637322
106875099
29793053
476229220
-114152633
-22036060
-212152585
-231046842
-50063440
-87808750
-88247932
-642516997
63198770
52413874
-52404591
-169338237
64012466
-134007487
96832077
147620255
138063060
-42891727
-318437631
-142985971
152174502
46389647
211990099
246805988
-68069121
-49609567
-102401074
-5037160
1109594363
180509154
-192765469
-440403963
-628993540
-105492266
-6528792
-128558728
-10652022
65919290
152482030
-132524680
-171433935
192340521
-193819309
39967995
-9768861
1936110130
157700233
-127550527
92423196
75315124
-83633508
-140097726
-199814694
116365687
184533943
155400141
-47040324
-303277759
134047960
-71927154
-41521328
-163344568
119794896
-75980144
-91472260
-39985417
80232049
168222428
-87780229
173218723
-42607065
8690757
-92924871
-45018700
-1077111804
-200553057
-170526599
2021572185
-37596264
71706839
29362272
3540324
-36624335
170999221
-50474784
80129368
-123727971
-51814032
-113422893
-63239327
-124045311
93384500
2033082635
62639286
-720058733
-64923838
-37548183
-68666343
-30292192
-159789998
-181219238
-192213743
-191044750
-564283217
-69721179
63636832
197371803
162884296
64257610
-1952396463
-178678713
50970537
-1252141938
-5362565
-181049801
187799848
10400710
205827992
-62243071
81788116
-564363
141687435
-54786180
67956115
-369333811
-688755849
72251425
-60329404
-194266200
1128662316
199257764
-104451890
-157239585
-145521243
-103358656
-214493227
128732672
198892234
-2259242
230409136
-2111683480
122736288
1088374443
1950918066
-213604832
25916841
-296887804
4577514
45528091
40985161
158923039
-45539690
1255417249
682537335
-163250885
1155203370
346992404
-45518621
122046872
166427798
397921019
188970111
86201718
39793130
-168479156
-137763874
229757263
-73450239
-1133492620
125390630
-59732244
205413460
-25493867
79423363
-48976492
126029964
-724590331
-78870710
69870826
184772618
69472716
704345847
249107266
466347091
-91889910
-157928066
-216898519
-96085203
648085990
-14445774
268779267
75720738
8618358
96753586
1080033675
-1169260735
-161108059
-221674532
333812371
-88320329
65818115
725187670
30372958
234040995
-80003964
-142809439
-147793823
90920522
157278414
76962596
57446208
-59504619
5707051
-2591831
-53637165
89915880
206857779
53256352
13702856
635528
35370280
57682716
35873350
215307481
-152477741
23081369
-131330057
153572640
2007097590
-214174451
103355195
-151804234
-1967761292
-77514465
1283254062
36816183
-626884389
-95831470
164759918
132260786
-67996339
-168294221
-60103374
53563231
200519933
124054252
87579264
184201494
-210696284
-1110178260
29478575
190234204
21430249
-351317288
-80396490
77547802
-166677047
202653928
-169463649
75284006
211029055
206644148
177417626
-209883040
-213704874
185513118
-147307541
-105524961
33589763
-49920828
105047577
-206763329
103329105
127834747
-167133989
1075160069
-654023853
106432286
-205960963
-27446193
-9143742
-133092821
-33769967
173028855
75344564
-12557563
33421320
173972608
-131772339
-44684399
-14148784
-29723898
110279742
-18162966
-130702401
-260504758
-289101196
-26128202
-144635539
167427376
1105829250
160164862
-100120049
30953736
60924966
-70621052
139206852
10706673
1283680357
204076765
15724248
-28054335
56419386
-76724885
1112789915
-215807587
-76361494
206089244
-151393476
-190396658
-25163684
-46365437
-200368835
85976969
203387681
49300437
160221007
83475006
-75884771
3436041
1087237636
-43893591
-1261457791
-134086351
-1244784732
-125858457
137281633
145377570
-139632910
98996
-585730830
91332602
62907218
2070103202
-68606028
-90664980
63447955
-151065904
-49186271
-148036371
214109398
-172824714
-205965681
91151757
-181141451
-70748275
197184957
60545130
-209275315
-32299115
149855266
-111952509
-171456747
146789087
38174055
35867150
420027302
189159245
-83425800
-68856535
165502472
-134695707
9084342
-29735701
-21191396
-198043394
-141767835
121880188
-466686892
-210619637
-157843630
-1778090
9372678
-134871444
12530346
-35657775
94587154
-48377688
26990744
-197010020
209423644
-137948818
34078717
-301343583
-2029320064
-30343271
190836631
-54863219
39492555
1081415033
-62062369
-45421574
75884551
-135022497
-12557882
120069374
2101115931
1178416948
-146714792
-100709685
63899624
-151610099
62948620
193385000
-119381550
106962197
-30566606
-85934956
84217434
-130531051
-304313382
-158904193
-2009998202
183598558
11581709
-698590744
-63304240
-57524340
126684341
16082632
-104964077
-70778140
-94960465
39040408
178318232
136397652
-200848859
120912584
-365346798
34715773
129278350
-77360321
-125514455
63582787
146829170
64736897
1163142098
-205080545
578236363
-331019334
-1149050658
181778928
-166508558
175743653
97402705
-430460728
32787011
116539276
201952772
151976056
-41882508
-1120222978
29448250
-213747569
-26933215
-186366068
121401051
-118292253
180672889
-369510910
5349340
-109015756
-98815784
110947632
-116366007
106144261
54139849
-98172404
79337467
26014469
2054571622
-1992488486
-143302587
56608563
57693812
-3131964
30604691
-16161434
-89527922
-123062362
104402457
95894766
89770366
-102561646
2110369652
189098038
-128030209
45578845
-135173026
24228345
114584917
230549984
-72870775
710253163
-1244164653
419524326
32991577
1968981710
73855172
-138848639
2026043209
-169658581
61361068
263499110
61308861
95849754
619653353
-1187623742
766343
-148466173
160428484
-51114942
144914023
-33290833
-3973655
6961519
-343543001
-52230120
58330931
-142799230
-133192315
-17697315
-346035614
129425866
-165888144
156679578
19233494
-199055169
139288421
1098187704
726592799
-81241610
-42785145
-191244583
204780752
95607787
-82144040
-132974851
195255122
165749121
-62657471
-72024692
-35183821
148005168
153062944
-40723789
134866235
24062204
146601703
-106220651
119394450
73809534
190252674
61447465
134295559
606561464
92818159
-161278975
-67508597
105308871
-118514573
185030198
-203339566
-205013084
-70320049
206395234
88825397
-175837091
125177810
85201602
-190521899
-180692434
-61237276
-194952622
186584984
-91253120
-200538035
103017147
-15627236
50691842
176151919
-27371966
-73470225
-133689963
-102495550
-1246248630
58928095
-103421958
177940259
-90596262
277906187
-49740333
36687044
-111130261
-39104202
-195744314
-68494286
1268080531
203379606
-141006462
2014624386
-136522491
80448262
32594674
-45904829
-103715231
570488513
-154303980
-40521980
-196521763
159106589
421133414
30629077
-125260532
-35012310
125008279
110473759
53344772
-323240872
46878100
-1639274
143358526
-164199764
-179030955
103612788
-139155326
-193011693
-156038378
152353651
-13024255
560864751
49356493
-171096961
61075441
72333724
-46039693
884600
-24572183
129006509
-1103880271
216126041
192948102
-138850528
199237500
-22680385
-106051974
-149736197
-27277872
2007031584
54541724
-2927450
178298367
-194799898
-152662640
-194943202
61130744
-12344277
-72836198
-176131785
-59476957
-174015163
151407516
-112248451
-144531490
1984079092
44822677
-19539866
-127588195
86434879
-212806868
99356602
318734699
192573560
-104009571
-68375774
2044818
1981999292
-61401120
158090146
-20716738
-210682182
-202752107
131285244
-110083330
-203108530
-54239289
663307
-163519719
19330257
-95693437
-48993969
173643842
21592816
121139454
-76476832
-146607936
-49127960
-79591753
108146453
77158703
109935405
-89388226
-14497018
-79950523
-136195555
-10686740
-209731572
168989243
-154503061
210894851
-200466607
34098995
-1078652217
35477210
18246064
-16754830
-202035249
71799964
-47351247
-944032
-172839311
125921500
81869438
162174258
-99323227
136676356
-150847511
-11264210
116849907
-2131739050
60955339
-16710097
80591904
65612963
57461986
74995162
-140719250
-126125549
149551345
-209830499
199124278
12785545
43508018
-56350546
202578010
-184755522
91352082
196418865
-150027671
-61338049
104290498
124093091
-163786943
87788661
158466745
-150250654
-200721302
-40572683
-91232969
-14130620
-610041084
-199398811
186685397
-1222554179
30406209
65001775
-2115583791
157480238
-137010263
51875819
-94607643
201734299
-342136282
23266686
198749428
-83865856
-170008464
722205205
-154583620
115126509
2494655
142304592
-160996714
1250064305
96629866
199762796
22286864
66848558
-111175848
92556738
-176068308
29210636
14203850
-188911212
-2021513826
117399294
-1124727187
-98103705
44963767
-38985647
-99815487
104762772
131868286
-202219331
-21558022
95582863
-1961034652
126731392
141975751
-689391804
272690975
80112335
-184569630
539074685
186010114
54668540
-9829681
150015486
239637500
-220924252
435427064
-1207776512
-99585384
-61229198
8834670
-216201637
-6091904
34721453
-154371882
-472736456
42308909
185235619
173820559
-22495798
88831592
76095070
27418964
48811751
-20984955
-329337053
-54072807
54622427
-109570997
2636108
-125613529
39157398
173491786
92001956
-2062789395
-199719194
102466950
153490041
-168313688
187468780
178251848
144667141
-449570627
-58738969
-71141320
238658100
203661743
-1979078
165399643
-47281922
599561622
-12882713
205074874
-81266657
160800721
170919716
151745789
727572770
-107414997
-157354281
136048588
2087526261
-37938861
202323458
157420671
33824631
125061467
89507259
62150116
51724006
27354251
121845689
95064828
109904285
-55240951
35428481
-987772
53260204
58678478
2082860000
113979108
15728220
-200213468
-19136302
-23804766
-79909513
71959201
-6391723
462309846
-5956194
59083489
-2009278810
-186709268
123346067
382888019
165655660
-363843867
-1151214692
338809458
-119555987
-294040562
-129287909
66652521
88434034
-188518024
-48147640
-113153247
7657652
656174468
131937034
184447133
2961265
49678016
-159289156
211020245
114370544
-209088085
103991713
41520245
-69465538
89582597
-213256275
62241811
2026436709
-160332302
-15531660
40772373
209489743
74817949
138811112
-135714203
-30775648
-2036145566
-158821916
193170541
187815106
146260409
-163287449
121514442
202709910
-80806307
200969001
96010920
194341674
-21610357
124161316
-21880655
-189291345
-72445392
-171062337
152112898
58414224
-1247650065
-211924477
-189434602
-206639666
-2128397804
244180935
-84742052
57612849
92166192
-112456990
220354401
68660383
-81066492
-208610271
-28424230
-204908979
-388972517
-306352775
70311204
-116514876
-137391407
-127278434
140654730
-53527813
44027266
84732619
-155312870
1200916831
-50036234
46918795
-226082352
-6462628
198313042
162344100
79578399
-2143199755
633745616
95869513
15767008
-57645628
-188889444
-213724009
35545386
-133229244
1100712150
-181325156
-187497413
123617698
174252532
1170866842
103949970
-351237920
-85193202
-42991333
10674233
-175379288
-212247982
143390076
-33469165
-104115637
132708282
-173439178
97391633
-41788658
181903393
-165138367
2002608580
-34691403
131937354
6767476
595222974
193414355
-124046038
138402433
-197207263
143332254
169621476
186686096
65391120
105376804
-119861112
-664941444
-1213630334
-46564590
-52982719
-70795960
-203166187
-195785979
53054959
-2827314
191523399
77351846
-162791960
-52738574
112750958
-143001883
-2021020798
-124491528
71698262
143318567
94278289
6736056
-349112943
123366649
175883913
-25035316
138634690
-69060966
-161537106
71669888
-188552376
-75202820
112486395
-19955466
179568569
-189405732
154976780
-101491099
58412755
156555577
-120280697
104043888
-89490966
-99432579
90199664
110082883
-1120566291
-150686031
38402897
-10729297
67164112
50767877
153493217
198062696
-205012320
79558246
-118918605
174056360
237100555
14127272
88227215
2106631869
144918400
42796597
-19997358
1616629
2904331
129840125
13340575
-173256010
174718351
5059659
75121769
-182825074
-95715100
105935690
165280483
-285115202
-235165399
125354399
76768987
74963833
-31427597
-115616547
18279265
104434445
-110701403
14764720
-127722995
-105240518
-183170132
-200379797
94274832
-174611724
-92535952
2118252131
-86781704
-139735811
-84225682
55869634
-87093540
-17243939
71739872
44446142
196315615
-64287790
-109593585
-41852820
-11923912
-27159595
49629310
-155547392
-142122100
-42015748
115572598
130590655
-53586789
168981012
-157945360
-75916174
-194402
2115963303
162763054
129801139
-208467584
-197035300
-48670156
354940277
-14183619
-1947896980
21633182
-38719545
49240499
-215925719
19958970
44536566
-229521054
-146402557
188505438
-36127686
141341648
14262487
240275392
7179765
-143171625
75736538
-210129600
132924918
144347645
164144908
56258991
139467272
61626596
30351116
139807600
-59886808
198618008
-22662211
-194847739
12794540
30689336
-229821602
1942457896
135923761
-83252625
665356681
2536699
-59253797
-33733974
149838920
-74454939
-2132159271
-112166985
114210259
167857118
212678066
117234482
46157068
145139114
-218096246
160361852
-94662113
-142855322
135249430
100802910
-112781078
69852739
111132297
203540480
134657673
-147620059
112085236
179961691
132862930
647218834
-49608700
-200042481
-174410542
-102896818
155831415
-141442814
83995357
-78987041
198342634
-111964308
21379454
63928117
127197898
149383287
-310267549
-42172361
1256609799
89944308
-74597830
-187458519
-60508352
177528614
-136443726
164943225
115414050
162511244
21469581
-128542645
-121206073
-5933618
-151571223
-67508056
-169588181
-70789650
-23773395
471214684
-181258073
99482730
-78760248
-198577859
72440858
172959454
140612263
-1186638148
186108311
-174403583
-178421230
-100585311
60261934
-1161321649
206058961
1973952136
61276317
-130002467
28109843
-177533129
24584130
-209599497
63153796
-89115464
65035090
115179802
-420642496
45529827
117172772
-17690523
-127887430
17166701
-127548532
361738255
-248043547
76824175
97443376
-44896091
291368063
-204911785
-6065886
52848963
-20540458
-1252812431
70529157
-148057332
-90537544
-58728180
158500508
-1976676060
-85564484
195438853
-2021811157
148195677
-19752950
-331676862
171395669
78057313
201460571
236961302
170403107
120368644
194258053
-206384408
-121389498
181626395
-19520017
2054338352
37180920
-2000249151
148257009
-401304139
178148160
75049350
213697188
-125963813
-68011206
37047015
199065706
146929375
41965473
32046128
2027248500
-207012810
171239540
26117618
56314837
-65751502
34928731
-162030439
141472428
164825493
-3546522
-1282872741
207471746
-45891754
-337850556
-30701543
-297958957
-2025767170
14887894
-64017291
-111316573
189547109
-93938324
107203841
1246213011
-29085744
-199263319
88877897
-68916090
64832225
100781431
48491303
-79771782
88132505
-369966
195841111
34542626
-104284504
29349229
-69369312
-145135338
-118850196
208542798
19426937
-204647340
-133047826
-153647575
-106196586
-1969743366
-55445114
-182058169
-63770724
-121126626
54155493
171518856
-69886910
-210168909
95491840
191772332
199910556
-76100341
-140222015
-26094413
-60013846
-13127615
-115576880
71289388
-99974836
195057430
-172748298
-100513649
127078146
-137341437
-131360440
6400544
-156439305
97176544
25454058
658529732
-217725191
58488626
129084091
16178354
-368786657
216592056
-129259330
19476897
144743301
10352531
-108332963
157451517
-47254098
-130328407
16852994
-2054461418
-200880223
1269943850
-451311371
-94308129
60224734
-66592840
167354857
23612330
-95043429
-150611919
7706485
110562545
58647090
-164677685
-146019186
191514954
-118663332
110491397
26757820
-98663170
-154509573
189391389
113826181
-2084670624
-149156237
-93141808
-137229548
54182696
-196163063
26928270
135965170
-27833381
1268863421
-82350352
-75951591
203146683
213525803
-26092538
-39541158
2004124606
-173828242
171998124
3286030
32369465
125334884
316718632
-85047584
80587774
-183135589
-1116580267
-188201972
-104096608
-212772460
134004616
197238984
-158923758
-1214008192
-138302452
-50294263
1104821059
-108885453
47435976
-80117385
100127319
-112175836
-84734824
-5544088
-92159199
-83022999
63642053
-150147716
-97287061
-134897343
-16529746
-189302355
47754175
-72777050
40690898
154797738
203604966
-67556201
99773607
159384810
-193675485
-127210587
162215889
56207404
101454745
-353556132
-118009642
-113642255
-185562653
-193165248
-71990677
32133058
210773724
314595935
-195706552
-250257523
-94590347
133907066
-147403687
204985033
205195019
-658110966
62874519
68455665
-153060663
-94408266
-41496234
184376236
65925757
-120023872
-76473368
429332177
19071255
-211610967
-150406001
584070514
-89093322
-4094673
90756174
167830382
-127099865
1133100839
1155279607
191065110
40950309
77702869
-148781662
206301588
24526802
57765286
136647400
-50027017
141675831
-121490872
-188337242
-632356115
31927242
12669202
-89065891
-137588466
-37268425
189294413
-1117007639
-146815456
38287825
-183329640
68294528
140751768
21415933
-251836329
50702934
-97746986
-2080789667
-181493687
171741531
-392940566
-210986152
208567351
-75391877
-113140578
177674025
-200355599
109829297
107112806
74554608
-220891339
-194834011
390729709
-71492660
-165171769
1232441986
-127923830
39853285
145078347
62078356
-89551576
-1087962630
76170312
210322792
188150426
-213967119
-188214703
171437921
-112375502
124394572
115805162
-589041444
192291236
193119178
-204114870
631137619
187657049
-115572903
-88676290
78603774
161317598
-183142682
-13618349
112192766
367945687
563977497
-151384115
-153077623
-1537130
211012859
164956273
-172072806
52807487
167996602
-124564106
-86729159
-75107557
156352606
1222716730
15628708
-40430394
-84658330
-178098119
-432880517
-742783965
78314196
-200361753
-42400680
-162320152
151407200
111440052
-157803245
-105248089
1840133
197638611
-184568714
-159190452
149553912
-2037465656
-56861328
-159012718
85262527
125383586
-25213303
686895818
-110390366
-2118474565
-1097830088
-92071690
-1492472
-192121356
191495275
184187803
-16063545
-2059614131
-199581773
2103692140
-73330799
102753706
-703521243
-117075269
-21581221
-3993435
-131576843
-85595478
-144758787
-69722357
237902738
191137022
-25335210
-55923900
-179586324
118326416
189822825
37678924
1279089838
-190437277
44127283
-179224453
232451035
118500728
-4854872
-34964859
33603703
-174824433
69128076
-726811361
-6020193
-153180156
-43388394
-148268944
-183930227
189037857
198510243
-114256208
-194553447
-130322390
-390188137
-147025806
161197851
-1276480501
128481676
1110350291
-18577452
205778711
-49230854
-246370277
-149003032
-25193033
-203677269
-204056694
-138255382
1250541610
57134146
-143698673
-39871921
162926393
-2620211
135078846
211550701
-93768579
114684289
169023368
-66624275
69693148
49189562
-678597006
-29262526
15579749
-72817405
32785955
-201287447
139412198
-112156301
102381560
119899633
92376525
-62661192
77110121
81695036
-4299823
-19543999
-20359626
-119638571
-148120826
-15886032
143536902
-600493186
-76305862
-1268280430
103586684
-23256811
-183401691
-103241028
-189264070
71289326
-5067066
-62537176
-49571869
-160478888
11888637
-53541984
-126976352
-123507991
-29563115
66834302
-23032929
-338259279
199103891
-682852220
88897527
200112672
-155457349
168023527
118529208
159412770
-437483317
108857807
29938532
-83925763
-712290474
-184092587
-107047981
136729369
52054680
101422673
106425384
476714756
-557146611
-81122633
-191096077
-194867379
80774597
-46302153
96545876
139794538
-9769592
455867477
48493920
151646467
86418593
6027822
74752574
99745023
-31465830
-19123872
-159550094
40919480
158497089
117571113
-181082584
-75284134
123114811
-8376749
15440117
-197098299
58946009
328406387
128188950
-19943560
141759552
28621428
31440653
27930427
67698405
156261662
64507991
176648973
-178511022
-131561709
85190425
-145499197
-1212530679
-199707221
31894773
1114293001
172617239
209712166
-2053471095
211277510
-133631357
194219604
20239436
137077721
110852677
146614322
-9244882
-142286519
108883562
125329908
-9233035
168777038
204120970
45427481
-150363780
198999211
90390808
-572169944
1192921667
20498836
155144850
54491042
-101299796
191001110
-137534469
-1136701809
-168614842
38638651
-463677422
1418114
-155345217
-3974507
-186794609
-79233790
78979536
199459260
-24196048
-44422720
76189424
-202410927
148749796
-30615525
636958514
-200629199
201493222
-15744804
2054590931
-403091310
-335904636
-29444641
610622619
-57451745
-586427150
37560880
-161599697
-103085123
-131716604
93166266
-4340923
-113850223
69539577
85599693
-90635193
2093161166
-52033685
-220142348
-95196211
-139080551
583502162
-159064097
-60529838
4432062
-1383040
-73474243
33979155
178352557
182066021
192128700
-69869611
-156945538
19065599
1101017136
27953021
-80337466
-61048778
7481017
-88852421
-303827077
90297209
99869726
76853409
194683359
31137546
-181921787
181708171
-160431262
116034689
-131542190
-743521429
-181478462
216191045
49827104
-75559420
347946759
-164394178
26648889
-67199100
685160952
-203444324
1154045534
133123221
252646008
70951742
-23262224
18294096
-22625127
-91209354
-75629004
-194305223
46636398
-2113218540
-54703906
-296974148
-171790406
208082709
-20895067
-141484842
48882822
-161816985
-1153155150
64889226
1113303277
594422733
-175583662
209480958
191248417
-78207524
-211033452
-617134749
36738483
-164006153
-49664684
105813321
-87574655
-4815078
-203837747
-147968292
23231822
-176769134
114907732
133786802
-201230415
9839365
-76729322
-175630257
-1976407
-71058352
-198210394
-1202212654
170075222
-1102282729
-68137729
-45375093
-1250745669
147266881
598269929
-102786045
178863684
-68204595
198720947
197704737
-22392556
-133990685
20799390
3343215
36847416
53951089
-106167367
-75641732
2021131794
158952629
-380581817
36830342
155101012
638105661
-23073268
194083264
128810754
-31155915
-143576147
-147461012
-38700724
-41149200
1985453589
-196617754
-133641521
657883734
-77045988
-70663960
6990391
-29755845
-120211571
191996577
111379859
201460386
162826469
80641597
-188172447
94793208
17438992
192275702
-27526332
-190023400
-13730832
-67143812
-33873422
138974548
-104401341
12759174
-212636827
58950920
7488885
-11270851
261354391
-133672446
147024271
-24899245
175220485
-190391297
56136972
339697275
-189704467
61797488
-1209939820
-428107
168316606
-12885378
-156526152
176070190
36198468
-1195599351
-38609735
-84166883
54550535
153894016
123974313
-127325538
-42163718
140614718
-2060874600
88135165
46648080
-257508319
160663885
-184999936
88157489
-107271870
28123607
-137293666
8365953
-201567544
133421790
35178592
-71490318
-10540381
113479813
-155085339
403293743
-138974774
-150920145
189151067
197606531
-43984078
-149591789
209928749
-677080365
-166347557
75259126
-41099081
-84185766
-166316452
-154461909
149133378
52650455
-93015714
-203671875
-2093122501
686220113
-443603442
3272113
-168903454
-622896501
207425540
1212633271
-172397469
705512315
-60852363
-7953497
-43600671
366097433
-216573475
-112556799
77288515
-2101825721
139198199
456753360
-145874556
60054824
-173550520
-14471759
53536651
198283131
-131624499
-57388641
40267290
-59669813
135618124
-12785819
-56222013
110563023
-185970643
1129603310
-16426837
-162260677
-103725641
-22180581
17865685
-24071585
-141024428
-111794164
-72007426
191734252
547557973
-166300606
393832950
123608966
-57593647
60713788
-192813254
-207444061
-158920096
14709388
12401293
101385987
119098021
-115592926
173804182
-79934652
-39690557
-80243656
59322209
-55121978
144256154
188326159
109260687
132806677
192099259
-63715447
84573434
341056236
-117621709
-78067160
172173249
264490735
-559266674
84327078
134230565
-104572063
2056926664
-38977976
-73426714
-18908575
2029893952
29570036
185868445
45725423
203078610
194518929
9233350
1229573314
-2139905835
-131062730
-81797049
24796044
-175198225
192610053
-80770088
-18358653
-67985038
75947512
201884016
-82435260
213696414
256513804
130570310
68298698
96711005
-2685110
92168853
-123119159
-195559752
78387954
-211216810
278194314
36056338
-131204027
-1995935920
-371487108
171077042
-1141192383
-139164915
2109891721
44017579
-28526721
128649500
-152114738
9414670
237025411
115918709
15773602
120379461
181285911
2060608669
-122828641
-120712258
404415659
-134825981
1206239294
-102469944
-144159474
-146214138
-127417543
58993606
-163597090
104982169
614790722
-672389513
-134320427
-693016035
73458154
189913623
479366754
2108307085
214515898
373866580
197400845
155520226
-55707295
-212723773
-43347247
70528342
-33130810
-106015037
-29322757
66321691
-91083751
-141090685
116127286
-207136910
2012369825
122989032
-73565587
154272092
-20667780
-59877327
1139719016
-55273298
32528461
214485664
62600875
185303895
-12101500
-1255268604
192769140
116698056
153638793
-70552097
64320313
196477085
-8967303
-73667116
-46919228
123535888
-23407174
-175379247
105872885
145434887
111434197
1175874866
200469778
-70137133
205460979
-112943951
176362941
1377546
-153466879
-117033415
9743066
-101703750
-165112551
13371475
-190284569
-215056939
1976406794
228285827
-25991908
183519025
-106098491
74932002
119703794
55477083
218330557
-205286953
-117417769
45223936
-182300190
-196962388
-105628843
100013767
76217252
114223463
91232317
136262262
138464862
5013178
-178932036
-62387659
200862210
-99696171
151521859
-53174093
-84770605
60853039
43150725
87332133
185608987
38404011
131671419
77000034
1127001217
606287243
-197753379
104512134
-194436188
83961453
155185003
-202928185
-99052802
-200875415
120959401
2074514435
454820321
-17729525
-134010330
84106035
-144849789
-157651146
174242772
224248365
2108257036
-542434992
-4586678
169630159
642739
106284270
93311778
171884600
53735146
-58619707
91284337
456537561
22067726
-200798883
-365018527
-155515601
-156164113
2116692060
-35315690
76836318
49719480
193660364
-42131467
-116494744
-161764480
113251009
186186178
86550151
151142833
-43563511
155074385
-71008176
-145971998
-133900527
-55002500
57246592
19398758
-78919759
33799266
176961638
-2016399939
-14269742
-125726056
-149924381
183096218
106077152
-61256713
210175718
104335959
-101195498
225240495
-93523465
38375410
58999841
-156418845
-49221108
-92547658
-180142495
-40169138
82700422
116335252
-173514050
97222978
137263722
-205695512
190139530
-61337461
-115864780
66838944
126523416
227444732
-12851233
749713001
187639205
71522932
-381654444
1003166
159241755
106115722
32979824
11148753
416402945
712425369
309075379
157228599
170866282
-177324447
-166839357
-271533
-175460138
38666887
-66122102
-163877497
-156518770
127280593
-12095938
-210341979
-177505770
346198997
-54981848
152549181
115292849
191206337
390478761
1148554060
-162793207
-1186441052
-110446819
171453696
1230345250
138127190
2144898839
131481492
-76312063
-42763130
-150786663
134740430
-113719610
191403859
133428770
151126340
569368452
-29514230
-78713020
-139659630
88272600
1282361
178041535
-175895315
79390297
1186693327
19985713
22808806
134762982
120875385
-8757616
-207007300
-171198339
46701709
-29358661
64507841
33997337
-150656480
-166276032
-191386451
-9957266
206605120
-92110681
203027589
-84191957
1944989011
-146979371
198818049
1096848469
5247881
386787196
-59329776
48485545
84063441
123729431
192551780
226209588
-51369715
155747068
222962536
207499872
-99690545
37902743
-40376668
-115240978
-93402420
-67044419
210683067
-180466168
-49045187
26160478
212446778
31244106
52896005
186414904
111874169
-76789515
-122066902
-2033129961
183771055
-1101060628
-157836648
-101810711
48157211
118705010
-132947617
-52397494
615428
-60091448
-145322784
57550194
-200039876
-34277261
45000064
110575008
114407215
-569662338
87461544
110010099
-31736416
7925370
1279663135
-160532520
154347917
187468612
-97256743
-22249787
-136913441
-21559155
-35240997
149182174
208294747
14540408
248021766
44138584
-182295356
19294315
75086674
3738986
116724230
70401324
45062137
439775711
-207532670
-120341828
97883907
287900573
20048751
-58506329
1229739129
213305362
19082344
-2106137742
-81885167
-120621719
-194897040
194828216
39545671
-166741954
-717628169
-76229726
2027745981
50379536
84277046
-150292887
-147835378
-147223070
100056953
105763669
207211528
147139666
-158991597
146594171
174469600
27757616
-147745468
-114529695
120461139
20205098
120547414
169202160
-4482522
-1154831530
-181269421
-37598596
59501463
20566809
70513510
156749799
-120053174
-156186647
212040360
-25674477
-82971463
8812113
54673593
205922496
-203982179
-184133868
-207158809
221279964
-184299069
-227044557
-112218133
102114618
-159338566
27895755
-732067945
-155873766
-44973813
-104689235
46235133
-58003106
-42872067
-94916950
-60189862
50704905
-87635891
-13624910
99734603
-49915117
59325413
8734802
180473088
573367125
-89179246
36455595
-1957451629
80650174
-29683741
-95479072
-1123822166
56983013
141062044
-156730500
-564025415
94482895
-22007699
-3498357
-411990994
414867078
-37921774
-552660882
48397245
151308958
-29681250
79602773
89790069
-111099023
-31973834
72326808
-2051783883
197457449
-209905482
-201621969
-8749728
421978608
-211437548
37983484
-15784382
-570197835
-342725572
-7776581
-169845973
90394103
102549203
117267097
156599100
91340452
-131724700
-75512841
22116760
58041152
21832522
-589238285
-127242781
-93614780
40715753
137491795
-618694412
-54537460
244764991
-151958108
-14578771
148441274
-206654529
-212891631
-84716347
165062320
136085626
-405346572
-67346798
31739431
-332473668
71643731
193320969
-154605298
214846508
27936486
358893805
-2142561028
37513209
-62592833
258332079
-85895743
-48957110
16770477
57097175
99979642
-125788277
-76429339
-17798291
-70435677
-34599170
-35143798
187458273
-29324242
-106200928
-141615074
-20096230
-27818569
130935930
119109464
-281843429
711489835
83285567
50602863
-185602211
107862891
-136711456
191934995
39405741
172034335
166452348
-46415577
190445423
-115854922
442854623
149901876
-196009783
-688171545
-126087210
-100226910
-59905434
200983704
175400775
6285362
203484403
118309210
-65543157
189199272
106257519
-61655829
198113358
-121368998
278150752
-454772950
440751209
-114304596
176092700
87512176
22408616
101590135
186472276
-101049359
-19139584
70007896
-184316776
31038367
337882994
-124176945
175737969
-194886940
155063011
-2136715993
-129417041
57298831
-211418438
-189520775
1190749351
-155661484
16153112
-90527231
-124582139
-209689279
198876435
-49920466
129508595
-202158203
-550237305
-120144167
-2030818306
1958778979
-68362808
41815768
-97289275
-128195642
60308452
122956715
-41548180
-14948977
-134451506
-90334515
-378222435
693258759
14467548
-5003755
-19358841
48205784
2129653971
-68525198
-2912371
-206664224
-111856491
59865138
194875353
-11155966
-155523231
2123265784
-191631617
164902503
157895069
-217763978
-118899712
150889007
34371228
-129512003
140420942
-36099242
308861052
196088864
-181719898
-25547309
-540112086
156961545
-181336792
42289096
111528698
3427805
-213825488
-181867124
84161326
-167530585
431350835
102528586
-727595987
-13922848
1965422028
-21680122
-552341898
-83326181
69925824
-5159735
78791112
197122968
-193368245
146536143
703221371
-146426309
4738268
-53159173
-23752596
62060423
-197687406
148969718
-610038353
121779215
-17206546
95644644
158957706
62781833
-131260816
113529245
-100511926
94000091
129411695
-10736210
56261152
192447975
-17169456
-120920013
-167917600
-118131851
1217892465
-104229917
97328212
-245200825
-209059444
-122129736
-206740045
58450724
335103266
16771169
86241162
-139213096
186474252
-108721206
-51244625
-52988675
-30427185
67155571
-137715551
210069638
-113043061
-132986446
102087592
229871146
41538062
-88552179
70201683
579652516
88227851
-148107064
-248245112
-2114422514
117170495
22124173
120633075
154376930
15211538
208507881
192754668
116845784
108086490
2079374294
140069444
182290842
54134243
-2715319
-5878033
-59724446
133197747
-105842192
-2018677174
-90012149
209576608
100549836
18840941
211897981
-442714843
-144014114
13752943
-109723177
-173045918
-172266852
-68594727
67433435
-134414666
-189789720
91930473
172145704
743642744
-191824474
-175291678
-38312253
601088081
-1178889649
-155754554
-63743801
-191364272
84826045
-2003927144
-20260441
87466978
-3841236
-181517662
-154473438
-654755845
85813006
-113405567
100107131
21049143
-112454398
360600376
-113266555
-99173096
-52014489
-25649683
49098723
-62809751
197416194
1248295844
595905731
-56449280
-44929737
-126374101
1268035974
39492739
-58814341
-125719444
32176303
163167113
187062638
-153670349
-1949154775
-685333754
-194697249
72398103
-113674261
-206311602
-64830391
107599160
143179908
147675566
-151431972
126958937
17921098
-205048280
-228327054
201696964
633457453
117410350
-24110975
8320336
-156775143
112213836
-1185760876
-323687279
33912857
166289716
61615726
-27818744
-28186626
-67042900
-96584837
209526828
88453821
138414354
37468703
47079359
-100326584
88008409
51416508
171518198
95050912
-36163881
85593747
-122488636
26196052
1272730515
-690618969
7519140
304018083
-64354475
-90756699
151871654
178917613
114763900
477527581
33288747
-212042700
213509885
184742443
-219308531
123626825
-109037414
144010259
-21868401
137673402
-118790734
199985774
14481294
-208118278
79955485
181091855
-100071322
-162803668
98933564
437291100
-183117873
82237281
-89521244
-104579602
-6543063
30221369
-210872012
-102406432
121330769
-43204996
86536361
42256263
1945259339
-69396288
-2044367713
-184033140
4805095
-167780759
121380928
-1988370530
-188079254
66424959
35353353
139931600
-119578272
-2000464338
152171925
62959390
89845106
-162301125
193098715
112916040
-209953304
-195608099
108447953
188392040
439123366
207890517
56086297
-1966372935
165324332
-163173761
63071171
-129196656
101132406
-5349729
-6456701
-1144884635
614485346
-135676690
37476238
-125612468
-216076729
26560376
200568935
117770706
-28631298
-116135617
-130093884
-96779965
-180048119
-74506167
-125625388
-134409186
-577637912
-138145607
90399724
201361218
1088821054
1998082588
-187619202
-171164799
-64919925
-665947301
-127436571
-178142221
1208319708
-71616520
385164613
-122099069
-590889265
175831265
-99192810
-205672901
2133501052
-76043268
-127920307
89238946
691444161
212777274
154439561
48667452
-41337766
-74485913
-60538034
-313857248
-135997157
-2110427565
-60166591
-157645522
187847190
-45354411
-40214085
-188545911
-50544216
56280056
85163072
101419170
-183939081
-59991960
-30386205
-197306154
108744167
6470165
41350071
-730231097
-34984104
-98617883
175043439
-16159540
182552746
-32678068
-27324935
226488569
-199865108
-207643870
-1085712148
7633910
174200146
182722990
-168145293
183732867
182607184
-40349189
-203418896
-143535412
53110161
109807980
140201186
193532191
137705946
151930749
68468242
66584964
91717989
-6019561
156431761
-2115511735
186469147
337929477
-1153788155
206669120
-87455630
53759897
-155993564
570591906
-583949173
40485225
193366589
-138586273
-1951424924
725668075
42024723
-147620655
-200269361
150404196
116673862
-39043960
-133094321
143218580
42710253
15203779
-191890609
1194887057
14055211
-188480488
85063504
189312265
-132588543
-49824280
-83922986
6955135
230414755
-91951038
-1243686450
-7337020
-145039642
-17546749
13296140
-58531420
-99600010
187226806
162237123
31166166
-1192690842
106618335
-80503637
-68348673
177162203
-1999437630
33510582
1188535498
-748514481
69734109
112106108
114666584
20969221
-384595713
213034548
-15284142
35917883
-1958573561
5428837
80153814
147703640
80156902
-44010114
205883243
201611396
-90263321
-741819212
198211327
-5986673
-12363312
55917326
-146387616
146605570
-206447380
17618554
1214723777
209171082
-39121017
-47211606
11291982
-129380700
-56556909
-343743291
84285617
101928812
-92257195
-158802940
-27499359
6794299
81563152
-203645056
-48679670
-242418802
129628238
-131550906
-89406198
-117775515
203059879
97214749
-188747520
389676774
144645007
-26634859
70642746
85041322
-139514707
7078823
-645180039
35316361
183618202
-140343235
2356298
1273010792
162753746
196796871
191385187
-50592772
-46529352
-27588671
117630256
-170040675
132056523
99771254
-147460710
100917126
-214297844
116280515
-21450278
64662551
-474759472
92299909
-1201686150
-184875406
211632992
17344041
-81715981
52524141
62970638
-3783273
-133741200
-171352825
25333631
166174543
85328799
-31215970
63027004
719639545
-144301175
108783779
41053915
-84462440
-213238892
1215907295
158618029
-187307016
37802113
-92394001
40456359
-104359143
160926832
1281818494
-150065
70465710
199063285
-19530136
-188999625
-162074131
-164576654
154307994
121290240
566012282
11734560
-191985756
-155333191
17577537
-107198477
-153881418
-1950191565
19724962
-91758218
-75837133
-28310754
1233538432
-2058666286
7624112
146582219
-166655908
-39119516
-89783187
-15136037
-25771937
209537454
-108344643
95476188
-67961210
368233540
171419579
177807047
-198335734
-25752039
-175656362
-133014364
-50118198
84370232
139446080
-157556095
1134118706
-122916223
-111171357
193616151
-37639439
24207314
60259207
-21609245
75464664
34145899
128521842
-77636040
52694922
-208975333
151138630
203232648
-26233042
-82226065
-116696547
-105399284
106121155
-123232258
161767993
135784145
-146041297
-2255803
174671261
-87297669
-83824861
5861794
58568698
-113764437
187525159
36945622
-194104512
109377860
-42705497
-178721330
149515322
104285735
-18911171
251007773
-66057055
183035182
188070365
-163670075
-73995016
139975335
107277999
109817718
-90319072
202113938
90334115
-119124469
55536470
1184728415
-633031947
86324703
123418668
151989570
7776123
-98104346
-605683200
193509012
-132701467
-206259357
-1956421153
-25606629
-173142601
-134093982
-4156854
185097959
-16964522
138709974
-102664429
61450863
145893544
202955755
-2143189297
88740177
-192768136
-61913725
-147376080
-104930324
-189281317
85880881
63568043
-1239175415
-129060751
-888539
229223800
-124453111
-98228015
207215302
-43992758
-80473885
126742829
-32905587
-38133528
174145179
-157485887
-96864233
94513849
-1135151295
111649166
-44249005
-185405537
77237728
-19226589
-38027947
161456273
-49088616
91686823
210633318
-21103788
-93805070
2005034212
1280961237
-171957188
148728325
43659546
175351740
160554246
-84419070
355864118
60978794
-113800979
200497290
-58850878
-18851280
-42698746
-61929102
-67644558
81415160
-142182039
173792067
6094447
-62658858
-43537701
-146697277
-129273860
-62431553
39217237
2064643145
-142659207
134511358
102230263
-136387861
671768779
-199724558
-607394
34799875
102754651
45402325
-207217248
52746928
-138811253
108612039
-1188157779
202455660
86316263
128300900
78502203
-204302564
-35979541
187477438
77985124
57323171
109304456
-41882963
-90892692
135848111
36849592
-309507699
134948478
-21228811
153697565
39402795
-1615666
-162822084
208487646
-110568989
41025737
62291212
34053146
-66189888
565234
-92024500
-119725342
-124591992
87145499
-78772482
168246657
-710075240
-105688250
208222330
-168021775
-97662195
-157568194
1155783931
-163960064
439231883
-41803366
160745238
-91278441
579150325
177548941
111986023
-32977747
-126816961
13471399
188347850
81963611
687123931
100087140
-1080266897
-37752560
124094145
16369501
-109100946
133205094
56576185
66558636
10531402
-128930443
-210098697
196451455
21138224
-15552627
-139780434
79565524
132670812
16123906
1034061
-36926352
-2068887164
152996745
-124278903
171264055
13805431
-60375945
-25793568
-2107840250
-304620290
177563879
-145242309
-88434777
-88979352
180710402
-48099101
-99691780
52258967
140973429
-154019393
82336586
-54383682
-25010844
92256833
15163390
-9489588
158765550
-100851453
186383291
39350357
-31255034
-109668776
109428420
-112495858
139489347
-107007965
174774530
2039674037
-447431565
64880974
669868781
-141344154
-208063171
-183845633
193704869
-32686705
-118900370
45384894
-34173557
210917750
152704044
420259928
2020481446
73475397
1086703688
-84348252
65528936
46998133
-165536851
-150513810
2082058399
150477894
104708043
-24980653
-188984782
60627131
87368789
199674586
17093239
577093872
467160103
-36208045
-166843291
697242250
99869002
-44454011
37562210
-30983376
119831117
-42294899
187241049
-240920354
71192980
-61949578
-130836144
139230064
40343953
197808457
-34680552
-166272525
-56561451
-176040655
-33485085
-244352692
-346165972
-100124158
-722458052
-35905702
1155946788
174452523
99902661
-112119509
-11222235
-54439954
80544592
137993840
82994011
-693330094
154986898
-246546065
68569845
153124356
-37588720
11875609
18355726
62326055
165169871
-34942038
-178040412
-119434027
-158232066
705009989
154509485
-159022704
56799038
27219296
63242234
22441386
-114344611
599444534
129950246
199678312
-112024479
51647935
1968088403
-412819389
95552189
80398510
-135968377
-113594944
-38344873
201367538
145989555
1101445
133429147
37077538
239102914
145229150
-48011029
-177561594
-2028435784
192843285
-352434284
2036691901
181735417
143086082
10574439
113056940
-111570386
-108150000
152908584
-86910939
-55152184
284254
2057717888
149192529
40121100
-182314089
-69344447
-141564835
632168092
203905499
-113953679
98884364
-281990097
212978536
-45159744
28682992
91686687
40182814
141796173
-16253784
-40363185
-156345622
89145967
-230416611
-36901826
-189850558
-2636464
203773481
13794141
-84361691
147070558
-138172775
-79069595
-36222727
-2103597222
-40637494
-125412786
169914653
-56794402
-61085086
-355150300
-63756841
-152107842
60006943
-57554550
-85118
477377181
130764817
-335341625
-166382129
149065524
-197147629
-2008133213
-94299245
47986163
302502562
165956609
-86383200
-72220091
-727561453
-728840781
206996921
45248348
-183941440
70510695
-147114477
-133552771
165906844
-14929929
-73474326
179162698
-74256019
-173113241
-1138570307
-556684417
-158147707
118321275
-9683671
-187707249
381563277
-168966629
-1103380762
2001402275
450384468
37718071
30175863
102163748
-1112464017
252507194
69566182
131864651
74674519
-1103676359
43985749
-167106341
-195358169
126351059
-182033853
2131154809
35352256
-28939208
-121396564
229692741
-26973526
24253218
26665268
-131289321
-101079837
227789481
173418514
-2113499312
-192280525
125446264
70564400
-164525284
-161936243
-1134550311
111788034
-17209159
163056595
-1153490547
1078333671
77093744
123749769
-18410124
238925346
7646304
96297477
125307886
76985146
-92595217
-1255719222
112609919
-145079463
120209707
84157696
-125104707
41061379
630325443
50777488
132770374
-153936931
119684364
34419870
-192146613
-244704526
194998209
-31565380
414651507
67796324
32836761
27075778
159142152
216449471
-203375291
164330549
623528399
130367889
-27652627
-151874985
-132640294
62413994
141289883
186518386
122401052
975119
-545956725
694468249
-210292871
2137610400
-41547280
-145671768
77574053
-92233829
-13212108
10344385
194074658
175675128
272062631
71850429
-60546112
-151797955
307000953
-162027564
-135104434
213843099
-745020685
-172843765
-67617662
153806513
56551301
204636135
-170870901
248606879
210644492
156265800
50193871
204520484
-204615593
192805727
52723175
-202081481
44591600
117555460
111087473
-10900976
81956760
-148535398
-210867659
1939911436
-438353853
122374934
-196553682
-191791451
-123927409
-190219743
-68117066
-118164022
18431198
1202508317
-198861471
200035765
1155876457
-143361526
75041960
-149406167
-169662507
160478763
205899449
-27786797
84832722
1173220272
-183291932
117625453
166261284
190842280
162580418
-12405795
-66385113
-325042392
195325123
89430089
-419372012
28762759
-183876053
1157147119
57663636
76762458
-65247231
-46874963
-154409616
88135427
5046122
2016702
2039377475
-4034077
594864283
2023273887
-101900500
79749768
-134515264
158550151
-126970105
-73580552
-134558810
21899309
-121059634
1275292537
-121002037
1287400417
78201396
-61006470
-108147285
-51021501
-743894223
-1206811842
-210288034
-75342806
-53435489
-107137920
153242905
2036426754
-75293830
39307024
-89543863
-1952835177
1219236646
180251044
-217604366
-90728391
-35412506
-11810172
-89595377
-181048708
-167903065
130812514
-208329890
43600364
-421792107
65515145
723333116
38762033
-107092362
-5572549
-81501527
-2023298827
-110525115
-77929155
209897798
-77141161
62247225
-1966637037
-62779983
-115802301
-1219129759
-39827011
-119461317
56563516
72916023
144516703
172010724
42661846
-45013060
71690867
-119965560
-11408218
201260907
25392417
160549335
207882853
186321587
-71118093
151970386
-2040982418
-27336703
-126195715
-146243707
476172930
36121671
-175060675
-209804575
-83806922
175794951
149829277
-64558178
-209861311
78425735
159171489
-408042705
17144757
404684473
-111070431
-115981394
16305188
2073730977
-141864941
124684934
162347163
-70754235
-102594558
-216368379
22232462
-47103275
18540130
177526566
185525456
-2094936071
23783876
447206229
181174925
1979827231
39296360
-109684743
-111617421
-180560159
745008655
-191221935
-139568894
207169916
209249549
-214683234
103698065
89750066
71160546
74062867
74621452
-198050393
-1117563510
-95595728
122127781
-171771304
157825791
61964784
47895243
45659961
-146065436
2076760332
52508609
17090780
187380285
-167484826
-149935553
41636503
-9272151
175200584
-2005041709
-114251849
-572550016
-158534799
-120514278
21952141
3049899
104282715
-63500266
-72723417
-145319139
-21894022
187226554
67066739
-1277614327
206690366
-1177703605
-93411538
194939792
78639445
-120269290
197086423
-55151159
197224436
-14416113
-36235635
-13515689
234712861
-62355633
208307252
-70655849
-214519465
-126542540
171540037
-48030059
104953573
-180955865
-197262205
-71400452
-64518406
113706243
-114578110
-44194032
-9382877
-142009100
149366070
-169815214
111711217
161586965
208288382
174654990
197193911
-197538603
211729850
80943084
29573382
-68693363
-149016939
93540203
191319128
112166605
77173311
-29891898
-14428101
-65992162
10055720
63090794
-29820477
-160778639
124125008
-62997128
171420026
-7436178
-187249124
-22089861
210161583
-66335144
153509459
-5335180
126599591
140450063
-682090411
138609665
-100629993
-187550167
-137266295
-221517975
133185288
-72289473
143255144
95753352
-92751911
54536905
-45571083
244820957
142200162
126239217
-17671073
73624284
35738181
-297779410
-21448438
104056694
-13289311
79226607
159523216
-154051118
102811446
-160494536
138376409
56260567
179104813
-16882190
174387418
190245606
-138580575
86788332
-177102833
-130060634
-75730184
228341178
38139060
-113449480
34202873
-399654796
-71933096
-83192017
-197862623
-202695100
22701126
165158130
-33030628
-144497650
150883995
-48711880
-37768843
23527806
1097625405
-80498959
151846012
141601158
53250517
-148126190
-47340984
-196515958
-68825675
227870112
2127116066
-75923442
10002009
-10796000
-78058335
-1936121358
-138687927
-418595161
72510081
115686781
154938228
29541214
-340985511
47557853
-131571997
-202069493
-12166845
161120682
100381072
203685610
111657822
-20780339
102603853
75283624
-76580865
-83878569
-9310093
137227676
90038457
8030295
-68624310
81177032
-213960598
71068619
-39145460
-135802258
94309172
-351781332
420866983
2655138
-49283509
66544928
2104047010
-160298238
-184258330
-74462764
-174673042
-103230633
721519856
-55558936
1934369851
129060855
-29807540
97150945
-41874560
158440991
146595830
-79873804
-159118154
205884230
1239699865
179784607
-157244573
-197808264
10128123
-47495039
195778751
62890789
-88087459
1277280312
65919535
128824031
-9870933
60764942
-108074275
167697115
114631524
207437912
153129139
13757094
194903407
-39059822
-47327284
185818553
206571207
-10771133
107597627
109076717
-194377735
284378227
2118758452
172761209
-2742787
-502829
130071949
86370096
-44769631
-115193965
179948847
-172411773
-4342841
78576073
61504731
191875961
178737825
-360327359
49333268
207112441
91275512
1264118805
-182806349
-2061198605
-61828088
-15779373
-69005943
77846874
171720774
-134513054
90366634
342706554
165053699
-173713946
-90712437
-141102275
173576801
-68475337
-139086995
-79615007
-201251093
-2122876794
1101419064
-172287473
144411786
1232511957
114022137
227572100
-99806035
-164036680
52193298
-583084
45068158
47599159
-46072182
-143104428
593432302
-65373043
61641786
-46379835
137024548
-114833855
-86509561
-99172161
-179391057
-15615970
87687545
-33746772
-163907142
-79207768
2060102215
115888123
202786686
-202870470
152210001
-126736578
-70819780
-126398725
-97271956
-80727911
-74925599
-205903913
-213440206
-101108172
-77662875
-181081918
-88253896
5866091
38832243
172148792
-51605116
110844105
-461380994
180031464
38801271
172609984
70613898
48224387
-19001590
661003740
44610515
-133626897
67968029
1136159159
-199834504
76772913
-6194611
63670386
196226008
102870598
-51423806
108686875
-60204681
237054542
-2640694
172519972
107312637
-174857606
-681133706
152326569
34576236
-161037226
-88862830
138831206
118663581
40883326
-174534782
-1285569413
-37429760
-122630221
112788558
88638965
-205891479
-8760195
-381966696
-13260317
-76184796
-599609804
-105814327
-157221386
-183197173
-47799781
120960868
205891344
-77784197
184753321
8678026
434225874
-19740161
725167404
-188435413
77920294
-56082761
27557890
164722932
264296913
-187352526
106065377
99828000
-54337944
189089595
19131035
-71908913
103934263
-596203558
-8166748
21139705
-2042001524
-91517850
316465328
211050419
-189975872
196336192
-52828723
120253261
-121400574
182349912
-159800132
-108471843
-197943080
100158248
-102611763
-209637216
172225994
175577162
-667337746
188890261
163017110
-6573729
-114017823
-2120617353
153503508
-127736083
-95175940
22313806
160720299
360594650
-18913314
-105808859
152133987
158410351
177335254
66878929
-11947978
222024013
84543790
-38194788
118309692
79650626
45718139
-359284151
129433886
170576577
-28499728
-49347861
-132968266
113898354
87935622
124096640
-113845971
185646147
1124139
45775124
27990164
-205564812
-148499735
-111435384
94816026
4349562
-100984834
-171879608
158942884
-129537930
162918551
162333189
142838482
-337308263
-668976072
201900634
2082303426
157028500
126900642
-125227546
108828116
144927437
94883853
-132829206
186954895
139965224
-53053398
197826205
2121240752
43607010
27957235
-219269609
167256500
-78790157
-27239363
-280631162
1266312070
2017461
-201879598
-46680006
-146589385
44004755
70241392
-345731961
59101722
-50439952
134061307
14974670
-200286790
192370196
-538904634
50453660
589722268
-67226889
55490369
-108824974
-161144528
-37343018
-162989724
61194934
146782729
-23027106
-1976801622
-69827016
89785037
-108921549
35321986
-180504272
-24671805
206807099
-1150289599
180167363
73641217
-58286559
156708541
-220345364
-99661563
-32883279
-138418231
-107361168
-117082176
-208774077
-41904062
-24786878
-125248758
-121591683
187818584
164864287
-58147761
-191288218
220793129
-412622636
41954924
50872912
73589417
30233396
-78782016
50497108
93422906
97681536
-6613465
175250733
577810048
128752486
-30613563
196046699
-143965607
165243886
7685258
58057853
201334599
784050
-83117898
-1126814166
177429592
-94935757
102062749
-56057847
175972863
-74052357
-734068926
-1986523310
-56464674
-92447747
110356005
-75239333
42277039
-105917004
80950534
-107500950
-1117290449
19250206
-211007590
-151631325
-67093301
36790600
216474372
105580384
106716110
-206465358
-98668555
-154796369
20052584
2114490152
173401542
-11984956
-153987560
157094963
-105269098
-132263104
-194078938
55938027
-12629335
93737838
-53105975
-149377168
-161611143
80243676
-162017001
-127779808
-176798189
-74483210
199414948
-1933215814
200806187
-113396967
71423722
80452579
-40903905
-134346998
165804388
-64795377
-357462955
172132078
106262039
-26577326
2095409
162486528
-38131306
-145228863
41837190
-105196727
-20697571
-118980711
195653617
190982552
152447393
174066406
109387784
-154590474
-202939081
57869840
-19722489
-196142351
63680881
259155853
93603998
1180688848
-134922396
-1980913395
-36922721
188662094
-179208658
89250480
91464178
62063803
569623301
185091100
-84446004
141767641
164926623
-76805706
-209635753
167766995
-257205660
548294943
-11708175
112717824
-9233588
132771579
129586412
99860270
51754808
46739264
58852761
-207944207
-87001778
129813451
-93977476
10674944
-8454381
-172189439
1112728672
-102713841
91751545
165001279
186338744
44291014
-110316842
-155844142
-169268585
-133958666
34756014
168180478
-109249189
-197092581
-54743642
103135573
21005000
169809309
-209381215
-107379307
-142623983
-15103700
202113377
150938634
-132950434
-175995852
123642373
169022713
173774743
27786991
-122377677
-194730366
22609139
-44472134
187673699
-3276540
-133844040
591293611
399777876
67317338
-94607886
-205512912
120494171
115379267
-96952163
148841684
11438699
105549049
72178983
69445655
-187929418
-177250072
-1149410304
96091090
75209839
-189400071
98274957
169860585
8141787
-19302980
129394345
-240939557
-72652977
-3675620
170695201
157404357
-12385172
-248306729
-617031648
-132068398
93703082
41121843
10626832
111428688
-170688439
555133733
-23683244
191205647
60677640
-142125340
-318798986
55266969
-125196477
-41166949
21100594
80574172
198402455
74299104
116367466
-69577490
-168898330
-93553034
-74136362
-79834821
-628063205
-10756863
1242332138
211300313
-453353139
70698787
-49988058
30835142
209328519
-1992328050
-134287113
568741846
-185435509
-154953833
-27125352
104508426
1939311662
164436930
-72784651
69678925
-53431078
29676268
-115437569
24332433
-64463886
-196603494
139489940
-200625914
213754365
-82950352
190386956
134439667
-135857531
2048706628
-226271084
-96085343
-112701387
-212367087
8509334
222769308
1981095069
-70197586
59135591
51938285
-6679513
-48696586
641033759
168328763
-550627047
70467169
-33883638
-15830437
-205873987
-121202086
127012738
1110693395
-122291229
-88493146
2133662376
106860523
1091342638
-205422700
-1260870380
110144925
-594333217
-129326626
-333740191
-81440070
8010477
1999773123
-7833257
66896572
152454174
-101469255
-202161529
-137344044
-18123434
47907655
-81135776
179846
-92288765
-174061391
1178267462
-387384192
-45860361
210262472
-49164291
-139189269
259442570
-1174267234
-69404973
191056984
2861774
158404273
-24694999
55958934
167407927
119195592
-185665270
-629235996
115855586
-141415916
-165072714
1175570024
12985449
90608988
207795365
-198680298
118946890
92008193
115043880
129886355
39805322
12736516
123067142
-16186806
9068927
108980811
116300717
92185329
42528355
650715927
209054930
40555508
702850758
11978580
34460077
-153470656
1089613
-213700754
189465125
45604221
130060038
6631761
198524080
-47044942
17761215
-203332956
-40508967
-120270157
-2092307743
156557687
708583613
7623662
3240841
-50495432
248816333
-661651640
190698210
106665095
-41395816
82095659
137440401
-122013052
105858872
539371757
1177568886
-85206460
133669080
-178161262
213407106
211752193
165862607
-37101426
13778395
-106530335
-113208155
-74717586
49779615
41423088
45901115
201872180
42840136
136643620
168284609
47959122
-54832469
43207167
128200322
127150741
-1089194028
-55307651
-159012193
-2067589818
410180280
-117522451
71955913
-192813578
-243805093
-191059354
702908367
29496685
143842927
124042772
425658221
68646448
43639702
128718357
137844018
217944655
-192922371
165888643
174511727
424218829
-126191374
-41890311
128547383
18800767
-181907052
38357900
-187950269
-199531164
1169465516
14613707
18317393
9305834
144596604
-152905321
203212275
643704905
87222068
134218059
55956706
217052491
-84721883
63450923
57387383
35043496
81221914
-2099623150
1174197584
-182447586
-213650786
-246367251
-14052249
-172548969
188059734
205222125
73271383
-209230515
-186179898
-69955816
-38083839
-174634506
120596405
-123341808
-75933080
100953831
-206988034
194464730
-159620461
-214562253
187467244
-191461463
211274671
64290298
5634334
-69209384
-168034754
-57005961
51388039
93172794
-59437210
56367178
-130169512
18014973
212938130
-29850042
66384474
-129664856
14589427
42137398
-164292569
-14953568
125205834
151084009
-3405121
-83763672
1261347735
-57122659
191757857
57730709
-8156564
-128061572
-602727819
-61525395
-138637608
-49303392
173253376
-142312222
189161796
72236922
-104328307
16960140
78977491
209227398
-12040912
-108557029
205333031
-177776005
140198290
-22592259
2037717031
28894150
-74399389
216211948
-96836404
-213428752
-170465702
-190351073
-50917225
18617103
-53770961
119940945
-155455740
192483343
-137240205
-205098228
-205374571
69278368
-201686767
41151764
101703973
-126930575
87373520
-102332543
474345244
-175686967
-159919532
-201728859
-653356063
-83486876
-113351656
-138230450
201637995
45061547
49561983
198347592
25057181
-165273403
37310662
74682207
-126812898
-1189851582
26558923
337711452
-81223536
-180227220
-97960713
127953345
82489407
-203647581
-167585128
-50859572
-27328033
124675597
163953476
-37448970
-14675965
364832920
2010128630
100801618
-189901672
126021589
-43727593
28810747
-31913210
112792774
53496331
289120380
-13466249
-122568847
-169691841
-71264105
43520871
-1942102104
-750095254
-173436263
131203468
-58867626
143350536
148708956
-126880032
63256255
20150011
41692077
48296586
-25287445
118142819
1255667040
65525971
-176295110
-70852254
8050259
-146184523
122191739
-77445614
-209586839
-105884143
70783746
-47723196
2130775971
123753051
-25175408
-114381973
210785865
2060601960
-117452791
141582543
-113718064
14491766
-250515858
-140676169
1990072747
-37676245
-1955163
1163381
596887411
90091996
-29519400
75441220
-111290354
-2054314378
-62418090
-147474313
-8071700
-213272070
-132087948
76592321
44580060
81411500
-10247995
-122206735
147438403
109355669
106236827
36759368
-82471652
-158118533
2065534523
-169551036
-561528271
125886953
-9921493
198551712
-93044532
147724476
-176417958
-1942130388
-93570731
-90171842
280649000
-126299984
-346581651
-206930195
-118620925
-148850161
-157520664
1220137691
-24548189
92999528
139495543
142931904
-21728902
1355095
-192382128
-178573764
-103751431
-217798800
-148790386
34188768
-727458129
119772777
-141114170
1169630011
214309215
184498018
-59813910
618468014
-94771349
162775569
101618760
89488044
-83652609
-88581531
-202756800
-93061020
-95844248
444555344
107569177
-71780275
392672568
-2126178795
-26821253
-209678694
256858325
-185300247
-136823347
-197490495
-114486638
-575611794
-80144488
253969420
22076573
80706955
87912818
57243992
18859347
35485188
5442340
139877604
-1226901375
210456255
24843939
-178704244
-157635991
38424638
36366733
144340326
115872085
40887398
272866
165076650
-173708766
-191408141
-210968930
103281102
218760436
173422795
-197537408
78853287
-24370267
250623515
-1141790127
73499277
196064382
-179360609
-166558973
-193880024
-7253488
-72946211
-110599534
-13074475
146491925
95643314
179769816
281931337
46821759
468272
145429045
-257541186
98887008
-142730401
-1926361
-110406675
-91650630
52091052
-2041488004
-93024514
-57963969
-131981342
53547363
1979429057
219722379
-2027881839
-146417104
169792063
104069946
-91531915
-72690943
60977329
16853298
201160808
55773417
152024929
-715875470
34054099
-193515546
126393239
91981640
-98202224
44293150
-195647592
190409922
-110795505
-196726169
202221377
183538475
120864233
80149796
-61143579
242934942
-360095845
548181414
-105657872
-163181594
-52388
93796816
202552503
-115972213
-199186784
34404368
-113672216
-156756768
-448933741
-214366799
129217377
-60120985
266152856
146031389
465244479
12357595
-100950896
-146374914
44925414
-43132233
1160460036
-105842631
146073863
-36513578
-178562248
-49265610
-29105007
61380853
-219663584
36832821
136244994
96569363
-205114536
84334785
-44912873
36677542
73903004
-660530447
177876047
44959803
-57769615
19671187
-74218611
91874746
445583974
60830839
36004415
107776916
132283020
93584987
-150681076
-95960187
-193820101
-148039313
442365472
33339185
88758342
-1114683837
-10064199
37132668
-2011012276
-72126375
-110431111
-112167768
100478790
-122502583
69213086
104613195
-25335303
21794612
-37082435
-61320478
125178398
51854968
319401646
25705547
-160399890
-23589776
-36512678
12685090
-12215772
-156859409
-68578321
2090401761
-170281820
200743444
-195858989
-89332771
-74008188
-151045333
172171748
181330606
-84713151
-127024448
168997349
-1227579840
-206449112
177126328
118676326
-11714538
165046854
153362417
-1263524793
-177224591
119267917
-42212517
-92291813
-32600302
-1939625304
-180558784
19783102
151825421
103275613
-72515925
-186386665
-33419059
211118862
-39037546
-66248213
47924551
-18667049
68217460
-99950634
-19652827
-184090073
-116311663
-6183264
-735855
-650868582
78184390
58269431
-1187307244
73391539
106273253
-153992612
97729330
223245349
2090050029
167634924
-217769487
102946555
257088393
49464426
-1317605
48177602
53208720
-69703360
-109517199
144027297
92624650
-128746901
123663122
-20987399
-43387121
-1232481959
145993305
-140931277
-38672889
2094870598
-412703500
-94161624
-212911043
-9320335
452413
-2559938
108251218
2118861795
203836299
119735217
200832156
-90428027
29617285
-98279246
215078377
137637596
194505348
195186234
-87722247
196300585
-78423420
63863921
-134338268
219682994
99709167
191914226
109005243
179435113
-1815576
-182111432
-151999958
61248068
-119542115
29111680
141959184
44650580
37647230
-118391601
-4086200
154874782
-152078588
-183547061
23224082
152293684
180566013
2253158
-240154451
34173121
-104329622
-32817943
248434017
94859697
-41303269
138288569
83549180
202936925
95041415
153764639
102198373
-14753467
-1252600170
126963999
-5801296
24213187
-70120989
90968800
64986075
172304412
301466937
1271716152
26669138
27406482
107305191
694551174
-36072028
4724872
-169169390
-176577587
18845456
140317355
78727733
-1970930019
-186040990
-119442277
-196630457
28437820
-162478278
-140625090
-77982445
-139320846
197340744
-1240499
188394880
92932381
200578150
-1997358741
1126197186
454183099
-146293840
-128523577
-85847236
162296417
670403411
161371525
-8222792
-75789972
153917701
101243328
-69970796
-11757613
-184972160
-123974857
-90664748
175282328
-214335612
-102799141
-70749015
-283132168
-649459168
-129551660
-111175508
-385370056
82056409
-276596124
-338830321
-36003122
117666429
-38888029
176348508
19730939
-93967002
-204534763
-100165685
187403734
60588438
89999386
44702584
193569810
-89021558
416179042
127080187
576854394
-164261539
12252662
133457225
1254587017
90810092
-351387720
-139554193
-108819882
-160322618
108560547
205664157
86524331
-87487673
93617188
190295426
-87608681
9647490
-152645410
-66419831
-127750044
-129391582
-457822863
-11871021
1999951533
-8916759
-115359220
-136958955
-193476896
-18712407
148024067
-79790001
1990298745
-111028894
111393158
34201129
138437472
-29227805
1261000045
87877645
-135599181
-60656579
16727713
6172677
-180878333
-59591115
61766962
-148719585
52245867
-170858820
123638029
87421864
-10702585
81049325
13976193
-20297697
-3901136
-51513408
51573977
-13265366
-116779495
-66788919
168251370
-88300665
-63588119
-193072865
46397012
94525571
3696911
-137375925
-1965764514
-121229130
140934407
-80074767
96926707
205148277
30722575
-253401483
1142259145
94933496
177506652
141267745
150397187
-183920113
-203343134
128000127
149137362
-187025627
36823255
-599592669
66864905
12053183
168724191
-27326647
54242889
661315470
-6059846
58691726
-1095228863
68762981
-20886940
-32357033
92176679
1216688261
-29949590
79423758
159119363
30021933
2129983030
-1121694765
111684478
-164448116
-196184412
36993031
-151537849
98110719
84974029
-94137120
1267698938
-112996898
-96565487
-151698190
-8742508
-199941490
100341816
-6208394
-96874586
103412236
-54291576
222602526
148710282
-33585186
-1993226681
-21222325
138050983
1250005636
-231947090
75282049
154355360
86045968
-197944726
99782994
-104229682
106029632
121785422
4461948
202731555
-1228927443
117951996
-125950359
-113946526
-41534462
61084028
-45595549
-1108303500
-52550358
55019697
28234901
-203663806
-649409442
-429870275
-1127234290
190949684
-98902762
12566214
-89766051
-91181887
-128161851
-33497938
-112554829
7776470
79180378
-729996750
122601160
-47886392
-201558439
-198702673
145497502
-72593137
-1692850
28293467
-46004368
50606427
-141702013
79869205
-31935548
181746148
-28720712
-70002350
173624142
-458938372
-93276374
-60367055
209585830
97459233
211028580
41467013
-3187071
2088064724
-357213299
-69749007
-224107148
178738100
-225972143
-274117281
179471521
-151354466
-88587892
-179742361
202528692
148895208
137991798
180715632
82160401
195331108
-2071547351
76493589
-96872566
-561381193
-150402285
461280997
-208490245
65938786
-2093070996
180938983
-137324156
-245822050
-98135130
29050927
-188520184
-96502064
126940601
18876741
-69112876
2871972
25342809
82142514
-207674737
3618438
-217046593
-180567953
-81673218
-98583076
-729883809
-95060251
61027666
51695097
165901674
-84869808
180090242
208773871
-147021967
157679818
114816119
-117882772
129528603
-26262286
-175487588
-144816760
175566097
-25784247
-707134039
-167689959
-41838105
35540332
152554752
-73201150
-142815599
-10692031
40988126
683812075
209860272
-158472498
-405853742
342329217
-4741797
-1176454496
197944787
-78119186
-171185043
-75962232
-65196638
135813280
66585102
-231794059
-41105652
-141422932
175144330
-105358063
211275057
105398936
168702079
4092622
118078444
-105583899
80775297
-98389628
-213685299
-53337495
-142151253
-6800377
46639055
-99830585
107870229
-104911295
-21109997
28573889
28676702
-16521383
-62711950
126603322
-135566769
178238087
-684283587
1265399322
132462887
19744840
-55015058
365573957
-32937254
124767086
-717608424
-145780501
188961325
109080086
-106633131
-94716808
123917075
-102244957
-163721364
137455934
-18890678
143105615
-31040786
-101678882
39519097
-1131988133
-113016257
-58362667
-160262525
-22373237
-211632182
192334264
43008649
-113636484
-5832548
-108138181
135059696
-203451854
30472921
-707994868
99838932
-208677051
62417047
150763778
101502075
-167955806
208974209
-212781761
97545238
-134768341
-55662489
108353587
-134541312
-5637751
-190115386
20977430
-119573663
-110292848
-123056329
101064649
-169125473
155236854
-1120037676
35120442
1134910353
-48517202
-14518775
-20879926
-6898726
-586830071
-147631261
-35576888
8602792
-416646505
-24803249
-618958170
-139073880
201720447
-186189552
-29360788
-2115192089
77848513
-139952483
103095803
68450836
2135305895
53126655
-3543980
-173332543
-80825084
-744534494
-173252316
-117760058
-102567483
34137272
117637805
-214666077
56001943
81519846
-105448925
-53205575
40538345
-74829878
123705184
-177937793
204062530
65944820
151792310
174055512
172639706
-2039804949
38535805
1941961330
2886519
40424873
105164563
26232662
210531907
-128888042
83918664
36168728
-92973150
213481201
-99671135
163869803
-4042248
-44221980
197193080
-27110178
-3342769
-186383174
-182022860
21508680
136700137
-140206081
-84253951
-26860448
1956675
-95963362
-153294008
-1973301223
-154958852
63243537
2053855285
-115814629
107116317
138933501
-462966037
29907484
-131356424
170831224
-37371751
1171465273
-189889486
-99111768
-43011395
-1124212686
-180094636
321819536
-1080873512
-73520106
-181905642
-71838455
64330897
-239866290
134620674
88698406
-164522990
1209334409
-187882063
-94239263
70472666
195345596
57864125
-723942293
408574279
200701986
190405874
75344438
-201228625
-87808400
-42766179
72607588
-60381657
-32356027
476639127
-1949195124
-1085414938
-102925444
2019152635
-1960086825
78605307
130105383
60654736
-189650731
132371344
-148853789
21467035
-129851516
42376235
-184265562
-113511697
68454004
-62623840
-60879672
179027092
-420805121
-419563639
-27522417
50510778
-189940913
-165021772
127726724
-35853987
13951121
162154055
106159551
47261971
-104243597
-9594158
167173954
-193906459
31531220
-16270375
-20162229
-188113377
-127325979
-126658205
-204619720
55268916
-161736204
-118721002
-199070743
29152386
-41976667
-81853961
139064849
70505547
-149103374
-1080651657
275824243
-178080677
198755316
1076879735
109076150
143738211
-98561055
-208965167
187192354
250381209
279405166
-54027875
11806854
-181096329
-170947916
-147579633
-207447336
138861327
44128362
-1195718296
-126888255
1278923867
-58987444
107517769
196899019
-204181594
-80213289
-39216128
86331949
-172673353
128543317
58955017
-261381987
-124963070
86898871
-156842863
-62518961
63133735
-63220294
-182041161
156429851
386061179
133909134
7959589
67591568
25760285
-91885474
-77737381
-19281617
2078123350
55734651
291872229
-209788856
60811176
127967621
-2034550521
-201558111
-151004297
-189649553
-90059029
-45078435
-128438799
14261281
-187474051
115722576
108564373
124904041
-155812666
-45261790
-77601899
600601965
-208799272
92623898
-46962598
-151838097
153052105
-94284486
-217170773
-58646523
200164194
-81236362
-206288604
112164731
-134603196
168006145
117714093
35412131
-611075202
198574253
-104217929
-202701820
-189066013
179177513
-172900800
13462759
732099756
177960687
-106260829
-178021397
-11393642
-142078106
-104665844
-198568753
91937676
190709620
170611458
-167379561
-129670155
-26443296
-204827553
-217059806
97181297
165252718
-2041400428
-207952091
44223130
-108774885
144452112
67904361
191699068
-1949715981
141155218
118505065
28018205
210639471
61673045
-537433921
69828163
206197363
151360309
254866222
175181398
62058027
207493131
-40952649
-103466129
210400372
273908758
-135023605
156361996
250611557
23860269
-214417575
4102296
46002907
93747970
-90486382
111555327
-20822087
-206005546
-105664533
-210895368
204051531
-159896189
1132975500
-42045100
31125944
97100471
101361742
40151103
-59798826
157938295
-156712403
104160872
-202191519
-17038998
17478384
88371479
110755537
80631329
-161841444
153005945
119246236
-128493231
-46605584
-87407576
-60625149
-76766459
79408251
208806791
-27803069
-23186407
78231795
-105648670
71341537
232660335
-63886384
146728815
-107528527
211256608
51036482
-202485093
-1257806986
210506403
-119158593
-41470301
608616811
12984671
204386679
113057895
-11984265
-198641659
73575971
-90035331
65394891
59198345
53569237
12771251
-210267610
-2102195310
149319856
-613842232
-78608308
-64565656
661228273
68601136
11497747
205516950
2104743746
1173493923
7478833
8656968
1226337560
-623788111
164678719
-141019989
25798186
118093026
-193312170
-159598536
-468354984
-365476310
51307837
-208537924
-206141266
75282333
-214610826
214437685
-146449014
-17963163
-1170673917
98700175
60825555
-158578700
-115230872
-125007435
-117626753
-194367955
-628538927
51881740
161942898
-45719642
7002601
-162980694
128503799
128559662
-100874517
-93616933
93692152
-36462802
-96470564
-2141676527
-100875377
37703934
111473052
144503456
38810354
-76427422
-108688732
-190321058
240873186
-133970408
71202736
184448916
-114464091
-176036422
56794276
156571631
15237691
-187468755
-140892807
-157897189
122162400
-106446466
-45724889
4287649
28629867
186728142
113553410
57550086
111979829
130848806
-93470191
184845908
53163473
133511460
116971288
-14201915
74038404
-114054906
107535384
2095195076
139223388
41378851
168040550
-195756459
-2019549023
-14211263
-936780
46360553
-91819086
-149451479
-31918843
2032780563
-133256452
42199294
77236708
560216205
-148938574
79819033
38247173
-244758211
-74297396
-112783610
46084411
63391440
141868317
-181552839
57714109
119358810
-46028905
-50858114
112671046
202284856
-108665374
-394755306
-26450926
19657253
-1123094470
154646816
85746643
-193105999
1976408380
-82952417
-3869860
20777031
199528466
-53952528
36700304
75949903
-225401885
228169488
13766155
-198856002
-34007761
203133729
101680010
34854580
13010542
111552506
-163493987
-66037485
-207118144
-192653804
-140330161
-109180364
210495790
-304349572
-16466965
727580267
-150674424
72260311
68838256
-2012498544
67685808
-12362426
31331515
-125394088
-210042455
-21845564
7550536
60415568
213625482
116291579
130580501
153509281
-165062853
53702873
50689506
97333470
-34542727
-36682275
199488352
-149345766
-114214170
-1933006348
-324227193
-55613884
77301148
158568991
-71265379
-139366383
-127144016
-72692571
197934667
53493313
82098810
202874328
144127117
-157084761
-122706864
-65946084
-83129493
-58034628
-620700191
199195352
-41292867
-42060748
199991474
106461163
-48893269
-178820256
-177899907
-105832922
-61687518
130147356
166328450
-578157066
-184922142
-39036951
-104303320
-133781668
203458252
-163091436
-126684808
543073054
-209869073
33079774
-8145644
191343677
28134308
-152868923
43293899
193271358
2122152460
100546224
105004105
126783679
31243726
93257960
75052676
164300299
-372337214
135245998
-37474594
-1236388794
143910220
79750756
198688208
-40039680
46079110
-13593507
138510385
2107925386
115329687
47819884
82863852
124805757
-2028491227
112697722
3818780
18304361
-35447168
-13344702
-92700265
231944851
47749742
31443097
65850825
-13926550
-56145965
-58927227
-76003672
209488952
135232996
182361565
125101288
184970399
207865347
-569699611
-4844067
-236417311
18331559
193437025
-192369615
179386893
-193842945
-158313854
81546173
81863895
-41364630
-1229358010
-148406044
-111214215
204765411
-1250858040
105589238
-3506813
30389852
188966424
-50874865
190900591
178535432
-147471446
-205091531
139236538
74842006
406107039
-87861032
-192576041
39539114
26277809
-17688346
2113019358
-75494168
-11659744
19622009
74535179
-206948793
-134910085
-593038761
129251765
-253448844
-110977120
-63574048
137467203
44030506
35127528
38716327
-23674638
-52601597
329730400
-312755840
148831171
-209178965
169291700
96277916
156779371
89529433
73388820
-20521629
52152555
17127451
107709999
100795978
190343029
135629598
-204866317
51936174
-245601436
66183617
125298084
126973351
70206565
-1085276178
-54696498
201324795
196352285
202700520
-181715959
51111214
-138772801
-428000383
158731357
-174367764
-280512073
-1946048107
25397697
-2057010140
-96598590
-67437658
142420596
193039229
69449465
16093499
198909155
342789184
618551051
-99487388
-172683554
89062895
-50248110
121164016
115084940
71821282
191135631
-30369087
-156629553
-1163867836
-154554284
36052859
710650676
-88214157
-122033552
-19912327
150522776
115683139
-125926619
150631162
45426444
-44083411
39713719
-63793375
20656267
127175476
194226935
-10915489
-108359589
196832623
98010477
9075962
-81420976
5216197
-143428431
-125994956
186785657
94350827
189282470
-116530320
-69181081
202440773
103844477
-37984927
400615854
183790093
-621467766
-181511696
207880794
3867299
166410710
-179464907
-138730324
22700338
-125300459
2092948234
169360061
167706489
164334375
-49335524
17146121
33401937
74061698
133017956
-161226940
176333206
-174437524
90795550
-191892593
964770
-124090218
-125465409
6195380
131708811
-156663810
-185171972
1201103211
185539327
23328962
195704246
-172815454
-204577908
119310293
-4487763
194907762
137730734
68676267
169291250
-2158439
118671717
86199666
75555097
101262875
-4839312
128433822
-1143052844
-201874784
38070315
209478455
649393143
-170664388
-175158803
156134645
-181608785
-200254953
-55062729
-217746277
20462410
-86935892
196661451
-87048333
171753434
-34994236
101927981
191261131
10189220
-117066895
2424293
118246768
-136065572
65468048
115044433
13436745
90417048
76369788
-76837098
-154758686
-49786514
140345974
-136922555
195916735
-19276262
-47210837
-2095680544
-48275569
75144473
22700734
724230796
658979863
380717735
-126576038
-116783712
58129585
-69773031
185557389
187039885
-2584174
104059756
-5643969
18050439
78399775
-131484133
-42511834
25757741
193583448
140108614
-167201145
-16463215
-66377382
190295627
-191035395
1240647878
-80385812
172407808
429009664
-72368800
202474623
-43361354
107770302
-194179354
143197954
-23462174
-138796706
-136034454
1203908443
-125434532
1143480148
1104237377
-97705794
-197759105
-54680933
60373799
-33665220
-81807030
195545608
59778781
-706332012
122116632
21762215
-6538223
-12742637
-44762119
-170268080
-148823065
1279260801
-178294305
10229806
103942314
-142203516
-133698101
-206678146
-25560184
-177011397
61758887
124030688
-62688926
15904277
1987421267
-96941992
-88844392
197004825
46975802
-222904426
2085873351
-167716085
713203026
185184433
-58813861
70352398
-93573186
81901002
51405472
26906628
-45650683
247003474
164082613
-184115287
119950105
-130889518
-185200083
24387303
-443952086
82281253
-70762713
-142891457
-65399387
134081942
205298902
-104707432
-203603966
-417875395
182939426
-129409177
-156592502
-176935613
-294467390
84642713
185297167
-72793441
29242355
-145119343
-141127554
-139647226
114774739
457358006
127900119
-22471842
209832923
11299068
-55309420
-128251748
-171681401
-159027003
27036578
-344436981
2091979821
31120260
-128279302
-27254628
-112382069
110557483
667193195
-122297489
-184059441
2096085603
-186589029
-151879695
-118818243
-1951241667
202111073
-17008466
7256376
-155635217
-76830343
-54715858
12457702
148808745
108291769
1940701995
-110904280
168253949
-104196991
22547049
-95030432
154247241
202858758
-55014816
85206602
328791545
-144810024
193008883
9016391
-101604602
1127533254
141884716
42447339
165914684
-60426258
59359255
11657188
50827419
-166930380
-178781438
75662048
-120614239
113717952
42008272
464929096
-65575028
63329722
149289487
-97797178
-271470029
-64978012
-160544145
14541035
-167119263
213181217
-182864298
-16274901
-64280549
117282385
-19000694
-81660898
-331998981
132177550
-114664606
-117885399
-117923802
-15520642
1287075994
-168617949
-191155392
-1173548503
87305286
-172011731
88436629
10362770
20845483
-1948310280
107865853
-198615715
-94966195
-210252969
154169235
-61027142
135753334
129775148
1189223023
62011911
1169332454
-1166900700
25988034
-165670143
-15788120
42526704
-194240638
127857199
552731612
27840055
-30483898
-138390115
157267578
-88599178
388958800
149277353
-184076253
198297425
-2565098
211487264
-2027032403
156915355
-175318324
160609191
-78632015
204333099
182555541
37456527
-177210403
-153132412
-3700769
145382112
54097842
324538674
-44940930
-122622261
-96693840
-75141461
-143483664
278678661
51910184
-75448886
-26089295
85760899
-18781836
1136979122
-37234296
213404836
-182335796
202555526
-97301412
-184534588
412388249
33488161
62521718
-132470136
103155780
-253492289
-161002972
-21381519
-22628715
-1102944812
-56677166
155247307
-160154176
85570284
5053153
14378920
-277858707
-62063225
198373883
92821917
67206319
91906764
-226504301
-105203557
-180368015
141277439
-116513724
197600100
-2098527242
137761158
-153005613
-114938826
-16138608
-87186263
51762629
-168692584
48569779
286818877
119258877
14346800
-197434888
148914537
191075074
214040006
-92310800
3692885
-206057448
-73170383
121212298
1942392551
104025657
-103416113
161515042
395619326
-118361720
-3910659
-13825685
-146281736
-183269117
-90469575
552383348
-110410816
-1092051277
7910269
-62873973
115462010
-181912358
412478779
-243795006
-138032208
65307916
-20423392
-176014498
-562064823
22152974
-137079016
-45310801
-56945603
4967437
-191852266
143020254
-151214493
-143133622
-125579385
-143379697
-56327385
29680193
35171392
-24741093
180017899
-733934869
971408
83541052
-2067650829
-192709846
-9619607
-225498401
55249041
63511565
-35377727
102497253
-158610086
54283828
163739924
105653190
-48198737
53632927
61552269
52738220
-61628733
-98792562
129201724
-13755749
25303749
-54839822
-135007671
177367013
-584046443
-61797248
-174859503
-1173088266
-68454084
-1175897701
48374358
-1966463307