0X190F3200
0X66EE4D00
0X79B5F900
0X505C0000
0X937DE400
0X5D89600
0X2EFC3D01
0X29CF2900
0XA4FE500
0X2A310800
0XF3680700
0XE5083C00
0XDBA61B00
0X9E64EF00
0XE41B3B01
0XA314B600
0X1D244900
0XB3894801
0X57EBF600
0XAD94AB00
0XB80FE300
0XAB053D00
0XF8464901
0XD7047D00
0X6D13E900
0X2347EA00
0X2FDFE600
0X12A16100
0XA4F6FA00
0XE68F9100
0XA3837800
0XD01A1C01
0XC9198B00
0XF38A1300
0XA6470F01
0X7C5A2100
0XF7697D00
0X4C9A2201
0X228BC400
0XB833FB00
0X166A4200
0X334CB200
0XD9BE5700
0X397D9000
0XE6412F00
0XAA948F00
0X1978B800
0X27A92800
0X3EA01501
0XD70A8100
0XB4B0C200
0X48748A00
0XF8A37C00
0X68F94600
0X803C8C00
0X76553F01
0X76F34E00
0XA2B07C00
0XEC946100
0X78824401
0XDF44FA00
0X1B5BDC00
0X8D247900
0X24BF5300
0X8FF9D900
0X2B9A3500
0X243BFB00
0XE71B0800
0X692A01
0X68C11901
0XACAA3800
0XD9D57000
0X90FE8300
0XA8034601
0X972A6900
0X84C33000
0XDB922F01
0XBFC9B800
0XF0C24D00
0XC37E5900
0X9CF3100
0X736BE00
0XDC4C9600
0XCCEB7900
0X3B2B1901
0X645B3801
0XD7769F00
0X61204400
0X7B9AD100
0X393E1A01
0XEB31C01
0X54B90000
0X5F05C100
0XB354CA00
0XD9EE0000
0X35BB000
0XA6273900
0XB5FF0300
0XB2CF0001
0XC4F34301
0X8EA5DE00
0X325CB000
0X2F8C4800
0XDF2A4601
0X2B604800
0XDADA5100
0XB7750600
0X58EC8000
0XD91A2801
0XFC785B00
0X9AC20F00
0XC075E000
0XB1ED2E00
0X29160800
0X6EB31201
0XD70E3C00
0X3F0E4600
0XCA844901
0XF1DF8400
0X34EAEB00
0X5C6FE000
0XC31AB700
0X74CD8000
0XC72A1000
0X625A4701
0X57F13700
0X821CFA00
0XE6F50301
0XCF144501
0X9C1B0301
0XE6E74101
0X26932B01
0X15460201
0X351B5400
0X3E25C500
0XE0BECB00
0XD7A97500
0X56E9A00
0XA18B3100
0X6050C700
0XACE53101
0X7F8A1E00
0X90516600
0X7F217600
0X9E7B0A01
0X4D3D3C00
0XAC171C01
0X36EFB800
0X4DED0101
0XA2C0F01
0XC34C6A00
0XE5EE3900
0XCC6BC900
0X7EE51400
0X67846300
0XCA8A2700
0XBD8E2F00
0X68613800
0X861C4901
0XD46E1000
0X600AA200
0XDACB4C00
0X92238600
0X3CFF2400
0X1EDD6300
0X7D7B2E00
0XB47B2801
0X841E2501
0XF33C8D00
0X8EF44600
0X9B11001
0X43ECF500
0X29F91701
0X99DB0701
0X90500401
0XDDE4C100
0X33C95000
0XF5AB0A00
0X31FB4F00
0X141D0B01
0XB3256600
0X4B2D4100
0X98080200
0XC5E83500
0XD8CE9800
0X1F90701
0X5A276200
0X9760ED00
0XD7E23A01
0X739A9D00
0X22309C00
0X6F483D00
0X879D9B00
0XCC1C2100
0X462500
0XD219E500
0XF6B2E200
0X53524100
0X60441200
0X2100DC00
0XA20D5E00
0X30454101
0X42B22B00
0XBFF8BA00
0XAC74801
0X89ACBE00
0XC5416C00
0X3BDC0B01
0XF6E05A00
0X93EBEB00
0X9F0D2101
0XC7E22400
0X3FB23201
0X72FF3D00
0X2995F400
0X15DD6000
0X42C34A00
0XCC3A5000
0X6C7CD600
0X2530A600
0X2CA01601
0X1D1B3B00
0XB6873401
0X89EE3901
0X7410F500
0X9968D300
0XBB4E5A00
0X5CDCF600
0X9995E200
0XBE361F00
0XF07D2901
0XDF760F00
0X9DB34201
0X1947BE00
0X720FAD00
0X8C2C6F00
0X87B1500
0XE25B9100
0XC36D3700
0X586E2401
0X3CB79B00
0X2797A000
0XA07F9200
0X43F74E00
0XDDD8C600
0X5B4D7700
0X38E25400
0X159E5D00
0XABD37600
0XF3B40E01
0X90569A00
0X29789200
0XEF21B500
0X4360B600
0XFEAB0F01
0X84F22200
0X7ABD0C00
0XC20F3C00
0X54341001
0X705E7500
0XCE5D6400
0X71B1BF00
0XA1462900
0X38AA3B00
0XABB90C01
0XBF961101
0X327B2C00
0X266B7400
0X83CDB00
0X9D688500
0XC624B00
0X69B30301
0X9CD1800
0X1D5AFC00
0XE9780A00
0X4097600
0X85E7F200
0X7290E500
0XAC157300
0X19C37D00
0X61867E00
0XAEFC4601
0XB0088000
0XAE2C1E01
0X372CCF00
0XC7059700
0XF9A0A400
0X5A538C00
0X23E7F800
0XED1C8A00
0X126F6200
0X4EB72301
0X9673CB00
0X5B5B0C01
0X8910C000
0XD4512601
0X85507700
0X68D55600
0XA1898C00
0X268EFF00
0X28D24A00
0X1AC32A01
0X16AECC00
0X17B73B01
0XE752C300
0X2FEFE000
0X1FAB7900
0XDA130301
0X5AE7AB00
0XF9A29900
0X8577A00
0X10797100
0X1F461301
0X3A719200
0X18244101
0X28AD6700
0XC0A83F00
0XFB655500
0X9CAB600
0XE4B37500
0XC6F56C00
0XE173EA00
0XBD0C500
0X1B1F5100
0X8BF92200
0XC6F67100
0XD23F3800
0XB6BD5600
0X94493C00
0X1D732E00
0X87044901
0X1D129C00
0XD1065900
0X8ED3BD00
0XF1F03200
0X4F0F9E00
0X984E7A00
0XA29D8E00
0XC7D95A00
0X10893801
0XA75A1D00
0X27D9EB00
0X8B82A01
0X29445F00
0XE4C50F00
0XA423B01
0X2F711000
0X5B023900
0X4C831501
0X60635800
0X13A9E600
0X89EA2100
0X6857EA00
0XBCD51600
0X5F989200
0X4FAAAA00
0XEF36400
0XFA8E7B00
0X8BBD1801
0X215C5100
0X5DAFA800
0X69ED2200
0X46CAC600
0X3C747D00
0X7AEA9A00
0XF4902801
0X3E721800
0X90725500
0X49805F00
0XC814A300
0X99AA3701
0X2757FB00
0X3DD84401
0X28DC800
0X3D595800
0XA868CB00
0XE2070A01
0XE18B6600
0X36594100
0X89033200
0X97856100
0X7F894901
0X72868B00
0X3C322E01
0X13169200
0XFD192701
0XBD06FC00
0X15314200
0X2F3B2B00
0XAA92D200
0X401C3900
0XA60B4901
0X202CC000
0XA67D0900
0XB2D98F00
0X47B94401
0XE10E2500
0XCB43AD00
0XB8A50E01
0XF9803100
0XCCCF2201
0XA74A0501
0X1BCE2301
0X836E7200
0XD0046B00
0XF59D3501
0X555E2700
0X65CA2100
0X88C80801
0XC07B1101
0X75EEEA00
0X36B34801
0XC4353A00
0X1BAE600
0X92223A01
0XE771A900
0XFFB2E100
0X12E4E200
0X32AA3501
0X851CBE00
0X368A2C00
0X328D2001
0X61372A00
0XA739D700
0X88F86900
0XFBEA3801
0X62B3B00
0X975A3B01
0X4FB33800
0XFEEB5D00
0XC659A600
0X16C45C00
0X3232A200
0X3CD80F00
0XC67F5900
0XF886A600
0X64BB2500
0XEE171900
0X6B2DC300
0X26C4A600
0XA8BBFF00
0X583CDA00
0X95B48300
0X770B6400
0X3EF03101
0X13B53A00
0XE2D50E01
0X27BE2301
0X1CA71900
0XD4B33001
0X47066300
0XD7768C00
0XA1E5C100
0X32895000
0XC3F60400
0X99420200
0X4513DB00
0X73944C00
0XFB750800
0XDE657C00
0XEE72FA00
0XC74F3600
0X1F633301
0X89DCAA00
0XF9216B00
0X5E2A8E00
0X381A600
0X875D2A00
0X3A3A8D00
0X9A9B9300
0X82B68300
0X109BC800
0XA7B61F00
0XCE68E00
0XE6AC0801
0XE7999C00
0X9CD89C00
0XF2771001
0X7295EF00
0X74432F00
0X18152A00
0XE8B86100
0X7AB32101
0X834B5200
0XC0314501
0XEFE21900
0X7E2AE500
0XA95100
0X79E10A00
0X2D3D5700
0XBCBF1501
0XFA722301
0XF3A11000
0X8DC74600
0X419DF600
0XE16BC900
0X4125F100
0X15242301
0X87354301
0XDFC5A300
0X1980DE00
0X5B78E400
0XEC839600
0X8B57D000
0X51FDAC00
0X3FB7E400
0X30C06C00
0X95FF3200
0X54289200
0XE4A8B200
0X6B6AF00
0X5CE71401
0X94BA700
0X907E2301
0XC5505200
0X6BA9800
0X55E85E00
0X9C17E100
0XD2F6AF00
0XA3F5100
0XE94BF300
0X2D85400
0XD7C1F00
0XDFD3500
0XE627C800
0X918FAA00
0X1DF9B700
0X223B2301
0XD494E200
0X5413F00
0XAFC0F500
0X9000C400
0X748E1701
0X93CF4B00
0X640F9B00
0XC5E88F00
0X4811501
0XEF5B5100
0X3A9AEF00
0X807A6000
0XC86EF700
0XE82AB200
0XB4CC0901
0X9D84A200
0X30D3F100
0X60D80000
0XF0277C00
0X6B6F3700
0XD0C23E01
0X3AE35D00
0X8B836A00
0XA50D1000
0X422D7300
0X7DF6F100
0XFEC5FA00
0X16A88900
0X4EFCC400
0XDF866000
0XA42F0800
0XC06D0200
0X22BE2C00
0X16D19300
0XCAB69A00
0X4FE75200
0X3E340701
0X7E013601
0XF0A44701
0X767B5B00
0X2B6F8800
0X9B40C01
0XA85CD00
0X658C0D00
0X6AC93B01
0X527C4F00
0X4A1CA400
0X1214100
0X57579500
0X7843C700
0XE6758E00
0X864FC700
0XA1672E00
0XB1898000
0X5BC42E01
0X99B18400
0X82091F01
0X9B3E500
0X4DD35000
0XF7972500
0X9E559B00
0X4D671100
0X80381501
0X25FAB400
0X4B2C4900
0X7A2CED00
0X5EBC3300
0XB19D6300
0X1D741700
0X64E5B600
0X679CE500
0XBA1D0601
0X787F0300
0X7AAC2000
0X484CF900
0XC70E3200
0X39AADA00
0X26F75C00
0X44901E00
0XF0B02300
0X32DA4D00
0XFCA4B900
0XC89C3E01
0XDE044801
0X15D1C01
0X262C8B00
0X27521E01
0X7980F600
0XC458AF00
0X31051600
0XD6297E00
0X35812100
0X302EE500
0XF90C2201
0XE0710A01
0XDE077700
0X91C74101
0XE48A1800
0X22AC0E01
0XEF9C4E00
0XF3BF1B00
0X997E4000
0XE3AC2900
0XFBBD2801
0X19F32B01
0X35A4D200
0XED0C300
0X26BB0D00
0X7289D100
0X93B5FC00
0X6853F400
0X5B12C200
0XC522C700
0X5D222D00
0XCE092201
0XAAFC2B01
0X8E161D00
0XAB7F1701
0X2CE9E200
0X2E4C0801
0X5B261901
0XEE878700
0XF690FE00
0XEC6E0100
0X8EBB3800
0X321BC400
0X89EF2000
0X88BE2B00
0XA2866000
0X6A448200
0X3F933A00
0X541FC200
0XC979800
0X5D3F1A01
0XFCF00700
0X995B0D00
0X19F88F00
0XCCDE1500
0XC4111C00
0XCCB84900
0X20A81101
0X1971001
0X7F72400
0X39EFFC00
0XD1FD6B00
0X83630601
0X78AAA400
0XD30BB800
0X2B030000
0X3FC12801
0X4FF15900
0XE5472A00
0XC1ED7F00
0XF45F0600
0X9CC27F00
0XE84DE00
0XAC398C00
0XF63D2800
0X6D02F000
0XE7D76700
0XABB4B100
0X86119800
0X8C80F700
0X7454F00
0X5422C200
0X14343200
0X4F7B2900
0X712FF700
0X60312500
0X35AE1401
0X90049C00
0XC2370700
0XE76DFB00
0X60309900
0X16F04001
0X5A8F0800
0XE6906200
0XBCA10100
0X24BDDF00
0X13A47C00
0XBA701F00
0XBE2FB300
0X5CBB2B00
0X6C118200
0X1B532800
0X594B1000
0X93314200
0X18379200
0XC17C9A00
0XF7B87300
0XF56DCB00
0X22BA6700
0X68287000
0XE685FE00
0X2A50E200
0X9A967900
0X74161900
0X8FE1F01
0XE5CC3A00
0XBCC93900
0X34E8DC00
0X10C7F700
0X73DA9200
0XFFA03500
0XAEBC8C00
0X8DB95200
0X7267900
0X6A093101
0XE6BB0F00
0X41337700
0X28F37B00
0XF0978A00
0XDBCC9200
0X595E7300
0X2C674800
0XF5D04801
0X29566C00
0X206F7500
0XEBF12600
0XFBD6B100
0X8A4E3A01
0X4090E100
0XB0B25C00
0X72C4FB00
0X3F404900
0X6E4A3400
0X625BE100
0X9344701
0X3F2C0101
0X7C59C700
0XEFC43901
0XE6DE8C00
0XDF201101
0X67F3A500
0XE807EA00
0XB3F57100
0X4A552000
0X66664001
0XC6A03F01
0X97E51F01
0X5A71E100
0X32745B00
0X317B8200
0X7F492300
0XD8114201
0X5D64000
0X50391F01
0X18164701
0XB91EB600
0X3DCBE300
0X70400D00
0X5CF3ED00
0X1D0CF900
0XF341D300
0X3BC74900
0XFCA34501
0X5F149B00
0XA62E100
0XC8AC3601
0X40725800
0X33AABB00
0X63E7C00
0X2ADD2F00
0X72AE9200
0X5BBA8700
0X4A603901
0X19C3C300
0X7D253701
0X79A2D300
0X82BD2001
0XAB7B2801
0XCB3B7600
0X621A8000
0X5D585100
0XA9B11A01
0X58DADE00
0XE155F00
0X31693900
0XA2FE0301
0X396A0800
0X275D5F00
0X5391E400
0X50159100
0X1611D00
0XB19BA00
0X92D14B00
0XD21EDE00
0XECDE3D00
0X2B2C5C00
0XF5AFEE00
0X5C2D2101
0X483F8900
0X9EB90900
0X862EE700
0X633B6400
0X53336500
0X7972B00
0XC7183A01
0X2CDBE500
0X8DB10800
0XF55EC700
0XDB5F3201
0X9E737300
0X40ADDF00
0X9A9B0501
0XAE50E100
0XF9D86D00
0XBFB3A700
0X52DC0201
0XEC38B500
0XEE8EE600
0X2EAB6100
0X70AF2701
0X8F422E01
0X21614301
0XE9642101
0XBF743501
0X297C1200
0X6FE12201
0XC8E83B00
0X77415B00
0X2CE48500
0X51F9DA00
0X8D3E2F01
0X2EDC4901
0X623C9F00
0X2D826C00
0XE537E300
0X3693701
0X567EB500
0X5043B300
0X4F486F00
0XDDA9D00
0X154DFB00
0X4D578B00
0X54497700
0XB41D7100
0X18B4FB00
0X70116200
0X66142301
0XA2442801
0X136B3600
0XA34E8500
0X473FF100
0X6210800
0X2D82BF00
0XE1DBAB00
0X17C32500
0X6D19EE00
0X83228D00
0X9D0A7A00
0XDE1A1900
0X57371700
0X63F2A900
0X1FBCF700
0XC87A4100
0X89665700
0X1A818E00
0X1B1DE000
0X385F6600
0X80CE7400
0X1DEDD400
0XC496BA00
0XFB5D4D00
0X9BF50100
0X9E467700
0X2A1D0E01
0X5B622C00
0X42EBA200
0XCD17CC00
0X3447B000
0XA6C03900
0XC1B6FA00
0X12194A01
0X2FF05D00
0X64D62400
0X89950000
0X13063401
0X861D2701
0X5A8A00
0X8AAC3D01
0X15BF4600
0X806A3F01
0X7F46AA00
0XB9733B00
0X72289A00
0XF7105800
0XB2333E01
0XF5900300
0X84DC4900
0XCAE21F00
0XA3E82C01
0XFD961B00
0X40FE4501
0XE545AE00
0X84575300
0X5720C600
0XA7F03700
0XAB49EF00
0X7126DB00
0XCB1FB00
0X85797F00
0XDE23CD00
0XA0012200
0X58272701
0XF6494000
0X25B06800
0X4E6A1700
0X34024C00
0XBBE5D200
0X3EE54000
0X7FAC6D00
0X9CAFB100
0X1AC35500
0XB7FE7200
0X6B0F2E00
0XA6CEDF00
0X44501000
0X42EA1100
0X3219B200
0XA6351F00
0X80351A01
0X65D12800
0XBD0E5900
0X235AC00
0X99AACD00
0XA9291E00
0X8A04FF00
0X2CD39B00
0XAA980A00
0X1502A900
0XEAF01201
0X67BC4400
0X14F74B00
0XFCF4D800
0X433BE00
0X40E7C300
0XDF681D01
0X306BCD00
0XCC754501
0X4D783100
0XA9A64000
0X7E31F200
0X43F77A00
0X45F70800
0X5482FC00
0X7397B00
0XEC1F1001
0X88FFD200
0X7A368000
0XE7D4BD00
0X12D0B500
0X65062600
0X79303D00
0XCBF0BB00
0X94C72B01
0X1FA85600
0X20157400
0XA718C000
0XBE7C5900
0X4D202200
0XA3F7B300
0X2AE3C500
0X89694100
0XA5E32900
0X5D407800
0X18F02800
0X87B86500
0X261AC700
0XBC17FF00
0X3474B400
0XCFB10C01
0X1D318D00
0X7FC01600
0XE4A08000
0X5DB2801
0X2042800
0X2B26F800
0X78175000
0XB7FEF900
0X92715200
0XC5555800
0X1052C00
0XB19C1B00
0XCC0F9700
0XB7E3D01
0X85EAEC00
0XED8B0700
0X5252DA00
0X7179F700
0XE48A6700
0X1FD24F00
0X38505D00
0X72EE7300
0X7F552301
0XB2CCC700
0X870FC500
0XF4C7B000
0X9E135100
0XF102DB00
0X3B92D300
0X7F801500
0XC5054900
0XD5331E01
0X4F0E1601
0X216FFB00
0XF59E2800
0XE5450F00
0X9DDB0601
0XCE61DD00
0X92C30301
0XFDCDA800
0XA8FD2300
0XF8651001
0X2C0B0700
0X90161401
0XA1F28700
0X7846AA00
0XC6A5F400
0XA2B13600
0XE0A1D500
0X2A642100
0X3EB2D500
0XBEEC1901
0XD78C9700
0X14A26400
0X9661AF00
0XAA421900
0X9B73D00
0X3B200301
0X7ECB6300
0X1788C100
0X8C12A700
0X8F60BF00
0X7B6C2600
0X12F13C00
0X500F00
0X351D5800
0X6BDA4F00
0XB4ECE500
0X16DF1401
0X9FA4DD00
0X59FC4A00
0X8D3C4701
0XE7013E01
0XF0080901
0X77D42B00
0X48369700
0X45E36C00
0XEE3E0F00
0X11DA3F00
0XEC91A00
0X376E0601
0XFB611A00
0X11610500
0X112EB200
0X4A1A8A00
0X10657900
0XFEA68600
0X3B6CB100
0X8A0D4C00
0X4A5C0F00
0XE5DA1B01
0X62BB0300
0X4F967900
0X7B3B4200
0X70BB0100
0X21E9AE00
0X7DF9E900
0X22661401
0X90C60401
0X6CD52F00
0XD6C5A00
0X11B90E00
0X951E6C00
0X49494201
0XDAB32001
0XB9C1D800
0XDF362601
0XEFCFD800
0X9DCD3800
0X4D2B1800
0X6EABF600
0X1A782E00
0X2A46C300
0X6F024900
0XE8650501
0X91B08C00
0X7EFFB900
0X728ABE00
0XD122FD00
0XF836E000
0X3FC21B01
0X39BAE800
0X29DF9900
0XCB820501
0XC2150C01
0XF6404700
0X3DA6CD00
0X6CC6FB00
0X7F4D0701
0X5E37C700
0XD488F700
0X2BC9A200
0X67C45400
0XA4041000
0X9A90A01
0X25B5F700
0X6F8FF800
0XD0630D00
0X40C6DB00
0X99A4FB00
0X397A9D00
0X1723F800
0X9D9E7800
0X3DE23300
0XE5FC6200
0XCB62ED00
0X41C18A00
0XDF933000
0X9B218700
0XE856BF00
0XAC353F01
0XA6F2B00
0X51431700
0X978F2400
0X365F5E00
0XDDFDBB00
0XF125BF00
0XD2E7B000
0X86333600
0XE372D900
0X7C1B0B00
0X72702A00
0X79CE1B01
0X48E2BB00
0X82EE6A00
0X42E25300
0XBBFF2301
0X8541B300
0X6FA58800
0XC3B00D00
0X2B6DDE00
0XAD9BAC00
0X3B102D01
0X377E0100
0XBFBC4200
0X279F2300
0X9B1B7000
0XECFC6500
0XE685A200
0XF7B21E00
0XBECB0601
0X5D129D00
0XD1A47400
0X96F64700
0XBA4DD200
0XC919CC00
0XD9858B00
0XD0343000
0X77F1FB00
0X2CAB4E00
0X348F3800
0X9CA74700
0X537C2101
0X5D530200
0X1C89F000
0XC6097300
0XA6A02601
0X5E080701
0XC43F1301
0XA21A0F00
0X19AF1301
0XC4CB2101
0X793AF200
0XD8707900
0XC6352B01
0XFE999200
0XD8AA4800
0X1AC51500
0XE11E2C01
0XEC03A00
0X41E24B00
0X4295900
0XEC610E00
0X8F801700
0X2DF31C01
0X2855B800
0XAA170001
0XE2D7D300
0X96E03301
0XC120E900
0X71A81201
0XEACAF300
0X179C0101
0X42FA3900
0X976D1F01
0X8EC59600
0X636BD500
0XDDBC2A01
0X23415B00
0X1FF1901
0X894A4700
0X465FB300
0X31099D00
0X436B9300
0XE64F5500
0X34C2F01
0XEC23F500
0X2804501
0XD90C6700
0XBBB33F00
0XF06E8300
0XBFC07500
0XF8614E00
0X6931C100
0XEBC80200
0X38B22901
0XAF453900
0XC3FB0901
0X39AC2F00
0XF4333800
0X253EBD00
0XC4C85200
0XD0731D01
0X21F2A00
0X39BE4600
0X2EE41F00
0XAD2F2000
0X3740B800
0X494FA400
0X37709400
0XA47A0701
0X33A6800
0XFFCF0401
0XE01F1200
0X8DC13D01
0X4CFE200
0XDC6B0601
0XB142C500
0XB17C0C01
0X32F33701
0X447D0D01
0XB1E30401
0X9CB6C00
0XDA2CF400
0XD0B16500
0XB2E79C00
0XF268A500
0XAE6A4000
0X57313700
0X68074001
0XDF7F5D00
0XA8BB1501
0XA410FB00
0X2F0D2300
0XDBC05C00
0XCECD3E01
0X7E37E000
0X2EEA7200
0XAAD4C00
0XB76B3500
0X561C0F01
0XB4E33C00
0XB830A100
0XABE81C01
0X20858200
0XEC341B00
0XC83CBB00
0X18423C00
0XE5BBCD00
0XF0456A00
0X5B462300
0X74FBE00
0X1BCB4701
0XF054200
0XB8027500
0X7DA60201
0XC3493001
0XF6462900
0X3AB90E01
0X9022F400
0X45C7C400
0X8112A01
0XE00E8100
0XEA93AE00
0X58F03600
0X40B3C01
0X6875B700
0XD0C2E100
0XDABFF00
0XC73F4901
0X85970200
0XAD819300
0XA7957800
0XF910D700
0XDCD62800
0X9099D000
0XF9B26300
0X672E9A00
0XBAA77100
0XE37C4A00
0XF2F62B01
0XDA266900
0XD1FABC00
0X6F371701
0XCC11C01
0XE07CE900
0X963C1801
0X950BB900
0X7F56F800
0X6766A400
0XB840E00
0X88F0B600
0XFC7CAE00
0X83D6A200
0X7BF0BA00
0X57572F01
0XDD200601
0XD7E83C01
0X52F8E500
0X24C69000
0X8D0BAE00
0X1C62301
0X13E38600
0X26C8CE00
0X6AAE6700
0XB610DA00
0X5FB94500
0X21BA7000
0X322E1900
0X31B5EE00
0X83F39E00
0X5C1B9600
0X44EB0101
0X573CC400
0XA6771201
0X6BA05B00
0X36166D00
0X7923B400
0XE61EDC00
0X80BF9700
0X6ECE2300
0XDCB54801
0X5AB83301
0XA5445B00
0XBBBB3A01
0X6F39500
0XB9502F01
0X2D0B2001
0X7E201C00
0X8ECB4300
0XBBC41401
0X2A167100
0X1D82FE00
0X9E2D2B01
0X5FBDE600
0XF1300800
0XCF8F2C01
0XB37E3801
0X589AF00
0X55B04200
0X81C3A300
0X7582A700
0X62DD9F00
0X4EA10900
0XE3720500
0XB8B4C200
0X4C51FF00
0XAE8C3401
0XE5AADA00
0X10505F00
0X2041C200
0X64FD5100
0XF0C96000
0XD2384E00
0XB6F76C00
0XBAA1AF00
0XB0593A01
0X6E9E2B00
0X7458DE00
0X6D071C01
0X50CF500
0X3BFA6F00
0XA2995400
0XADAE1F01
0X7E3C2401
0X59DD2D00
0X47E5E100
0XAE092101
0XCB2701
0XB4460A01
0XA55C7900
0X8BE37E00
0X749A0400
0X906E9900
0X8483E01
0X198C600
0X7AD8A800
0XB172A01
0XC1D15500
0X3077800
0XC2EDE000
0X14104501
0X47604500
0X771C0701
0X76D6CB00
0X57C7C200
0X3A4C1000
0X4A49B000
0XE835BE00
0XA51B3700
0X4A231800
0X60F10001
0X3F265A00
0XA0CDDD00
0X59F09700
0X46C93300
0XD2E85200
0XBD7ACA00
0XD8B02F00
0X93E12101
0X791B2B01
0XA6932801
0XADC10C00
0X39B01A01
0X743F3001
0X955D4300
0XEF624D00
0X68A71101
0XD33C5A00
0XBDABF000
0X3FC90600
0XA4421000
0XB5182001
0X70516600
0XAA193B00
0XFA47FA00
0XF3992A00
0X34C99700
0X37D85300
0X27756100
0X1E911D00
0XFC9B3100
0XC6D36200
0X5BAFF000
0X6A23F200
0X4DB7C200
0X4BBD2400
0XDC187100
0X377E0100
0XC27E0A01
0X2FAF7300
0XC5A92801
0X3366FA00
0X373C7E00
0X93379700
0X25A60201
0X664E3801
0X17FC7400
0XB292101
0XE0788800
0X67647500
0XDAF04800
0X770C5600
0X34D61701
0X65523000
0XA6E00700
0XB4242B01
0XD8203E01
0XF6B3A200
0X67F4E700
0X522F0900
0XA66B0501
0X86A27600
0XB9871801
0X75500401
0X7C7FF900
0XE0BFC500
0X5A5E6600
0XCF8C2800
0X27886D00
0X49A01E00
0X1C962601
0X31291001
0X1A0A9A00
0X8DFC7C00
0X836B2800
0X79286000
0X7EDCA100
0XE6651901
0X8EBF8200
0X9D450C01
0XE5E9FF00
0X31ECC000
0X5FAB1501
0XC85C3601
0X4CEC1E01
0X8EDB2501
0X9A499500
0XF65CC000
0XC442EA00
0XA1DEE100
0X7CE83000
0XEFB01801
0XD9D56300
0X6F4F0101
0X918FB800
0X3E07B200
0X832A2C01
0XCB37C400
0X1F04E800
0X44E63C00
0XBF0D100
0X476F4C00
0XE4A0B300
0X96D86900
0X541A9900
0XB2138300
0X664E0601
0XA6D99A00
0XE1E60700
0X3504F200
0X36488900
0XF1BA2400
0X67F41F00
0XD3FA2501
0X76915300
0X747F4400
0X3043AB00
0XFA762C01
0X31B02F01
0XF7EF1D01
0X45763000
0X6D4DF000
0X13968800
0X8EF5D500
0XD6033801
0X2DE50D00
0X5853AC00
0XB306E300
0X4B90E01
0X4DB0C000
0XFF497E00
0XBCF02701
0XC6613100
0X49D94500
0X91553A00
0X9D7AB300
0X4D4B0D00
0XC8D2AB00
0X74429D00
0X9AD89B00
0X278D1F00
0XFDBB4401
0X1576B800
0X978A4201
0X6B965800
0X8A2D0C00
0X87BCF800
0XF278800
0XF9BDAD00
0X1D107400
0XEC40600
0X92FF4901
0XA2D3DE00
0X31601401
0XFF6F0C00
0XA7EE2B01
0X3C250E01
0X5FF72701
0XC9207C00
0X26358B00
0X630C2101
0XB3472300
0XAA6CD600
0X9C829100
0X36BA7300
0X82A3AB00
0X34A53D01
0X27672401
0X41A5EB00
0XE162EA00
0X27343700
0X70BC4901
0X85348F00
0X96D79300
0XCF62FE00
0X51063600
0X58D73700
0X85579000
0X225F7D00
0X4BD62B01
0XAF745F00
0X482C2400
0XBA483500
0XE7A89A00
0X3FECB900
0X75967E00
0X191D4900
0X9E4D6700
0X4A693900
0XF3B25800
0X69A1EF00
0XF69F2F00
0XFEB12F00
0X4D0D1200
0X4018C500
0X7D914601
0X524F6E00
0X78F32600
0X60D0CE00
0XF13EF700
0X5FD41800
0X68A11E01
0XD7CDE600
0X20A70D01
0XF5DB3C00
0XA6530700
0XCCBBA00
0XCFC4A00
0X61FD1500
0XB6B52001
0X4E17F400
0XB7CD7D00
0X3D98AA00
0X87969A00
0X77C02B00
0X1AE0FC00
0X14B3801
0XC3C33B00
0X66E22101
0XC96F3F01
0X69866200
0X9657D600
0XDCFDEA00
0X4DF29200
0X800D4501
0X30940700
0X710A1A01
0X38277D00
0X5F0B1901
0X5B1D0201
0X8031201
0XE0E31000
0X2ED30B01
0X396CD000
0XEC011301
0X4F1F8B00
0X7AAA8700
0XA2ED7100
0XF1CC5D00
0X9998B200
0X72170E01
0X166D4801
0X3C505100
0X9CFF6200
0XAEE7AE00
0XB2D37100
0XC253CF00
0X8067DF00
0XDE983001
0X2E841201
0X7B460E00
0X8E8B3200
0X1B5D4F00
0X9FACD900
0X88B89400
0XD1C88C00
0X8BA33300
0X89DB5300
0XA8E51201
0XC5473500
0X3D953700
0XD3A33D00
0XB53C7C00
0XE2C5E00
0XAEB20E00
0X6E33E300
0X9246BC00
0XC782401
0XA3E0D100
0X31EDEA00
0X9F357500
0X5F5DC600
0XDA422801
0XCD496F00
0X57583100
0X5B656400
0X59078500
0X40FE8700
0XA8562E01
0XCE39D300
0X778C8200
0XF1A23A00
0X62DA9600
0X30870600
0XE0D6F300
0X7977DF00
0XCDD20B01
0X8E263200
0XB0B33B00
0X1A398600
0XC37B5700
0XF0CE3300
0X254A900
0X2C852800
0X5B037B00
0X9E73D000
0X6030CC00
0X37703D01
0XED4C5400
0X48001601
0X29D9FF00
0XBF27F500
0XDC860D00
0XADAB4500
0X8F4E9D00
0X24359200
0XBC945400
0X565F2A01
0X4854A800
0X2C533000
0X78C10700
0X54F1F500
0XEAD06F00
0XDAAB3F00
0X5607FD00
0X553E4701
0X7915F100
0X85B57500
0X37A1B400
0X3D877900
0XA9AC2101
0X3208A00
0X5BC4E800
0X89A74B00
0X6D719300
0XAE664100
0X5C091D00
0XAEBDFF00
0X7A923E01
0XC130AB00
0X481E200
0X2BE39100
0X52B13300
0X5F561800
0XAEAC1D01
0XC1B0D700
0X141C2D00
0XB52E5100
0XAA84B300
0XBBA16100
0XBCE28A00
0X7FBF2B01
0X4E1ED400
0X84600B00
0XA1777E00
0X77D6AB00
0XF4A0E01
0X28A86900
0XDEC97500
0XE117E00
0X2DAA2901
0XDB7A5600
0XFFCE8800
0XB8112501
0XA79F3E01
0X25B97500
0X63630C00
0X5C2B0C01
0X4886FC00
0XE0E75B00
0XC82B7500
0X17239F00
0XE5183601
0X906F4701
0X311E9800
0X552AC000
0X140C200
0X8A7A5700
0X354B6C00
0X95562500
0X41221A01
0XC4E69F00
0XE37C0C01
0X7CFF5200
0X8AF03801
0X32394001
0XBE4D0001
0XD763DD00
0XF07B1701
0XFEE63101
0XA8687D00
0X3DADFD00
0XCFF38900
0X6B81C000
0X9CD2CB00
0X29068C00
0X2C140900
0XA2EB5800
0XC1022400
0X88F3A700
0X5D4DCB00
0XC03C6B00
0X76F49E00
0XCA9C5700
0XFCC13601
0XAE0B3601
0XA3F23F01
0XC7FAD600
0X5B8EBD00
0X55990801
0X7FE23301
0X84CFB600
0XFCA84701
0X49735000
0XD63AAE00
0X69C38900
0X4A9400
0X83CF3500
0X376D3601
0X7DB24801
0X70B7BF00
0X954B7900
0X74FB3E01
0X52EB1401
0X40CB2801
0X94CAC100
0X472F1500
0X79977500
0XF39C7B00
0X8180C00
0X2916B700
0X5F546900
0XC9773300
0XB5A30E01
0X4055A400
0X80E5AE00
0X4DF20000
0X19E0B400
0X88896600
0XDBE40200
0X8F460000
0XF6522900
0X7BD51F00
0X9BE20E00
0X88504801
0X2DE51001
0X49500001
0X86803900
0X94461200
0X330F4200
0X31084201
0XB1901D01
0X73CA6C00
0X4C9C2500
0X21883201
0XC8015200
0X558D7600
0X2D55D400
0X921D7900
0X68F77400
0X66DC2001
0X2A5BCA00
0XD45D5B00
0X5376B100
0X2B835100
0X1F8ECA00
0XBA578300
0X47053900
0X116AF600
0X5FA14901
0X1BD18800
0XF0B52901
0X3921901
0X5C883301
0XEE6B4801
0X79649600
0X19765900
0XD8183001
0XD2E61601
0X13E61700
0X53C60B01
0XCAFA2501
0XE4506300
0XC08D3900
0XDF5B1400
0X81D1E300
0XF4D54601
0X7DDB0D00
0X9C672601
0X78535200
0X2B583800
0X29E97600
0X86C23B00
0X29DE3B01
0X7D542C00
0X6E378000
0X2B411801
0X30ABB800
0X79AB0701
0X68C27D00
0X728D8D00
0X24BC700
0X7D628D00
0X3EF11200
0X208A0301
0X41521800
0XADFE0300
0X208E8300
0X677C2700
0XA8239C00
0XB7D74201
0X85C09000
0X63BA0701
0X7F376100
0X1D7DB300
0XA42D4501
0X450A6700
0X14D02100
0X741A9D00
0XB3FDB700
0X3404CE00
0X3D7C7500
0XB4E95C00
0X9916A400
0X34491101
0XF2E71100
0X69F3ED00
0XE2FF2701
0XDE330701
0X7F34C800
0X566FC800
0XF216EB00
0X5F6D2800
0X69249900
0XA9A4D400
0X517B4400
0X4D989800
0XA55F5000
0XA84F8000
0XA7554601
0XD3D2DF00
0XD347C300
0X1FAB3001
0XF4438A00
0XCAC75900
0XAEE3F100
0XCE7AB900
0X10D72401
0XC618800
0XE1723100
0X282D1900
0X1771F600
0XBC901B00
0XC6AD4F00
0X3D0AFA00
0X35111800
0X4E616A00
0XED973301
0X13F44B00
0X2EA2F100
0XE0AA7400
0XD44A2600
0X4BA6C600
0XF093A900
0X5A001E01
0XC4C05700
0X26536800
0XFA956E00
0XDEDED600
0XCB016F00
0X5795AC00
0X9FAA1600
0X74CCEB00
0XD510A100
0XE8762201
0X61BC0A00
0X261D8F00
0XC8F11C01
0XCE4E4A00
0X85651F00
0X2CB9A200
0X62681301
0XD69E9F00
0XFCC0D500
0X5707AF00
0X484A1C01
0X3686CF00
0XA20B2301
0X3566E900
0X7393BC00
0XC662401
0X684CAF00
0X926B0400
0X83F9D800
0XC7AAD100
0XFF87B900
0X91ED4601
0X2E178700
0XA28FB600
0X5070200
0X88908900
0XD4E44A00
0X31F84D00
0X405F1900
0X9329CF00
0X89820200
0XA2A40A00
0XEFCBC400
0XE6827700
0XDC4DEF00
0X1740D300
0X8EBB9700
0X1E49E900
0X8D8E2C00
0X1E94E00
0X868EAB00
0X6F8D000
0X57313B01
0XA2D84401
0X11B60100
0X9786D200
0X8C938F00
0XCE7BCF00
0X6A4B1A00
0XC8E79400
0XF7944701
0XC3F1200
0XF1D21200
0X17B21901
0XE9EE6800
0XD81A0E00
0XF7050800
0X26626600
0XC9474800
0X621E000
0X58D45700
0X3170C500
0X953F8600
0X69970600
0XCE84AC00
0XA6A51101
0X46BA0A00
0XBB88AB00
0X61644401
0X649F3301
0X7EAA8C00
0X534F1001
0XE292201
0X81108A00
0X411C2600
0X1DC3201
0X39BC0B00
0X958A8C00
0X91D9B400
0X76CC7900
0X4494401
0XEB5C500
0XC6AC3300
0X81C3CE00
0XA4E0D100
0X858F3A01
0XB91D4201
0XE165F500
0XFC930E00
0X333E100
0X1F3ACB00
0X67593100
0X5401A100
0X90B99600
0XB2604101
0X5E6A3001
0X70B84A00
0XEE993401
0XD3539800
0X745C3A00
0X50CCC700
0XD9562E01
0X7563D500
0XEF83000
0X4A3D0800
0XA4453700
0X7623A00
0X790ED300
0XD695F300
0XF15E8000
0X9F5E0200
0X6AC7C500
0X9ED4FB00
0X5BC71801
0XA24E600
0X526BDC00
0X6AC39100
0X1DC80101
0XCE027F00
0X5141BC00
0XF5D31901
0X6EA05F00
0XBFF49C00
0X5E316300
0X44656800
0X16515B00
0XFE4D6F00
0X7E6F8B00
0XD7FB9200
0XEBFD3F00
0X9023E800
0X546E2100
0XCB823E01
0X1C7D7A00
0X2E4CFC00
0X2AF21500
0XA29D3A01
0XB7B40200
0X3786C600
0X9B9A00
0X7D2D0001
0X400F6F00
0XBD00100
0X1481D800
0X63D4DE00
0XB5720500
0XD2D07F00
0X186D200
0X8EE1FA00
0X60F56400
0XF3A69E00
0X5B3C9300
0X1F97B500
0X8B5E2601
0X88D46A00
0XE22B6800
0X1A629100
0X16327200
0XD2DE1201
0X3C38F700
0XAE431201
0X923EF900
0XA1124000
0XEA97B300
0X6987E200
0X533C2B01
0XA890D100
0X81578100
0X2D7B1C00
0XE031D000
0XB819EC00
0XB30E8F00
0XE6413B00
0XD7B32E01
0XDD5F0601
0XB4C4AA00
0X63D05D00
0XB3BF0E01
0X4A9CE00
0X8FF26200
0X4CCC2501
0X514E700
0XF8D9DA00
0X77062E00
0X1A3EB00
0X35E75400
0X3D23B600
0X3F241800
0X94A80F00
0X4C209400
0X19DCCE00
0X8B6BC800
0XED213A00
0X39A1901
0X5AA3D200
0XEAEE0600
0X9EFC2E00
0X29849800
0XB4454001
0X18E4FD00
0X152E7E00
0X5AC54801
0XD40AB600
0XAEAF2A00
0XB027C300
0X40980F00
0X75FA5700
0X512FD100
0XADFE1F00
0XDC5B0A01
0X7F5B0A00
0X6FEECC00
0X1BD5ED00
0X43ECAF00
0XF8B71B01
0XA82F2B00
0X99641E00
0X2A0C1200
0XF1401201
0X34A08D00
0X16197500
0X696CB900
0XECAE7100
0XEAA6D200
0XC6550100
0X2CAE2300
0XC5EC5400
0XECF36B00
0X7C105C00
0XF370FF00
0X15C87B00
0X42980F01
0X8C61801
0XF4101B01
0X83102F01
0XFB522701
0X31093100
0X4A2AB000
0XCF2AB500
0XC10ADC00
0XC9384701
0XF43F2F01
0X9B714201
0XC0984F00
0XCCC48900
0XA9ED0100
0X79E22401
0XB381D400
0X142E4801
0XB273A700
0X59D63201
0X74F01C00
0X418FD000
0X80A5B200
0X2CB8800
0XB50D0F01
0X6D16D700
0XF3AF2D01
0XE7592900
0X83799F00
0X83F70401
0X91523601
0XD51E7500
0XC3D96A00
0XC6938E00
0X450F4500
0X7074FE00
0X30101D01
0XC827CB00
0X6B13E01
0X80724401
0X5886B800
0X632DA700
0X30363600
0X74B39000
0X2A259000
0XD646C100
0X2B162200
0X1DE24800
0X26B44901
0XBC174900
0X1AB7CA00
0XE1116E00
0XD3E8FE00
0XA2E61601
0XA1D75E00
0X1093F00
0X87206600
0XF1459200
0XCE022000
0X8E3C5000
0X46A54D00
0X63D08600
0X4CB11500
0X465F2101
0X37E61000
0X1F21BA00
0XD897D700
0X2510B01
0X86B54400
0X42C54D00
0X49D20700
0XEB590900
0XD7D0900
0X3B4DAD00
0X1507A00
0X1A0FC000
0X11599A00
0XCF22100
0XE1F14201
0XDEC64D00
0X4100B500
0XD6CDE400
0XCAF12900
0XC7615600
0X68403A00
0XB040C800
0XB82C000
0X293F9E00
0X25BC2F00
0X44060600
0XE8539800
0X3ECA8A00
0XF924AB00
0X7874EE00
0X39CDF600
0XF5B53100
0X177C9100
0XF2225F00
0X3CCD7F00
0X13502001
0X7FB3301
0X32116100
0X962C0400
0XE4EEFB00
0X73454100
0X2F5DC100
0XD3946400
0X989B5100
0XA1969C00
0X8F14E900
0XF9FBEE00
0X7B2E4400
0X19A09900
0XF9871C01
0X5588E500
0X7923B300
0X98DE5C00
0X8D9B0901
0XDE1EE700
0X8FF19200
0X1DEB4301
0XAE583900
0XDD94DB00
0X42AF3E00
0X62BDFF00
0X1354C700
0XFB80A800
0X9E546500
0XACC0001
0XB9A4800
0X2932E00
0X1E363B00
0XD870EC00
0XCDA12200
0XE0176400
0XFEF5300
0X3FA1E000
0XEF4E7800
0X541C1500
0X422FC300
0XDDAB6300
0X73E66E00
0X88A80100
0X9EF39000
0X54566100
0X6D255400
0X2E763B01
0X8E9D800
0X22EC0800
0XC0A94300
0X65231F01
0X922CD200
0X1C50C200
0XB6273701
0XFFB02601
0X58A2FA00
0X5EC8CF00
0X5CC90F01
0X8A7D4601
0X683DC400
0X34DC1800
0X3D8C4901
0X961B9B00
0X95FC5300
0X8D81BA00
0XDAC5B300
0XAC09A200
0X4BFE7600
0X1970B800
0X46999100
0X42CE1C01
0XB2DB2E01
0X397FF400
0X9BEF2300
0XB1452F00
0XA904D500
0X25B03700
0X3EA14A00
0XF7A42701
0XF597AB00
0XED29D600
0XFBE31901
0X7C685C00
0X4A22BD00
0XAFC27300
0X79B2A600
0XB32C300
0X2A95FF00
0XD63C4600
0X90C1B300
0XBA72CE00
0XEC231B01
0X6D1D7C00
0XF42A9B00
0XE53AA00
0XA96B6400
0XE5161E01
0XFCF7F700
0X1ABE2001
0X82DCF700
0XCA67FC00
0XE277C400
0XEF782000
0XE59EC100
0X86277100
0XBC933A01
0X61F92701
0X80609E00
0X4E20701
0X56AC5100
0X32F2C200
0X1F278500
0X6E703201
0X95E59A00
0X845F3801
0X41444900
0XC023ED00
0X54452801
0XEF852A01
0X13CF1300
0XD8DF3A01
0X8AC0EC00
0X75C13000
0X88AE0400
0X94720D01
0X56AA0100
0X44BEB200
0X45545900
0X96E8C300
0X11261501
0XCC390101
0X32048A00
0X2C2F7400
0X74C82F00
0X347CF900
0XAB21100
0XB6BF900
0XA015E500
0XC4FA4B00
0XFC7A8300
0X2105C900
0X8AD12400
0X2FFF4101
0X89DC3E01
0X661B3B01
0X9A4B4900
0X86FF3201
0XE1832B01
0X7917AD00
0XCC0E6100
0XF193C100
0X991D4001
0X16BE1701
0X7EF0C01
0XB3480701
0X3FA70F00
0X6DB69300
0X67CA1B00
0X5978FE00
0X2F7D6F00
0X77D58700
0X1BA5CE00
0XF3C32401
0XFB073D01
0X92BE9A00
0XFFED3800
0XF3F71000
0XF9A70201
0X6AB5EB00
0X79AD2601
0X3F259A00
0X200E0800
0X904ADC00
0XF20AA700
0XFB159500
0X4E0E1601
0X630DF500
0XF5303C00
0X2ADF1300
0XFA26C400
0XD8F61800
0X6B86D100
0XD588F600
0XCAD96200
0X20925300
0X3C680B01
0X2592BC00
0X2E8CB100
0XC9CB7200
0XF4D4E900
0XA647C800
0XA4A0DD00
0X50E93001
0X9DC92601
0X8DF14501
0XEAC4401
0X9F594A00
0X33F70400
0XF61DA400
0X662D0201
0XA6533800
0X8C573000
0X77CE3F00
0X8B6D000
0X96351101
0XD085B900
0X8D36300
0X23B37000
0XBD97700
0X6E863B01
0XE5E56400
0X78855700
0X3CEB0700
0X5E513A00
0X56865600
0X149B0001
0X4F682201
0X28EAC100
0XDA75E900
0X5FA2D900
0XE3A7C600
0XCEB7A900
0X2FDC8F00
0X75E00100
0XD2655E00
0XA4D00601
0XD9702100
0XFCCCFF00
0X6E65AB00
0XF6B59A00
0XAEB4CB00
0X3016F000
0X75FE200
0XCDFD5B00
0X53D38B00
0X55EB3201
0XF4B79100
0XCCD22500
0X3DF09B00
0X5858E400
0X3395A700
0X2DF4B00
0X22B33900
0X64918100
0XFEF8400
0X2EC27000
0X67B5D500
0XF197F600
0X4643D000
0X78564500
0XBE432200
0X80BBD200
0X61CD6500
0XA0C71401
0X83853B00
0XE1E7D800
0X65C7EA00
0X1EE3D00
0X35507200
0XF1640A00
0XF7149800
0X1552AE00
0XBD990F01
0X1E6F2701
0XC0D16F00
0XBD1BBF00
0X7A72BF00
0X7839F600
0X14CAF800
0XAE76D00
0X20E36E00
0X8295FC00
0XEBF92500
0X811D0500
0X2B0D3200
0XE0C87A00
0XAC047000
0XCB4A0E00
0X6F3DC700
0XADEF3701
0X3C1B3100
0XF0247500
0XB6892F00
0XF60E6600
0X37727800
0X36454301
0XCE488A00
0X6FE31701
0X49782000
0X7B37FD00
0XEF234800
0XF3C95300
0X9FCEFD00
0X4B8B9100
0X61434C00
0X278F4301
0X4E918600
0XC905C00
0XA4BF1100
0X5A1F1001
0XBD9BFB00
0XF8C72901
0XE6194801
0X3B5C6200
0X61BF2001
0X44FA6F00
0X95C1AC00
0XDFAF6000
0X74BAE200
0XAC080B01
0X34E36800
0X9A7CDC00
0X9BFCC000
0X91AC8400
0XBE952301
0X7F02200
0X5EC87E00
0XC78AA900
0XE7FCAE00
0X92D87600
0XEFD23400
0X13DBF100
0X2EC1D500
0XA2DE4501
0X1BC32500
0X2D191B00
0XEC124901
0XA8BADE00
0X29260301
0XDCA3800
0X9B833E01
0XA0741300
0X30D74601
0X1E6A0101
0XF0533C00
0X4D9F5100
0X13577700
0X83791701
0X9D9B8F00
0XF2770800
0XA1839600
0XEE982900
0XFA283500
0XA6BB5F00
0X46549400
0X5DF3B500
0X6119DD00
0XE227900
0X9641B800
0X5A532900
0XC8C6C400
0X8F522701
0X2DDFF700
0X1A33E500
0X6A4CDB00
0XA9C00900
0XC9065400
0X443B0200
0X20993C00
0X33A60501
0X61337100
0XF5521801
0XBFD5A700
0X66F0A900
0X19D11601
0X946E5500
0X73F1DF00
0X85DE0901
0XA0584800
0X71F6D100
0XFCE4F500
0XE39AB100
0X29EF1900
0XF484A600
0XFAA02A01
0X13A0B00
0X19B2BC00
0X88057600
0X5C8AB100
0XC61BBA00
0XD54B8800
0XDDF0CF00
0X12792600
0XCFD2D900
0X4E4FBE00
0XB311700
0X7BE16500
0X16A46100
0XB31D2600
0X47933200
0X8DE44701
0XCF1B7500
0X63E0DA00
0X7341D400
0X9A90E100
0XB47CC800
0X370FCC00
0X9C84D500
0X95369300
0XB1E53E00
0XF34D2001
0XE4861D01
0X6EC93000
0X2E973001
0X66BA7D00
0XE42B1300
0X66630D01
0X395A5100
0X28DE0401
0X6912D000
0X995A9700
0X494D2801
0XF0FC9A00
0X62C9CC00
0X5E5A7D00
0X8C8EEB00
0XE3D9F100
0XF94E1801
0X21ED3501
0XEA0FF00
0X22D93901
0X5C4D7E00
0XD2C0E300
0X59C51500
0XEC5DD400
0X2DC98000
0X89062101
0XBFF98F00
0X63400F01
0X46246200
0XD2768900
0X85793101
0XFC1A2D01
0XAAA47200
0XDB19E400
0XFA10B500
0X6F279F00
0XED2D4000
0X68185C00
0X6923AB00
0XAE195400
0X42871400
0XF611A700
0X5357A000
0XB684E500
0X43971F00
0XE76A2401
0X170E00
0X14E75600
0X164E4001
0XD9EE2001
0X470CFE00
0X84E3E900
0X8FE2DD00
0X97584F00
0X9600A200
0X11C63900
0X15041B00
0X41395C00
0X423D4701
0X64713C00
0XA6697D00
0XDE658C00
0XE2B9A200
0X969B4600
0X1C2DB000
0X557E4501
0X45582800
0X90FB3201
0X6D951201
0X1D674C00
0XF6ABB100
0X9036BC00
0XB7C98A00
0X5F86AB00
0XDF512501
0X6F872101
0X7E694300
0XAB8C7A00
0XA9C6B400
0X4EAAA600
0X88EF1201
0XAB123900
0X563E1901
0X75818B00
0X93B6D500
0X1964700
0X6C384F00
0X134C2300
0X44194200
0XE84A7B00
0X5A238400
0XB4402E01
0X2F275F00
0X5B26E00
0X10FC2001
0X6D6DD200
0X13580400
0XBCBB5900
0X9A573500
0XF6642400
0XA112FC00
0X79672500
0XAF9D8E00
0XF8E6F300
0XE3426F00
0XB7D54100
0XCC195F00
0X305C3200
0XC1527400
0X30C5CA00
0X9BA84001
0X72C3EA00
0XA1BEF100
0XF392A000
0XE5CD7300
0XFB564400
0X9073BD00
0X6D381700
0XB31BB00
0X1A976800
0XE945F600
0X320C0500
0X4BE2F000
0X854A9700
0XCC8F1201
0X4AB7CD00
0X610F5D00
0XB2171C00
0X58D6D400
0X72E45200
0X5B2F1D01
0XCBF93301
0X11354500
0XB2619000
0XB6E3F400
0XE88ED00
0X4C1F400
0X5D572500
0X923E1C00
0XDCE09300
0X3EC83201
0X3CDC1C00
0X5A45F900
0X1DA0C100
0X55EE8400
0XF0ABE300
0X13823C00
0X45E00801
0X28304501
0X15A5DC00
0XDCF91400
0XAF6B3701
0XBAD6E800
0X880C1701
0X166B7800
0X6E06F700
0X36D17E00
0X339F4101
0X34A32B01
0XA1D7EB00
0X5E122F01
0X19024300
0XE1D1A700
0X4E6E2100
0XDDE1F700
0XD0AE0C00
0X618EA500
0XEF5C6100
0X46FBF500
0XDF91D000
0XE29900
0X321C9800
0XE3454501
0X2E502700
0XE51A8000
0XAC69D900
0XE0125600
0X2E422F00
0X2F5C1200
0XDCE32E00
0X36359100
0X257B9E00
0X92332100
0X4B7D4201
0X96EA3D00
0XB50F3001
0X11234B00
0X91747800
0X9BF61700
0X50294801
0XD8B66E00
0XD96DFD00
0X32004400
0XFAB27A00
0X861AAF00
0X24C6EF00
0X6456BF00
0XCD7D700
0X480A1401
0X843F7800
0X8E1D3E00
0X2D712501
0XFFE41200
0X499E7400
0X14C34200
0XB229C700
0XD4713C01
0X8B86C100
0XA2F19600
0X724DE900
0X8DF3A000
0X88F4F00
0X3432F01
0X58BFFC00
0X6AA25A00
0X39979000
0X87CE2100
0X9EA0AF00
0XC0CF2D01
0X301E1201
0XC8D70B01
0XCF192D00
0X53664900
0XFE1DF800
0X7DB6100
0X2FC0E600
0X1C5400
0XE992CA00
0XB181C200
0XCAA0DA00
0X48131A00
0XDD87C800
0XEE836500
0XB468E400
0X56123B01
0X1210B600
0X26968B00
0X52E1F600
0X37BAFF00
0XED0CC100
0XE9E93D01
0X8EE8D300
0XF7CE2B01
0X31F57800
0XC235A700
0XCF271F00
0XDE761801
0XE28C9100
0X8F102000
0X4C831E00
0X9DF7CD00
0XC6B50F00
0X5553F400
0X17EC0100
0XC5B3B600
0XBE031100
0XDA0ADC00
0X9136500
0X41C31200
0XED4EA600
0XB10D7300
0XEBDE7100
0XE3504901
0XE19C0601
0X2A3ACF00
0XB9B72201
0X22573401
0X4FDA4A00
0XBF90B01
0X61DEEE00
0X13010500
0X3D397500
0X6F32FA00
0XD3C26C00
0X50801E01
0X39EF3700
0XE1964B00
0X2ABD1A01
0X3CE85000
0X37B34200
0X5A951801
0X27DB0C01
0X5A82AA00
0X64FEA300
0X2CA90C00
0X825D0A00
0X91801E01
0XD6976300
0XEEB42D00
0X970E2A01
0X41512401
0X1C832600
0X111EE400
0X496B5900
0X3CFF4D00
0XFE0ACC00
0XB4E3D400
0X15322500
0X1007F400
0X11CACE00
0XB51C3500
0X8F9CCD00
0XDFDFCF00
0X377E7B00
0X38821900
0X60BE5800
0X5FCF5F00
0X81908700
0XD0B72D00
0X8BC47E00
0XE6B80F01
0XB8990B01
0XCC2A1400
0X125C1A01
0X9C05D800
0X927EB000
0X9AA81101
0X7E52A500
0XB5F3F900
0XA8DCC400
0X28370400
0X4CBFD000
0X60251D00
0X7D362C01
0X29D91401
0XCA2801
0X3567DB00
0X26C7A000
0X97C31E00
0X51755200
0X8D57AD00
0XCB642600
0X1AB62600
0X336ACC00
0X82960D00
0XCAF84A00
0X48FB3C00
0X22042F00
0X2B7C8A00
0XD536FE00
0X2BDAF400
0XFF09600
0X6E03500
0X6C3CF900
0XB0551A00
0X88B71800
0X4F581200
0X70E1401
0XB5B1CB00
0XB2CCE700
0X6DAE0401
0X35912F00
0X698A7500
0X682A2F00
0XE892CA00
0X72A9AE00
0X2E77B000
0X6AF5ED00
0X17F1B000
0X41043B00
0X33A3C700
0X41540901
0XEACC6800
0X888E2501
0X7B91B01
0X1B54E900
0X9EE3E400
0XA20C9200
0X90C50C01
0XD20C8D00
0X4A837300
0X77A4E200
0X53D61A00
0XE8084601
0X854E1A01
0X2293B700
0X46DF9A00
0XFD346E00
0XCDE01101
0XA021FC00
0XB0711601
0X36A51101
0X79611F01
0XED428100
0XEC129800
0X57C67D00
0X6A26FB00
0XBAD74101
0X4AD70100
0X1839A900
0XA4CDE400
0XE6519900
0X145FC800
0XE9774F00
0XA1933600
0XF2D13501
0X24232E00
0X879D5A00
0X6ECF2701
0X9D4D7B00
0XF31F7E00
0XB697CA00
0X77480700
0XE3A43E00
0X68497400
0XF6092200
0XE2BA1400
0X89CD7900
0XEB275F00
0XC6FF1200
0X2CCA1300
0X31424200
0XA6602601
0X7F1BFF00
0X9ADE6E00
0X64A0001
0XD13E3401
0X5D63101
0X9B7B8D00
0XAFF29D00
0XBA793801
0XEC57ED00
0X57359000
0X778C6300
0X368BF200
0X6C7D2401
0X63451A00
0X73AA1501
0X47750F01
0X9BC82E01
0XFD6F8900
0XBF414000
0X98B19000
0X2F939600
0XAD017E00
0XF9D94B00
0XBF5C0A01
0X95BCE000
0X85F90C00
0XF6087600
0X750B6900
0XE0588100
0XCEAFE200
0X8D233901
0XEC6E9500
0X738BA200
0X483DBD00
0X9D8F1301
0X58E52A01
0XA4958000
0X21930100
0X28994600
0XF56D1701
0XBEDC8900
0XEC1F8D00
0XF14DB00
0X5F623A00
0X808EE00
0XB6659600
0X4189A00
0X93C40700
0X785C4900
0X4BA4B400
0X59AB7A00
0XD2DBD300
0X76D41D01
0XA2DCFB00
0X77CD8F00
0XD2198100
0XA0042300
0X4F394001
0X3B825300
0X7FDC2401
0XA4721700
0X39E73400
0XD920B700
0X1DA80A00
0XD35DA100
0X93691801
0XC3FF4F00
0X24406700
0XCE015100
0X23113501
0XA3DF8E00
0X79352D01
0XD5D64200
0XD31F7300
0XD9D40600
0X42730900
0XA639ED00
0X9A771100
0XB6541C00
0XDF564A00
0X8A2DBD00
0X63446E00
0XFDAE1F00
0X9E001701
0X75046800
0XBA476500
0X7FE6C100
0XDAFAF000
0XD16F2D00
0XCA759200
0XB7E00701
0X5DA88A00
0XEF5CF800
0XB1086C00
0X50FBFF00
0X85F55400
0X1C4B2001
0XF26BD000
0X9550E300
0X7DEA1F01
0XF3654600
0XDFD73200
0XCD0E0101
0X5D975E00
0XA7C42500
0XE8C19700
0XFD049100
0XA3B4AA00
0XC807F500
0X345A8600
0X352CDE00
0X68D1100
0X99E42301
0X5C2B0900
0XF5AE6700
0X497AF300
0X3B381500
0X436CEA00
0XB1EFEC00
0X18163C00
0X14835600
0XF250A900
0X53D03900
0XCD80801
0X6C302D00
0X45370400
0X8AD83400
0X2C1A2101
0X8B70BD00
0X5D2BFC00
0X2F743300
0XB4CD1C00
0XD737800
0X41B64600
0XEBF00300
0XAA558A00
0X9F81B700
0XA9630B01
0XF63BF100
0X968E1A01
0XC68E1E01
0XDB311700
0X1A3F4601
0XA561F100
0X9E95FE00
0XB053F600
0XCD0FB100
0X9331EF00
0XBB590400
0X6810C00
0X49BD3F00
0XD8DE3500
0X4AC82D01
0X7C3AA700
0X6967C900
0XA61E700
0X95534301
0XCA824201
0XF1663100
0X618D2100
0X5DE96200
0XD936BA00
0X20903701
0X74284301
0X4E65200
0X805EC100
0X166E300
0X572EDD00
0X703A0500
0X53A52701
0XAAF83B00
0X9B205400
0X567C4301
0X23AD1C01
0X5BD36700
0X38513F00
0XE05DAD00
0XB7BA9200
0X6D420A00
0XC4288100
0X81739D00
0XF38F00
0X71C01C01
0X84EFB000
0X136EBC00
0X60E14701
0X73513900
0X9A841B01
0XE19AC700
0XEADB6600
0X1E4E9100
0XDE4ABF00
0XB8FCD900
0X94AECF00
0X38A5B700
0XEC576400
0XC3ED2900
0XA5160300
0XA07B9E00
0X1E373D00
0XAEED1200
0X7F2D1E01
0X22F7E900
0X71002700
0X65D41A01
0XB6E83501
0X8BAE3C00
0X261B1100
0X21673F00
0X30168A00
0X29033A00
0XDE98B000
0X5C403801
0X358AFA00
0XE965CE00
0X65421D01
0X71C2E700
0X9CA08600
0X60BA8600
0XAD505500
0XD0D8800
0X702D1201
0X75931500
0X8EAAE800
0X34579600
0XD5F9C600
0XEC6FC400
0XC1CD7300
0XEB076500
0X6E7B0300
0X74631500
0X3A47AA00
0X1F8B3E01
0X58571701
0X153B6E00
0XB92C900
0XE647F000
0XFFBFF500
0X2867E000
0X65D1D000
0XD5320B01
0X4D362800
0X781DDC00
0XB1843D00
0XC0D82C00
0X49012B01
0X8A56D100
0X8BBE2901
0XAB480100
0XDBAEE400
0X84E1C600
0X3099ED00
0X4EA8C600
0XF32A4900
0X1976FF00
0X460C4B00
0X99A0801
0X934C0100
0X46F5DA00
0X8FDA5300
0XCA787100
0XD22C1301
0X435FF600
0XB2EB3B00
0XBBB27400
0XF807DA00
0XC759BC00
0X3E92000
0X1F4F8C00
0XDED30400
0X7FFA2C00
0X7B4E3C01
0X7D85F000
0X3350001
0XE0699400
0XC0D65F00
0XF80F3600
0XCC5A2201
0XCED1BB00
0XF4A1B500
0X54EF3F01
0X6AFDE400
0X15857200
0X18A5CA00
0XF2E58600
0X4D167200
0XF5EA2D01
0X2B60F500
0X3FE11700
0XCE2E2300
0XA440B01
0X52FBEE00
0XB9CA1A00
0X988C8C00
0X9B585F00
0XB524201
0X12237C00
0XC631A000
0XFF1D1301
0XD11C9D00
0X81A76E00
0X876DB000
0X6B6F9D00
0XD6C04601
0X5CB4B700
0X12DFD400
0XBC5F4701
0X53BF1001
0X1C0DFF00
0X599F9F00
0X4EFC1400
0X458B3001
0XCEC68F00
0X52532500
0X44375E00
0X68C7D600
0XBDA7A000
0X2BBA2B00
0XC851FF00
0X6E9C0200
0XB69F600
0XA5451101
0XC4070900
0X50206900
0XDCDB4300
0X354B8800
0XC1832101
0XE4F86300
0X68DCA000
0XDD639C00
0XB7FF2D01
0X3A2AE000
0XCD3C0F00
0XFDB41E00
0X72FA4600
0XCC818F00
0XFE8D4700
0X48107600
0XBCF01200
0XE952FC00
0X9A027500
0XA22B1D00
0X189F4001
0XEE8DC200
0X80320E00
0XCD042501
0X84345F00
0X6FC33F01
0X54552E00
0X3CDDD200
0X4EAAA100
0XE6685000
0X62CEB00
0X91811001
0XCEFFF000
0XE5ADA700
0XC265A700
0X1A4F3400
0XF9E40201
0X27692F00
0X59A7FD00
0XD766E300
0XEAE26F00
0X3EA96200
0XABEBBB00
0X1C1E7F00
0X774E2101
0XD1117100
0XE8A42801
0X80011901
0X69398F00
0X74972A00
0X6FC91800
0XDFFE0200
0XDCE5D700
0X693DD900
0X95F21A01
0XDEC59000
0XD0ED5A00
0X17236900
0XB1162900
0X5B0C2C01
0X8FA33500
0X354B1801
0X97054501
0XD096DD00
0X3D4A3F01
0X45074900
0X37017800
0X9698E900
0X13683201
0XE43E1300
0X5777BD00
0X9ED32D01
0X98F74801
0XCBE7DB00
0XC094F700
0XD9F5DD00
0X43A20600
0X6C60D900
0X55B60300
0XBC6E3801
0X871E1700
0XDD9F5F00
0XD2A34300
0XDA127700
0X779F3700
0X262DE800
0XB49B3800
0X64C21700
0X5807D700
0XE39F1600
0X52AD2301
0XE2C19900
0X75520600
0X7E71B01
0X47C3AD00
0XBEE3A100
0XAFEF6700
0XE3A02801
0XE81F8A00
0X3247D800
0XA25C4301
0X520C3F00
0X76E53001
0X85FA7B00
0X256CB700
0XD9413500
0X4F530400
0X1A4A4601
0XB2F42B01
0XBBFC3C00
0X9B238A00
0X6DD9CB00
0XC16C6500
0XFDF33A00
0XD3ED1401
0XBB4F2001
0X62A7D400
0XBDF2CD00
0X58F7A500
0X171D5700
0X916B1000
0XD23E6000
0X3D911200
0X2FC81B01
0X9ADD3900
0X75B52300
0X28812701
0X91102D00
0X83242E00
0X1B15500
0X29067600
0X684D2800
0X83404F00
0X2CBB7500
0X225E3F01
0X3E5E2201
0X70067900
0X55F51101
0XBDF20901
0X9D5D0200
0XD6D9E300
0XA29D3C00
0XBB193600
0X9C0A9A00
0X51C8D600
0XE5D35700
0X20553400
0X81AA1501
0X33F90600
0X94BFD700
0X64881701
0XFB48E400
0X8BA98200
0XD1023300
0XA0DBC700
0XCF1DE300
0X147B2C00
0X461D1500
0XEB1C4200
0XAFB69300
0XBA0C5800
0XC78E2101
0X96251801
0XB043D600
0X9A421101
0X32D66100
0XE9987C00
0X9EFD3901
0XE4E14500
0X9EDB3C01
0X4B49A700
0X16FE0C01
0X84C0E01
0XBA99A300
0X498FBD00
0XF7191E01
0X17252A00
0XA9D2C200
0XDEFF4400
0XBE552C01
0X5EAC3901
0XA7D61100
0X5D172600
0XF7B0A000
0XA5748800
0X3709DC00
0XE6EFEF00
0XB23D1C00
0X952BF800
0X53405C00
0X29E3F500
0X29E96300
0X69D8CF00
0XD3C7600
0XEC9CF400
0X17970C01
0X15C46E00
0X1422AA00
0XB14D300
0X1FF27400
0X4872501
0X8BA34400
0X9CC8CF00
0X9E691400
0X48763000
0X4E8A0A00
0XFB482001
0XD95B2901
0X90BFBF00
0XB10DF400
0XB8F8B800
0X74F4B300
0X71691A01
0X36136000
0X5A56A400
0X13364600
0X6A77FB00
0X9E747700
0XACF4D00
0X63393500
0X5432BC00
0X375B6000
0X8D24100
0X99ED3301
0X75F84600
0X22604300
0XAC253D00
0XFB0F9800
0XD748F900
0X3A44FB00
0XE255AF00
0XB4FCA00
0XA70A3A01
0XC7591A01
0XB9CE0600
0XD308F500
0X135A8C00
0XBEAD1100
0XAF3A7000
0X57EA7D00
0X440C0601
0X16E01001
0X2ACAA600
0XE31D0400
0XA493ED00
0XB4EE4100
0XC1CB9300
0X33C56F00
0XBC311C01
0XD866AE00
0XAD1F1100
0X809B4101
0X9535C00
0XA7DA9D00
0XD30B0301
0XCD2BC500
0X82D10200
0XB27E600
0X32BD1701
0X2F623701
0XAAB01701
0X398800
0X2133000
0X5FC70E01
0XCFB74400
0XB5F53801
0XD535C400
0XA90F0000
0X7C445900
0X8F99F900
0X9280401
0XACC9E900
0XEF390700
0XBC301A01
0X28797900
0X479EF500
0X15DD0301
0X24B43D00
0XF5594600
0XC0090500
0X69E0F900
0X81AC1701
0X472AC600
0XFEE14A00
0X8D24EA00
0X6B06B800
0X1FC6D00
0X309C00
0XF34D1700
0XF5EE8B00
0X5137F200
0X107FF000
0X953C4400
0X88248300
0XB585B000
0X44D37D00
0X14CDE000
0XD44EE200
0X1DB20901
0XF7E9FE00
0XE704C800
0X17BC9300
0XB7801600
0X2C982200
0XD88AF400
0XAA27100
0X90613A01
0X566E8C00
0X7F612400
0X8C6D0D00
0XC09A0B01
0X66690F01
0X16CD9F00
0X72B31201
0XC5813D00
0X29040000
0XC15A0C01
0XC7D2F01
0XD1A22400
0X6DFDD600
0XB3F9CA00
0XD5052800
0XBE0D3301
0X8FA11701
0X3E620700
0XF8A81300
0X168DA500
0X7061CE00
0X7AB6900
0XEDF14501
0X33D11400
0X408E2100
0X104E7E00
0X7BC9100
0XE1508700
0X51246600
0XCA2B0101
0X1B92A300
0X2FA3A000
0X83827800
0XE3F0C700
0XB4D92B01
0X80CE7700
0X67E00900
0X3EA0CA00
0XF3192D01
0XFAB15000
0X2BD57B00
0XC2A24500
0X8C81B000
0X8BC4BB00
0X109CFB00
0X2ACBD00
0XB0B43200
0X43F03300
0X11FF9F00
0X62FAAA00
0X302B4900
0XED351B00
0XE0E1E000
0XFC601601
0X20006C00
0X4EC32200
0X9BBB2800
0X61E84201
0X7F0CEA00
0X561B9100
0XE110E00
0X90628B00
0X7DA92101
0X67244900
0XA6C86800
0XDDD98E00
0X576CF600
0X890C0F00
0X76CE900
0X5E83FA00
0X562D2901
0X51014D00
0X54942400
0X7430D01
0XEAB72900
0XADBE8800
0X84750301
0X612D8A00
0X2B816300
0X462EAE00
0X5F994B00
0XC3CB5D00
0XD89D3101
0XF8750501
0X9900B800
0X2D5C8800
0X570D0A01
0X8F6DAC00
0XC3F05B00
0X66160901
0XE5124F00
0XE441100
0XC7DF2A01
0X9CFE9B00
0XEBA04200
0XA4BE3A01
0X4E456E00
0X245D6700
0XE4FB5200
0X33C26C00
0XB38B1101
0X26A82300
0X44D09400
0XBCC7EF00
0X1419CC00
0XE8754601
0XA2ED4001
0XE1EA1D01
0X11A9EC00
0X7B8D2D01
0XD3996900
0X42DAE800
0X3667DF00
0X39DE3B00
0XF7814500
0X5391FA00
0XC110A400
0X84331C00
0XD66FDB00
0X82B82A01
0X8E18CF00
0XC7FE4900
0XCF67FD00
0XAAA12A01
0X7870AB00
0X48E91701
0X936D6C00
0XC1E1D200
0X1BA2CA00
0X4F453900
0X5F791A00
0X5F189C00
0X7D313700
0X10B4101
0X9BEEE600
0X38F12700
0X87471301
0X1BD64100
0XE45C3900
0XBAD6BB00
0X93BA9100
0X7F6E3601
0X87100A01
0X50AF7800
0X927C9F00
0XAB84B000
0XE1287C00
0X8E01EF00
0XA57C5600
0XA05B9200
0XE2AD9600
0XC9115200
0X5639D600
0X6B8F7200
0XAEF5E700
0XEB8CC700
0X608C7000
0XA37AB400
0X43574400
0XD57BFE00
0X5508DA00
0XE10B6E00
0XC6485300
0XC163B300
0X1C141301
0X7DCD1701
0XC5A8B100
0X3DA8E800
0XA63B9F00
0XBE901D00
0XD4953101
0XA53A6200
0XA9222D01
0X1C991F00
0XEEFD9800
0X18F6E200
0X493A8A00
0X7FB88400
0X18258B00
0XD6374501
0X66C09B00
0XEB8C700
0X1C657C00
0X7A463800
0X76E3EC00
0X9EB31201
0X112B1001
0X1BEE0E01
0X52155900
0XAF611F00
0XE1B00101
0XE4CC5E00
0XE0CA4701
0X182D8500
0X6E1A2C01
0XB2AE2300
0XB825E300
0XC6AC5600
0X3CE7AF00
0X1EFBD100
0XEF274901
0XACCCDD00
0XE8C54F00
0XE6EB3800
0XD411AB00
0X3C733400
0X293B6F00
0X3AA0B600
0X85DD2301
0X96FF0400
0XA2523D00
0XEA1F3601
0X8B552900
0X766B4900
0X6FBB6200
0X47501200
0XCDF23B01
0X4B021B00
0X54CC1001
0X7D600000